This file contains any messages produced by compilers while
running configure, to aid debugging if configure makes a mistake.

It was created by SRxCryptoAPI configure 0.3.0.6, which was
generated by GNU Autoconf 2.71.  Invocation command line was

  $ ./configure --prefix=/home/nils/Dokumente/ASPA+/NIST-BGP-SRx/local-6.3.3 'CFLAGS=-O0 -g'

## --------- ##
## Platform. ##
## --------- ##

hostname = nils
uname -m = x86_64
uname -r = 6.11.0-24-generic
uname -s = Linux
uname -v = #24~24.04.1-Ubuntu SMP PREEMPT_DYNAMIC Tue Mar 25 20:14:34 UTC 2

/usr/bin/uname -p = x86_64
/bin/uname -X     = unknown

/bin/arch              = x86_64
/usr/bin/arch -k       = unknown
/usr/convex/getsysinfo = unknown
/usr/bin/hostinfo      = unknown
/bin/machine           = unknown
/usr/bin/oslevel       = unknown
/bin/universe          = unknown

PATH: /home/nils/.local/bin/
PATH: /home/nils/Downloads/pycharm-2024.1.3/bin/
PATH: /home/nils/.cargo/bin/
PATH: /home/nils/.local/bin/
PATH: /home/nils/Downloads/pycharm-2024.1.3/bin/
PATH: /home/nils/.cargo/bin/
PATH: /usr/local/sbin/
PATH: /usr/local/bin/
PATH: /usr/sbin/
PATH: /usr/bin/
PATH: /sbin/
PATH: /bin/
PATH: /usr/games/
PATH: /usr/local/games/
PATH: /snap/bin/
PATH: /snap/bin/


## ----------- ##
## Core tests. ##
## ----------- ##

configure:2491: looking for aux files: config.guess config.sub ltmain.sh compile ar-lib missing install-sh
configure:2504:  trying ./
configure:2533:   ./config.guess found
configure:2533:   ./config.sub found
configure:2533:   ./ltmain.sh found
configure:2533:   ./compile found
configure:2533:   ./ar-lib found
configure:2533:   ./missing found
configure:2515:   ./install-sh found
configure:2663: checking for a BSD-compatible install
configure:2736: result: /usr/bin/install -c
configure:2747: checking whether build environment is sane
configure:2802: result: yes
configure:2961: checking for a race-free mkdir -p
configure:3005: result: /usr/bin/mkdir -p
configure:3012: checking for gawk
configure:3047: result: no
configure:3012: checking for mawk
configure:3033: found /usr/bin/mawk
configure:3044: result: mawk
configure:3055: checking whether make sets $(MAKE)
configure:3078: result: yes
configure:3108: checking whether make supports nested variables
configure:3126: result: yes
configure:3263: checking Linux distribution checking
configure:3271: result: ubuntu
configure:3287: checking whether make supports the include directive
configure:3302: make -f confmf.GNU && cat confinc.out
this is the am__doit target
configure:3305: $? = 0
configure:3324: result: yes (GNU style)
configure:3400: checking for gcc
configure:3421: found /usr/bin/gcc
configure:3432: result: gcc
configure:3785: checking for C compiler version
configure:3794: gcc --version >&5
gcc (Ubuntu 13.3.0-6ubuntu2~24.04) 13.3.0
Copyright (C) 2023 Free Software Foundation, Inc.
This is free software; see the source for copying conditions.  There is NO
warranty; not even for MERCHANTABILITY or FITNESS FOR A PARTICULAR PURPOSE.

configure:3805: $? = 0
configure:3794: gcc -v >&5
Using built-in specs.
COLLECT_GCC=gcc
COLLECT_LTO_WRAPPER=/usr/libexec/gcc/x86_64-linux-gnu/13/lto-wrapper
OFFLOAD_TARGET_NAMES=nvptx-none:amdgcn-amdhsa
OFFLOAD_TARGET_DEFAULT=1
Target: x86_64-linux-gnu
Configured with: ../src/configure -v --with-pkgversion='Ubuntu 13.3.0-6ubuntu2~24.04' --with-bugurl=file:///usr/share/doc/gcc-13/README.Bugs --enable-languages=c,ada,c++,go,d,fortran,objc,obj-c++,m2 --prefix=/usr --with-gcc-major-version-only --program-suffix=-13 --program-prefix=x86_64-linux-gnu- --enable-shared --enable-linker-build-id --libexecdir=/usr/libexec --without-included-gettext --enable-threads=posix --libdir=/usr/lib --enable-nls --enable-bootstrap --enable-clocale=gnu --enable-libstdcxx-debug --enable-libstdcxx-time=yes --with-default-libstdcxx-abi=new --enable-libstdcxx-backtrace --enable-gnu-unique-object --disable-vtable-verify --enable-plugin --enable-default-pie --with-system-zlib --enable-libphobos-checking=release --with-target-system-zlib=auto --enable-objc-gc=auto --enable-multiarch --disable-werror --enable-cet --with-arch-32=i686 --with-abi=m64 --with-multilib-list=m32,m64,mx32 --enable-multilib --with-tune=generic --enable-offload-targets=nvptx-none=/build/gcc-13-fG75Ri/gcc-13-13.3.0/debian/tmp-nvptx/usr,amdgcn-amdhsa=/build/gcc-13-fG75Ri/gcc-13-13.3.0/debian/tmp-gcn/usr --enable-offload-defaulted --without-cuda-driver --enable-checking=release --build=x86_64-linux-gnu --host=x86_64-linux-gnu --target=x86_64-linux-gnu --with-build-config=bootstrap-lto-lean --enable-link-serialization=2
Thread model: posix
Supported LTO compression algorithms: zlib zstd
gcc version 13.3.0 (Ubuntu 13.3.0-6ubuntu2~24.04) 
... rest of stderr output deleted ...
configure:3805: $? = 0
configure:3794: gcc -V >&5
gcc: error: unrecognized command-line option '-V'
gcc: fatal error: no input files
compilation terminated.
configure:3805: $? = 1
configure:3794: gcc -qversion >&5
gcc: error: unrecognized command-line option '-qversion'; did you mean '--version'?
gcc: fatal error: no input files
compilation terminated.
configure:3805: $? = 1
configure:3794: gcc -version >&5
gcc: error: unrecognized command-line option '-version'
gcc: fatal error: no input files
compilation terminated.
configure:3805: $? = 1
configure:3825: checking whether the C compiler works
configure:3847: gcc -O0 -g   conftest.c  >&5
configure:3851: $? = 0
configure:3901: result: yes
configure:3904: checking for C compiler default output file name
configure:3906: result: a.out
configure:3912: checking for suffix of executables
configure:3919: gcc -o conftest -O0 -g   conftest.c  >&5
configure:3923: $? = 0
configure:3946: result: 
configure:3968: checking whether we are cross compiling
configure:3976: gcc -o conftest -O0 -g   conftest.c  >&5
configure:3980: $? = 0
configure:3987: ./conftest
configure:3991: $? = 0
configure:4006: result: no
configure:4011: checking for suffix of object files
configure:4034: gcc -c -O0 -g  conftest.c >&5
configure:4038: $? = 0
configure:4060: result: o
configure:4064: checking whether the compiler supports GNU C
configure:4084: gcc -c -O0 -g  conftest.c >&5
configure:4084: $? = 0
configure:4094: result: yes
configure:4105: checking whether gcc accepts -g
configure:4126: gcc -c -g  conftest.c >&5
configure:4126: $? = 0
configure:4170: result: yes
configure:4190: checking for gcc option to enable C11 features
configure:4205: gcc  -c -O0 -g  conftest.c >&5
configure:4205: $? = 0
configure:4223: result: none needed
configure:4339: checking whether gcc understands -c and -o together
configure:4362: gcc -c conftest.c -o conftest2.o
configure:4365: $? = 0
configure:4362: gcc -c conftest.c -o conftest2.o
configure:4365: $? = 0
configure:4377: result: yes
configure:4396: checking dependency style of gcc
configure:4508: result: gcc3
configure:4579: checking for ar
configure:4600: found /usr/bin/ar
configure:4611: result: ar
configure:4637: checking the archiver (ar) interface
configure:4654: gcc -c -O0 -g  conftest.c >&5
configure:4654: $? = 0
configure:4657: ar cru libconftest.a conftest.o >&5
ar: `u' modifier ignored since `D' is the default (see `U')
configure:4660: $? = 0
configure:4688: result: ar
configure:4748: checking build system type
configure:4763: result: x86_64-pc-linux-gnu
configure:4783: checking host system type
configure:4797: result: x86_64-pc-linux-gnu
configure:4838: checking how to print strings
configure:4865: result: printf
configure:4886: checking for a sed that does not truncate output
configure:4956: result: /usr/bin/sed
configure:4974: checking for grep that handles long lines and -e
configure:5038: result: /usr/bin/grep
configure:5043: checking for egrep
configure:5111: result: /usr/bin/grep -E
configure:5116: checking for fgrep
configure:5184: result: /usr/bin/grep -F
configure:5220: checking for ld used by gcc
configure:5288: result: /usr/bin/ld
configure:5295: checking if the linker (/usr/bin/ld) is GNU ld
configure:5311: result: yes
configure:5323: checking for BSD- or MS-compatible name lister (nm)
configure:5378: result: /usr/bin/nm -B
configure:5518: checking the name lister (/usr/bin/nm -B) interface
configure:5526: gcc -c -O0 -g  conftest.c >&5
configure:5529: /usr/bin/nm -B "conftest.o"
configure:5532: output
0000000000000000 B some_variable
configure:5539: result: BSD nm
configure:5542: checking whether ln -s works
configure:5546: result: yes
configure:5554: checking the maximum length of command line arguments
configure:5686: result: 1572864
configure:5734: checking how to convert x86_64-pc-linux-gnu file names to x86_64-pc-linux-gnu format
configure:5775: result: func_convert_file_noop
configure:5782: checking how to convert x86_64-pc-linux-gnu file names to toolchain format
configure:5803: result: func_convert_file_noop
configure:5810: checking for /usr/bin/ld option to reload object files
configure:5818: result: -r
configure:5897: checking for file
configure:5918: found /usr/bin/file
configure:5929: result: file
configure:6005: checking for objdump
configure:6026: found /usr/bin/objdump
configure:6037: result: objdump
configure:6069: checking how to recognize dependent libraries
configure:6270: result: pass_all
configure:6360: checking for dlltool
configure:6395: result: no
configure:6425: checking how to associate runtime and link libraries
configure:6453: result: printf %s\n
configure:6603: checking for archiver @FILE support
configure:6621: gcc -c -O0 -g  conftest.c >&5
configure:6621: $? = 0
configure:6625: ar cr libconftest.a @conftest.lst >&5
configure:6628: $? = 0
configure:6633: ar cr libconftest.a @conftest.lst >&5
ar: conftest.o: No such file or directory
configure:6636: $? = 1
configure:6648: result: @
configure:6711: checking for strip
configure:6732: found /usr/bin/strip
configure:6743: result: strip
configure:6820: checking for ranlib
configure:6841: found /usr/bin/ranlib
configure:6852: result: ranlib
configure:6954: checking command to parse /usr/bin/nm -B output from gcc object
configure:7108: gcc -c -O0 -g  conftest.c >&5
configure:7111: $? = 0
configure:7115: /usr/bin/nm -B conftest.o | /usr/bin/sed -n -e 's/^.*[	 ]\([ABCDGIRSTW][ABCDGIRSTW]*\)[	 ][	 ]*\([_A-Za-z][_A-Za-z0-9]*\)$/\1 \2 \2/p' | /usr/bin/sed '/ __gnu_lto/d' > conftest.nm
configure:7181: gcc -o conftest -O0 -g   conftest.c conftstm.o >&5
configure:7184: $? = 0
configure:7222: result: ok
configure:7269: checking for sysroot
configure:7300: result: no
configure:7307: checking for a working dd
configure:7351: result: /usr/bin/dd
configure:7355: checking how to truncate binary pipes
configure:7371: result: /usr/bin/dd bs=4096 count=1
configure:7508: gcc -c -O0 -g  conftest.c >&5
configure:7511: $? = 0
configure:7708: checking for mt
configure:7729: found /usr/bin/mt
configure:7740: result: mt
configure:7763: checking if mt is a manifest tool
configure:7770: mt '-?'
configure:7778: result: no
configure:8503: checking for stdio.h
configure:8503: gcc -c -O0 -g  conftest.c >&5
configure:8503: $? = 0
configure:8503: result: yes
configure:8503: checking for stdlib.h
configure:8503: gcc -c -O0 -g  conftest.c >&5
configure:8503: $? = 0
configure:8503: result: yes
configure:8503: checking for string.h
configure:8503: gcc -c -O0 -g  conftest.c >&5
configure:8503: $? = 0
configure:8503: result: yes
configure:8503: checking for inttypes.h
configure:8503: gcc -c -O0 -g  conftest.c >&5
configure:8503: $? = 0
configure:8503: result: yes
configure:8503: checking for stdint.h
configure:8503: gcc -c -O0 -g  conftest.c >&5
configure:8503: $? = 0
configure:8503: result: yes
configure:8503: checking for strings.h
configure:8503: gcc -c -O0 -g  conftest.c >&5
configure:8503: $? = 0
configure:8503: result: yes
configure:8503: checking for sys/stat.h
configure:8503: gcc -c -O0 -g  conftest.c >&5
configure:8503: $? = 0
configure:8503: result: yes
configure:8503: checking for sys/types.h
configure:8503: gcc -c -O0 -g  conftest.c >&5
configure:8503: $? = 0
configure:8503: result: yes
configure:8503: checking for unistd.h
configure:8503: gcc -c -O0 -g  conftest.c >&5
configure:8503: $? = 0
configure:8503: result: yes
configure:8528: checking for dlfcn.h
configure:8528: gcc -c -O0 -g  conftest.c >&5
configure:8528: $? = 0
configure:8528: result: yes
configure:8786: checking for objdir
configure:8802: result: .libs
configure:9066: checking if gcc supports -fno-rtti -fno-exceptions
configure:9085: gcc -c -O0 -g  -fno-rtti -fno-exceptions conftest.c >&5
cc1: warning: command-line option '-fno-rtti' is valid for C++/D/ObjC++ but not for C
configure:9089: $? = 0
configure:9102: result: no
configure:9466: checking for gcc option to produce PIC
configure:9474: result: -fPIC -DPIC
configure:9482: checking if gcc PIC flag -fPIC -DPIC works
configure:9501: gcc -c -O0 -g  -fPIC -DPIC -DPIC conftest.c >&5
configure:9505: $? = 0
configure:9518: result: yes
configure:9547: checking if gcc static flag -static works
configure:9576: result: yes
configure:9591: checking if gcc supports -c -o file.o
configure:9613: gcc -c -O0 -g  -o out/conftest2.o conftest.c >&5
configure:9617: $? = 0
configure:9639: result: yes
configure:9647: checking if gcc supports -c -o file.o
configure:9695: result: yes
configure:9728: checking whether the gcc linker (/usr/bin/ld -m elf_x86_64) supports shared libraries
configure:11002: result: yes
configure:11039: checking whether -lc should be explicitly linked in
configure:11048: gcc -c -O0 -g  conftest.c >&5
configure:11051: $? = 0
configure:11066: gcc -shared  -fPIC -DPIC conftest.o  -v -Wl,-soname -Wl,conftest -o conftest 2\>\&1 \| /usr/bin/grep  -lc  \>/dev/null 2\>\&1
configure:11069: $? = 0
configure:11083: result: no
configure:11243: checking dynamic linker characteristics
configure:11825: gcc -o conftest -O0 -g   -Wl,-rpath -Wl,/foo conftest.c  >&5
configure:11825: $? = 0
configure:12076: result: GNU/Linux ld.so
configure:12198: checking how to hardcode library paths into programs
configure:12223: result: immediate
configure:12325: checking for shl_load
configure:12325: gcc -o conftest -O0 -g   conftest.c  >&5
/usr/bin/ld: /tmp/cc8dYH5n.o: in function `main':
/home/nils/Dokumente/ASPA+/NIST-BGP-SRx/srx-crypto-api/conftest.c:50:(.text+0xe): undefined reference to `shl_load'
collect2: error: ld returned 1 exit status
configure:12325: $? = 1
configure: failed program was:
| /* confdefs.h */
| #define PACKAGE_NAME "SRxCryptoAPI"
| #define PACKAGE_TARNAME "srxcryptoapi"
| #define PACKAGE_VERSION "0.3.0.6"
| #define PACKAGE_STRING "SRxCryptoAPI 0.3.0.6"
| #define PACKAGE_BUGREPORT "itrg-contact@list.nist.gov"
| #define PACKAGE_URL ""
| #define PACKAGE "srxcryptoapi"
| #define VERSION "0.3.0.6"
| #define HAVE_STDIO_H 1
| #define HAVE_STDLIB_H 1
| #define HAVE_STRING_H 1
| #define HAVE_INTTYPES_H 1
| #define HAVE_STDINT_H 1
| #define HAVE_STRINGS_H 1
| #define HAVE_SYS_STAT_H 1
| #define HAVE_SYS_TYPES_H 1
| #define HAVE_UNISTD_H 1
| #define STDC_HEADERS 1
| #define HAVE_DLFCN_H 1
| #define LT_OBJDIR ".libs/"
| /* end confdefs.h.  */
| /* Define shl_load to an innocuous variant, in case <limits.h> declares shl_load.
|    For example, HP-UX 11i <limits.h> declares gettimeofday.  */
| #define shl_load innocuous_shl_load
| 
| /* System header to define __stub macros and hopefully few prototypes,
|    which can conflict with char shl_load (); below.  */
| 
| #include <limits.h>
| #undef shl_load
| 
| /* Override any GCC internal prototype to avoid an error.
|    Use char because int might match the return type of a GCC
|    builtin and then its argument prototype would still apply.  */
| #ifdef __cplusplus
| extern "C"
| #endif
| char shl_load ();
| /* The GNU C library defines this for functions which it implements
|     to always fail with ENOSYS.  Some functions are actually named
|     something starting with __ and the normal name is an alias.  */
| #if defined __stub_shl_load || defined __stub___shl_load
| choke me
| #endif
| 
| int
| main (void)
| {
| return shl_load ();
|   ;
|   return 0;
| }
configure:12325: result: no
configure:12330: checking for shl_load in -ldld
configure:12353: gcc -o conftest -O0 -g   conftest.c -ldld   >&5
/usr/bin/ld: cannot find -ldld: No such file or directory
collect2: error: ld returned 1 exit status
configure:12353: $? = 1
configure: failed program was:
| /* confdefs.h */
| #define PACKAGE_NAME "SRxCryptoAPI"
| #define PACKAGE_TARNAME "srxcryptoapi"
| #define PACKAGE_VERSION "0.3.0.6"
| #define PACKAGE_STRING "SRxCryptoAPI 0.3.0.6"
| #define PACKAGE_BUGREPORT "itrg-contact@list.nist.gov"
| #define PACKAGE_URL ""
| #define PACKAGE "srxcryptoapi"
| #define VERSION "0.3.0.6"
| #define HAVE_STDIO_H 1
| #define HAVE_STDLIB_H 1
| #define HAVE_STRING_H 1
| #define HAVE_INTTYPES_H 1
| #define HAVE_STDINT_H 1
| #define HAVE_STRINGS_H 1
| #define HAVE_SYS_STAT_H 1
| #define HAVE_SYS_TYPES_H 1
| #define HAVE_UNISTD_H 1
| #define STDC_HEADERS 1
| #define HAVE_DLFCN_H 1
| #define LT_OBJDIR ".libs/"
| /* end confdefs.h.  */
| 
| /* Override any GCC internal prototype to avoid an error.
|    Use char because int might match the return type of a GCC
|    builtin and then its argument prototype would still apply.  */
| char shl_load ();
| int
| main (void)
| {
| return shl_load ();
|   ;
|   return 0;
| }
configure:12363: result: no
configure:12369: checking for dlopen
configure:12369: gcc -o conftest -O0 -g   conftest.c  >&5
configure:12369: $? = 0
configure:12369: result: yes
configure:12527: checking whether a program can dlopen itself
configure:12608: gcc -o conftest -O0 -g  -DHAVE_DLFCN_H  -Wl,--export-dynamic conftest.c   >&5
configure:12611: $? = 0
configure:12629: result: yes
configure:12634: checking whether a statically linked program can dlopen itself
configure:12715: gcc -o conftest -O0 -g  -DHAVE_DLFCN_H  -Wl,--export-dynamic -static conftest.c   >&5
/usr/bin/ld: /tmp/ccraI1AS.o: in function `main':
/home/nils/Dokumente/ASPA+/NIST-BGP-SRx/srx-crypto-api/conftest.c:12694:(.text+0x26): warning: Using 'dlopen' in statically linked applications requires at runtime the shared libraries from the glibc version used for linking
configure:12718: $? = 0
conftest: undefined symbol: _fnord
configure:12736: result: no
configure:12775: checking whether stripping libraries is possible
configure:12784: result: yes
configure:12826: checking if libtool supports shared libraries
configure:12828: result: yes
configure:12831: checking whether to build shared libraries
configure:12856: result: yes
configure:12859: checking whether to build static libraries
configure:12863: result: yes
configure:12972: checking for gcc
configure:13004: result: gcc
configure:13357: checking for C compiler version
configure:13366: gcc --version >&5
gcc (Ubuntu 13.3.0-6ubuntu2~24.04) 13.3.0
Copyright (C) 2023 Free Software Foundation, Inc.
This is free software; see the source for copying conditions.  There is NO
warranty; not even for MERCHANTABILITY or FITNESS FOR A PARTICULAR PURPOSE.

configure:13377: $? = 0
configure:13366: gcc -v >&5
Using built-in specs.
COLLECT_GCC=gcc
COLLECT_LTO_WRAPPER=/usr/libexec/gcc/x86_64-linux-gnu/13/lto-wrapper
OFFLOAD_TARGET_NAMES=nvptx-none:amdgcn-amdhsa
OFFLOAD_TARGET_DEFAULT=1
Target: x86_64-linux-gnu
Configured with: ../src/configure -v --with-pkgversion='Ubuntu 13.3.0-6ubuntu2~24.04' --with-bugurl=file:///usr/share/doc/gcc-13/README.Bugs --enable-languages=c,ada,c++,go,d,fortran,objc,obj-c++,m2 --prefix=/usr --with-gcc-major-version-only --program-suffix=-13 --program-prefix=x86_64-linux-gnu- --enable-shared --enable-linker-build-id --libexecdir=/usr/libexec --without-included-gettext --enable-threads=posix --libdir=/usr/lib --enable-nls --enable-bootstrap --enable-clocale=gnu --enable-libstdcxx-debug --enable-libstdcxx-time=yes --with-default-libstdcxx-abi=new --enable-libstdcxx-backtrace --enable-gnu-unique-object --disable-vtable-verify --enable-plugin --enable-default-pie --with-system-zlib --enable-libphobos-checking=release --with-target-system-zlib=auto --enable-objc-gc=auto --enable-multiarch --disable-werror --enable-cet --with-arch-32=i686 --with-abi=m64 --with-multilib-list=m32,m64,mx32 --enable-multilib --with-tune=generic --enable-offload-targets=nvptx-none=/build/gcc-13-fG75Ri/gcc-13-13.3.0/debian/tmp-nvptx/usr,amdgcn-amdhsa=/build/gcc-13-fG75Ri/gcc-13-13.3.0/debian/tmp-gcn/usr --enable-offload-defaulted --without-cuda-driver --enable-checking=release --build=x86_64-linux-gnu --host=x86_64-linux-gnu --target=x86_64-linux-gnu --with-build-config=bootstrap-lto-lean --enable-link-serialization=2
Thread model: posix
Supported LTO compression algorithms: zlib zstd
gcc version 13.3.0 (Ubuntu 13.3.0-6ubuntu2~24.04) 
... rest of stderr output deleted ...
configure:13377: $? = 0
configure:13366: gcc -V >&5
gcc: error: unrecognized command-line option '-V'
gcc: fatal error: no input files
compilation terminated.
configure:13377: $? = 1
configure:13366: gcc -qversion >&5
gcc: error: unrecognized command-line option '-qversion'; did you mean '--version'?
gcc: fatal error: no input files
compilation terminated.
configure:13377: $? = 1
configure:13366: gcc -version >&5
gcc: error: unrecognized command-line option '-version'
gcc: fatal error: no input files
compilation terminated.
configure:13377: $? = 1
configure:13381: checking whether the compiler supports GNU C
configure:13411: result: yes
configure:13422: checking whether gcc accepts -g
configure:13487: result: yes
configure:13507: checking for gcc option to enable C11 features
configure:13540: result: none needed
configure:13656: checking whether gcc understands -c and -o together
configure:13694: result: yes
configure:13713: checking dependency style of gcc
configure:13825: result: gcc3
configure:13841: checking whether make sets $(MAKE)
configure:13864: result: yes
configure:13884: checking host architecture information
configure:13892: result: 64 bit
configure:13932: checking for library containing dlopen
configure:13962: gcc -o conftest -O0 -g   conftest.c  >&5
configure:13962: $? = 0
configure:13982: result: none required
configure:13996: checking for library containing config_init
configure:14026: gcc -o conftest -O0 -g   conftest.c  >&5
/usr/bin/ld: /tmp/ccvf082Q.o: in function `main':
/home/nils/Dokumente/ASPA+/NIST-BGP-SRx/srx-crypto-api/conftest.c:31:(.text+0xe): undefined reference to `config_init'
collect2: error: ld returned 1 exit status
configure:14026: $? = 1
configure: failed program was:
| /* confdefs.h */
| #define PACKAGE_NAME "SRxCryptoAPI"
| #define PACKAGE_TARNAME "srxcryptoapi"
| #define PACKAGE_VERSION "0.3.0.6"
| #define PACKAGE_STRING "SRxCryptoAPI 0.3.0.6"
| #define PACKAGE_BUGREPORT "itrg-contact@list.nist.gov"
| #define PACKAGE_URL ""
| #define PACKAGE "srxcryptoapi"
| #define VERSION "0.3.0.6"
| #define HAVE_STDIO_H 1
| #define HAVE_STDLIB_H 1
| #define HAVE_STRING_H 1
| #define HAVE_INTTYPES_H 1
| #define HAVE_STDINT_H 1
| #define HAVE_STRINGS_H 1
| #define HAVE_SYS_STAT_H 1
| #define HAVE_SYS_TYPES_H 1
| #define HAVE_UNISTD_H 1
| #define STDC_HEADERS 1
| #define HAVE_DLFCN_H 1
| #define LT_OBJDIR ".libs/"
| /* end confdefs.h.  */
| 
| /* Override any GCC internal prototype to avoid an error.
|    Use char because int might match the return type of a GCC
|    builtin and then its argument prototype would still apply.  */
| char config_init ();
| int
| main (void)
| {
| return config_init ();
|   ;
|   return 0;
| }
configure:14026: gcc -o conftest -O0 -g   conftest.c -lconfig   >&5
configure:14026: $? = 0
configure:14046: result: -lconfig
configure:14067: checking for libconfig int type
configure:14077: result: int
configure:14112: checking type of openssl installation to be used
configure:14115: result: default
configure:14148: checking for library crypto
configure:14166: result: -lcrypto
configure:14148: checking for library ssl
configure:14166: result: -lssl
configure:14200: checking for openssl curve prime256v1
configure:14204: result: yes
configure:14221: checking for /usr/include/openssl/crypto.h
configure:14221: gcc -c -O0 -g -DLCONFIG_INT=int  conftest.c >&5
configure:14221: $? = 0
configure:14221: result: yes
configure:14221: checking for /usr/include/openssl/bio.h
configure:14221: gcc -c -O0 -g -DLCONFIG_INT=int  conftest.c >&5
configure:14221: $? = 0
configure:14221: result: yes
configure:14221: checking for /usr/include/openssl/sha.h
configure:14221: gcc -c -O0 -g -DLCONFIG_INT=int  conftest.c >&5
configure:14221: $? = 0
configure:14221: result: yes
configure:14221: checking for /usr/include/openssl/ec.h
configure:14221: gcc -c -O0 -g -DLCONFIG_INT=int  conftest.c >&5
configure:14221: $? = 0
configure:14221: result: yes
configure:14221: checking for /usr/include/openssl/ecdsa.h
configure:14221: gcc -c -O0 -g -DLCONFIG_INT=int  conftest.c >&5
configure:14221: $? = 0
configure:14221: result: yes
configure:14221: checking for /usr/include/openssl/err.h
configure:14221: gcc -c -O0 -g -DLCONFIG_INT=int  conftest.c >&5
configure:14221: $? = 0
configure:14221: result: yes
configure:14273: checking for assert.h
configure:14273: gcc -c -O0 -g -DLCONFIG_INT=int  conftest.c >&5
configure:14273: $? = 0
configure:14273: result: yes
configure:14273: checking for dlfcn.h
configure:14273: result: yes
configure:14273: checking for libconfig.h
configure:14273: gcc -c -O0 -g -DLCONFIG_INT=int  conftest.c >&5
configure:14273: $? = 0
configure:14273: result: yes
configure:14273: checking for malloc.h
configure:14273: gcc -c -O0 -g -DLCONFIG_INT=int  conftest.c >&5
configure:14273: $? = 0
configure:14273: result: yes
configure:14273: checking for stdarg.h
configure:14273: gcc -c -O0 -g -DLCONFIG_INT=int  conftest.c >&5
configure:14273: $? = 0
configure:14273: result: yes
configure:14273: checking for stdbool.h
configure:14273: gcc -c -O0 -g -DLCONFIG_INT=int  conftest.c >&5
configure:14273: $? = 0
configure:14273: result: yes
configure:14273: checking for stddef.h
configure:14273: gcc -c -O0 -g -DLCONFIG_INT=int  conftest.c >&5
configure:14273: $? = 0
configure:14273: result: yes
configure:14273: checking for stdio.h
configure:14273: result: yes
configure:14273: checking for stdlib.h
configure:14273: result: yes
configure:14273: checking for string.h
configure:14273: result: yes
configure:14273: checking for syslog.h
configure:14273: gcc -c -O0 -g -DLCONFIG_INT=int  conftest.c >&5
configure:14273: $? = 0
configure:14273: result: yes
configure:14273: checking for sys/param.h
configure:14273: gcc -c -O0 -g -DLCONFIG_INT=int  conftest.c >&5
configure:14273: $? = 0
configure:14273: result: yes
configure:14273: checking for sys/stat.h
configure:14273: result: yes
configure:14273: checking for sys/types.h
configure:14273: result: yes
configure:14295: checking for size_t
configure:14295: gcc -c -O0 -g -DLCONFIG_INT=int  conftest.c >&5
configure:14295: $? = 0
configure:14295: gcc -c -O0 -g -DLCONFIG_INT=int  conftest.c >&5
conftest.c: In function 'main':
conftest.c:74:21: error: expected expression before ')' token
   74 | if (sizeof ((size_t)))
      |                     ^
configure:14295: $? = 1
configure: failed program was:
| /* confdefs.h */
| #define PACKAGE_NAME "SRxCryptoAPI"
| #define PACKAGE_TARNAME "srxcryptoapi"
| #define PACKAGE_VERSION "0.3.0.6"
| #define PACKAGE_STRING "SRxCryptoAPI 0.3.0.6"
| #define PACKAGE_BUGREPORT "itrg-contact@list.nist.gov"
| #define PACKAGE_URL ""
| #define PACKAGE "srxcryptoapi"
| #define VERSION "0.3.0.6"
| #define HAVE_STDIO_H 1
| #define HAVE_STDLIB_H 1
| #define HAVE_STRING_H 1
| #define HAVE_INTTYPES_H 1
| #define HAVE_STDINT_H 1
| #define HAVE_STRINGS_H 1
| #define HAVE_SYS_STAT_H 1
| #define HAVE_SYS_TYPES_H 1
| #define HAVE_UNISTD_H 1
| #define STDC_HEADERS 1
| #define HAVE_DLFCN_H 1
| #define LT_OBJDIR ".libs/"
| #define HAVE__USR_INCLUDE_OPENSSL_CRYPTO_H 1
| #define HAVE__USR_INCLUDE_OPENSSL_BIO_H 1
| #define HAVE__USR_INCLUDE_OPENSSL_SHA_H 1
| #define HAVE__USR_INCLUDE_OPENSSL_EC_H 1
| #define HAVE__USR_INCLUDE_OPENSSL_ECDSA_H 1
| #define HAVE__USR_INCLUDE_OPENSSL_ERR_H 1
| #define HAVE_ASSERT_H 1
| #define HAVE_DLFCN_H 1
| #define HAVE_LIBCONFIG_H 1
| #define HAVE_MALLOC_H 1
| #define HAVE_STDARG_H 1
| #define HAVE_STDBOOL_H 1
| #define HAVE_STDDEF_H 1
| #define HAVE_STDIO_H 1
| #define HAVE_STDLIB_H 1
| #define HAVE_STRING_H 1
| #define HAVE_SYSLOG_H 1
| #define HAVE_SYS_PARAM_H 1
| #define HAVE_SYS_STAT_H 1
| #define HAVE_SYS_TYPES_H 1
| /* end confdefs.h.  */
| #include <stddef.h>
| #ifdef HAVE_STDIO_H
| # include <stdio.h>
| #endif
| #ifdef HAVE_STDLIB_H
| # include <stdlib.h>
| #endif
| #ifdef HAVE_STRING_H
| # include <string.h>
| #endif
| #ifdef HAVE_INTTYPES_H
| # include <inttypes.h>
| #endif
| #ifdef HAVE_STDINT_H
| # include <stdint.h>
| #endif
| #ifdef HAVE_STRINGS_H
| # include <strings.h>
| #endif
| #ifdef HAVE_SYS_TYPES_H
| # include <sys/types.h>
| #endif
| #ifdef HAVE_SYS_STAT_H
| # include <sys/stat.h>
| #endif
| #ifdef HAVE_UNISTD_H
| # include <unistd.h>
| #endif
| int
| main (void)
| {
| if (sizeof ((size_t)))
| 	    return 0;
|   ;
|   return 0;
| }
configure:14295: result: yes
configure:14307: checking for GNU libc compatible malloc
configure:14339: gcc -o conftest -O0 -g -DLCONFIG_INT=int   conftest.c -lconfig  >&5
configure:14339: $? = 0
configure:14339: ./conftest
configure:14339: $? = 0
configure:14350: result: yes
configure:14372: checking for memset
configure:14372: gcc -o conftest -O0 -g -DLCONFIG_INT=int   conftest.c -lconfig  >&5
conftest.c:60:6: warning: conflicting types for built-in function 'memset'; expected 'void *(void *, int,  long unsigned int)' [-Wbuiltin-declaration-mismatch]
   60 | char memset ();
      |      ^~~~~~
conftest.c:52:1: note: 'memset' is declared in header '<string.h>'
   51 | #include <limits.h>
   52 | #undef memset
configure:14372: $? = 0
configure:14372: result: yes
configure:14382: checking whether MEM_CHECK will be activated
configure:14393: result: no
configure:14465: checking whether .a and .la libraries will be added to rpm distribution
configure:14476: result: no
configure:14491: checking whether module bgpsec-openssl will be added
configure:14502: result: yes
configure:14509: checking for uthash.h
configure:14509: gcc -c -O0 -g -DLCONFIG_INT=int  conftest.c >&5
configure:14509: $? = 0
configure:14509: result: yes
configure:14533: checking whether module testlib will be added
configure:14544: result: yes
configure:14596: checking whether system supports IPv6
configure:14600: result: Linux IPv6
configure:14609: checking whether libc has IPv6 support
configure:14623: gcc -o conftest -O0 -g -DLCONFIG_INT=int -DCPU_64   conftest.c -lconfig  >&5
configure:14623: $? = 0
configure:14631: result: yes
configure:14643: checking compiling test for ltdl
configure:14659: gcc -c -O0 -g -DLCONFIG_INT=int -DCPU_64  conftest.c >&5
configure:14659: $? = 0
configure:14664: result: ltdl header: yes
configure:14672: checking libtool dynamic loader link availability
configure:14691: gcc -o conftest -O0 -g -DLCONFIG_INT=int -DCPU_64   conftest.c -lconfig  -lltdl >&5
/usr/bin/ld: /tmp/cceoiqju.o: warning: relocation against `lt__PROGRAM__LTX_preloaded_symbols' in read-only section `.text'
/usr/bin/ld: /tmp/cceoiqju.o: in function `main':
/home/nils/Dokumente/ASPA+/NIST-BGP-SRx/srx-crypto-api/conftest.c:55:(.text+0xf): undefined reference to `lt__PROGRAM__LTX_preloaded_symbols'
/usr/bin/ld: warning: creating DT_TEXTREL in a PIE
collect2: error: ld returned 1 exit status
configure:14691: $? = 1
configure: failed program was:
| /* confdefs.h */
| #define PACKAGE_NAME "SRxCryptoAPI"
| #define PACKAGE_TARNAME "srxcryptoapi"
| #define PACKAGE_VERSION "0.3.0.6"
| #define PACKAGE_STRING "SRxCryptoAPI 0.3.0.6"
| #define PACKAGE_BUGREPORT "itrg-contact@list.nist.gov"
| #define PACKAGE_URL ""
| #define PACKAGE "srxcryptoapi"
| #define VERSION "0.3.0.6"
| #define HAVE_STDIO_H 1
| #define HAVE_STDLIB_H 1
| #define HAVE_STRING_H 1
| #define HAVE_INTTYPES_H 1
| #define HAVE_STDINT_H 1
| #define HAVE_STRINGS_H 1
| #define HAVE_SYS_STAT_H 1
| #define HAVE_SYS_TYPES_H 1
| #define HAVE_UNISTD_H 1
| #define STDC_HEADERS 1
| #define HAVE_DLFCN_H 1
| #define LT_OBJDIR ".libs/"
| #define HAVE__USR_INCLUDE_OPENSSL_CRYPTO_H 1
| #define HAVE__USR_INCLUDE_OPENSSL_BIO_H 1
| #define HAVE__USR_INCLUDE_OPENSSL_SHA_H 1
| #define HAVE__USR_INCLUDE_OPENSSL_EC_H 1
| #define HAVE__USR_INCLUDE_OPENSSL_ECDSA_H 1
| #define HAVE__USR_INCLUDE_OPENSSL_ERR_H 1
| #define HAVE_ASSERT_H 1
| #define HAVE_DLFCN_H 1
| #define HAVE_LIBCONFIG_H 1
| #define HAVE_MALLOC_H 1
| #define HAVE_STDARG_H 1
| #define HAVE_STDBOOL_H 1
| #define HAVE_STDDEF_H 1
| #define HAVE_STDIO_H 1
| #define HAVE_STDLIB_H 1
| #define HAVE_STRING_H 1
| #define HAVE_SYSLOG_H 1
| #define HAVE_SYS_PARAM_H 1
| #define HAVE_SYS_STAT_H 1
| #define HAVE_SYS_TYPES_H 1
| #define HAVE_MALLOC 1
| #define HAVE_MEMSET 1
| #define HAVE_UTHASH_H 1
| #define HAVE_IPV6 1
| /* end confdefs.h.  */
| 
|                    #include<ltdl.h>
| 
| int
| main (void)
| {
| 
|                     int ltdl;
|                     LTDL_SET_PRELOADED_SYMBOLS();
|                     ltdl = lt_dlinit();
| 
|   ;
|   return 0;
| }
configure:14696: result: availability: no
configure:14707: checking ltdl patch capability
configure:14735: gcc -o conftest -O0 -g -DLCONFIG_INT=int -DCPU_64   conftest.c -lconfig  -lltdl >&5

## ---------------- ##
## Cache variables. ##
## ---------------- ##

ac_cv_build=x86_64-pc-linux-gnu
ac_cv_c_compiler_gnu=yes
ac_cv_env_CC_set=
ac_cv_env_CC_value=
ac_cv_env_CFLAGS_set=set
ac_cv_env_CFLAGS_value='-O0 -g'
ac_cv_env_CPPFLAGS_set=
ac_cv_env_CPPFLAGS_value=
ac_cv_env_LDFLAGS_set=
ac_cv_env_LDFLAGS_value=
ac_cv_env_LIBS_set=
ac_cv_env_LIBS_value=
ac_cv_env_LT_SYS_LIBRARY_PATH_set=
ac_cv_env_LT_SYS_LIBRARY_PATH_value=
ac_cv_env_build_alias_set=
ac_cv_env_build_alias_value=
ac_cv_env_host_alias_set=
ac_cv_env_host_alias_value=
ac_cv_env_openssl_dir_set=
ac_cv_env_openssl_dir_value=
ac_cv_env_target_alias_set=
ac_cv_env_target_alias_value=
ac_cv_func_dlopen=yes
ac_cv_func_malloc_0_nonnull=yes
ac_cv_func_memset=yes
ac_cv_func_shl_load=no
ac_cv_header__usr_include_openssl_bio_h=yes
ac_cv_header__usr_include_openssl_crypto_h=yes
ac_cv_header__usr_include_openssl_ec_h=yes
ac_cv_header__usr_include_openssl_ecdsa_h=yes
ac_cv_header__usr_include_openssl_err_h=yes
ac_cv_header__usr_include_openssl_sha_h=yes
ac_cv_header_assert_h=yes
ac_cv_header_dlfcn_h=yes
ac_cv_header_inttypes_h=yes
ac_cv_header_libconfig_h=yes
ac_cv_header_malloc_h=yes
ac_cv_header_stdarg_h=yes
ac_cv_header_stdbool_h=yes
ac_cv_header_stddef_h=yes
ac_cv_header_stdint_h=yes
ac_cv_header_stdio_h=yes
ac_cv_header_stdlib_h=yes
ac_cv_header_string_h=yes
ac_cv_header_strings_h=yes
ac_cv_header_sys_param_h=yes
ac_cv_header_sys_stat_h=yes
ac_cv_header_sys_types_h=yes
ac_cv_header_syslog_h=yes
ac_cv_header_unistd_h=yes
ac_cv_header_uthash_h=yes
ac_cv_host=x86_64-pc-linux-gnu
ac_cv_lib_dld_shl_load=no
ac_cv_objext=o
ac_cv_path_EGREP='/usr/bin/grep -E'
ac_cv_path_FGREP='/usr/bin/grep -F'
ac_cv_path_GREP=/usr/bin/grep
ac_cv_path_SED=/usr/bin/sed
ac_cv_path_install='/usr/bin/install -c'
ac_cv_path_lt_DD=/usr/bin/dd
ac_cv_path_mkdir=/usr/bin/mkdir
ac_cv_prog_AWK=mawk
ac_cv_prog_ac_ct_AR=ar
ac_cv_prog_ac_ct_CC=gcc
ac_cv_prog_ac_ct_FILECMD=file
ac_cv_prog_ac_ct_MANIFEST_TOOL=mt
ac_cv_prog_ac_ct_OBJDUMP=objdump
ac_cv_prog_ac_ct_RANLIB=ranlib
ac_cv_prog_ac_ct_STRIP=strip
ac_cv_prog_cc_c11=
ac_cv_prog_cc_g=yes
ac_cv_prog_cc_stdc=
ac_cv_prog_make_make_set=yes
ac_cv_search_config_init=-lconfig
ac_cv_search_dlopen='none required'
ac_cv_type_size_t=yes
am_cv_CC_dependencies_compiler_type=gcc3
am_cv_ar_interface=ar
am_cv_make_support_nested_variables=yes
am_cv_prog_cc_c_o=yes
lt_cv_ar_at_file=@
lt_cv_archive_cmds_need_lc=no
lt_cv_deplibs_check_method=pass_all
lt_cv_dlopen=dlopen
lt_cv_dlopen_libs=
lt_cv_dlopen_self=yes
lt_cv_dlopen_self_static=no
lt_cv_file_magic_cmd='$MAGIC_CMD'
lt_cv_file_magic_test_file=
lt_cv_ld_reload_flag=-r
lt_cv_nm_interface='BSD nm'
lt_cv_objdir=.libs
lt_cv_path_LD=/usr/bin/ld
lt_cv_path_NM='/usr/bin/nm -B'
lt_cv_path_mainfest_tool=no
lt_cv_prog_compiler_c_o=yes
lt_cv_prog_compiler_pic='-fPIC -DPIC'
lt_cv_prog_compiler_pic_works=yes
lt_cv_prog_compiler_rtti_exceptions=no
lt_cv_prog_compiler_static_works=yes
lt_cv_prog_gnu_ld=yes
lt_cv_sharedlib_from_linklib_cmd='printf %s\n'
lt_cv_shlibpath_overrides_runpath=yes
lt_cv_sys_global_symbol_pipe='/usr/bin/sed -n -e '\''s/^.*[	 ]\([ABCDGIRSTW][ABCDGIRSTW]*\)[	 ][	 ]*\([_A-Za-z][_A-Za-z0-9]*\)$/\1 \2 \2/p'\'' | /usr/bin/sed '\''/ __gnu_lto/d'\'''
lt_cv_sys_global_symbol_to_c_name_address='/usr/bin/sed -n -e '\''s/^: \(.*\) .*$/  {"\1", (void *) 0},/p'\'' -e '\''s/^[ABCDGIRSTW][ABCDGIRSTW]* .* \(.*\)$/  {"\1", (void *) \&\1},/p'\'''
lt_cv_sys_global_symbol_to_c_name_address_lib_prefix='/usr/bin/sed -n -e '\''s/^: \(.*\) .*$/  {"\1", (void *) 0},/p'\'' -e '\''s/^[ABCDGIRSTW][ABCDGIRSTW]* .* \(lib.*\)$/  {"\1", (void *) \&\1},/p'\'' -e '\''s/^[ABCDGIRSTW][ABCDGIRSTW]* .* \(.*\)$/  {"lib\1", (void *) \&\1},/p'\'''
lt_cv_sys_global_symbol_to_cdecl='/usr/bin/sed -n -e '\''s/^T .* \(.*\)$/extern int \1();/p'\'' -e '\''s/^[ABCDGIRSTW][ABCDGIRSTW]* .* \(.*\)$/extern char \1;/p'\'''
lt_cv_sys_global_symbol_to_import=
lt_cv_sys_max_cmd_len=1572864
lt_cv_to_host_file_cmd=func_convert_file_noop
lt_cv_to_tool_file_cmd=func_convert_file_noop
lt_cv_truncate_bin='/usr/bin/dd bs=4096 count=1'

## ----------------- ##
## Output variables. ##
## ----------------- ##

ACLOCAL='${SHELL} '\''/home/nils/Dokumente/ASPA+/NIST-BGP-SRx/srx-crypto-api/missing'\'' aclocal-1.16'
AMDEPBACKSLASH='\'
AMDEP_FALSE='#'
AMDEP_TRUE=''
AMTAR='$${TAR-tar}'
AM_BACKSLASH='\'
AM_DEFAULT_V='$(AM_DEFAULT_VERBOSITY)'
AM_DEFAULT_VERBOSITY='1'
AM_V='$(V)'
AR='ar'
AUTOCONF='${SHELL} '\''/home/nils/Dokumente/ASPA+/NIST-BGP-SRx/srx-crypto-api/missing'\'' autoconf'
AUTOHEADER='${SHELL} '\''/home/nils/Dokumente/ASPA+/NIST-BGP-SRx/srx-crypto-api/missing'\'' autoheader'
AUTOMAKE='${SHELL} '\''/home/nils/Dokumente/ASPA+/NIST-BGP-SRx/srx-crypto-api/missing'\'' automake-1.16'
AWK='mawk'
BGPSEC_OPENSSL='bgpsec_openssl'
CC='gcc'
CCDEPMODE='depmode=gcc3'
CFG_PREFIX=''
CFLAGS='-O0 -g -DLCONFIG_INT=int -DCPU_64'
CPPFLAGS=''
CPU_ARCH='64'
CRYPTO_TESTLIB='crypto_testlib'
CSCOPE='cscope'
CTAGS='ctags'
CYGPATH_W='echo'
DEFS=''
DEPDIR='.deps'
DLLTOOL='false'
DOLLAR_SIGN=''
DSYMUTIL=''
DUMPBIN=''
ECHO_C=''
ECHO_N='-n'
ECHO_T=''
EGREP='/usr/bin/grep -E'
ETAGS='etags'
EXEEXT=''
FGREP='/usr/bin/grep -F'
FILECMD='file'
GREP='/usr/bin/grep'
HAVE_LIBCONFIG='1'
INSTALL_DATA='${INSTALL} -m 644'
INSTALL_PROGRAM='${INSTALL}'
INSTALL_SCRIPT='${INSTALL}'
INSTALL_STRIP_PROGRAM='$(install_sh) -c -s'
LCONFIG_INT='int'
LD='/usr/bin/ld -m elf_x86_64'
LDFLAGS=''
LIBOBJS=''
LIBS='-lconfig  -lltdl'
LIBTOOL='$(SHELL) $(top_builddir)/libtool'
LIB_VER_INFO='3:0:0'
LIB_VER_INFO_COND_FALSE='#'
LIB_VER_INFO_COND_TRUE=''
LIPO=''
LN_S='ln -s'
LTLIBOBJS=''
LT_SYS_LIBRARY_PATH=''
MAJOR_VER='3'
MAKEINFO='${SHELL} '\''/home/nils/Dokumente/ASPA+/NIST-BGP-SRx/srx-crypto-api/missing'\'' makeinfo'
MANIFEST_TOOL=':'
MCHECK=''
MINOR_VER='0'
MKDIR_P='/usr/bin/mkdir -p'
NM='/usr/bin/nm -B'
NMEDIT=''
OBJDUMP='objdump'
OBJEXT='o'
OPENSSL_CFLAGS=''
OPENSSL_LDFLAGS=''
OPENSSL_LIBS='-lcrypto -lssl '
OS_UBUNTU_COND_FALSE='#'
OS_UBUNTU_COND_TRUE=''
OTOOL64=''
OTOOL=''
PACKAGE='srxcryptoapi'
PACKAGE_BUGREPORT='itrg-contact@list.nist.gov'
PACKAGE_NAME='SRxCryptoAPI'
PACKAGE_STRING='SRxCryptoAPI 0.3.0.6'
PACKAGE_TARNAME='srxcryptoapi'
PACKAGE_URL=''
PACKAGE_VERSION='0.3.0.6'
PATH_SEPARATOR=':'
PKG_VER='0'
RANLIB='ranlib'
SED='/usr/bin/sed'
SET_MAKE=''
SHELL='/bin/bash'
SRX_DIR=''
STRIP='strip'
UPD_VER='6'
VERSION='0.3.0.6'
VER_INFO='3.0.0'
ac_ct_AR='ar'
ac_ct_CC='gcc'
ac_ct_DUMPBIN=''
am__EXEEXT_FALSE=''
am__EXEEXT_TRUE=''
am__fastdepCC_FALSE='#'
am__fastdepCC_TRUE=''
am__include='include'
am__isrc=''
am__leading_dot='.'
am__nodep='_no'
am__quote=''
am__tar='$${TAR-tar} chof - "$$tardir"'
am__untar='$${TAR-tar} xf -'
bindir='${exec_prefix}/bin'
build='x86_64-pc-linux-gnu'
build_alias=''
build_cpu='x86_64'
build_os='linux-gnu'
build_vendor='pc'
datadir='${datarootdir}'
datarootdir='${prefix}/share'
docdir='${datarootdir}/doc/${PACKAGE_TARNAME}'
dvidir='${docdir}'
exec_prefix='NONE'
host='x86_64-pc-linux-gnu'
host_alias=''
host_cpu='x86_64'
host_os='linux-gnu'
host_vendor='pc'
htmldir='${docdir}'
incl_la_lib='no'
includedir='${prefix}/include'
infodir='${datarootdir}/info'
install_sh='${SHELL} /home/nils/Dokumente/ASPA+/NIST-BGP-SRx/srx-crypto-api/install-sh'
libdir='${exec_prefix}/lib64'
libexecdir='${exec_prefix}/libexec'
localedir='${datarootdir}/locale'
localstatedir='${prefix}/var'
mandir='${datarootdir}/man'
mkdir_p='$(MKDIR_P)'
oldincludedir='/usr/include'
openssl_dir=''
pdfdir='${docdir}'
prefix='/home/nils/Dokumente/ASPA+/NIST-BGP-SRx/local-6.3.3'
program_transform_name='s,x,x,'
psdir='${docdir}'
runstatedir='${localstatedir}/run'
sbindir='${exec_prefix}/sbin'
sharedstatedir='${prefix}/com'
sysconfdir='${prefix}/etc'
target_alias=''

## ----------- ##
## confdefs.h. ##
## ----------- ##

/* confdefs.h */
#define PACKAGE_NAME "SRxCryptoAPI"
#define PACKAGE_TARNAME "srxcryptoapi"
#define PACKAGE_VERSION "0.3.0.6"
#define PACKAGE_STRING "SRxCryptoAPI 0.3.0.6"
#define PACKAGE_BUGREPORT "itrg-contact@list.nist.gov"
#define PACKAGE_URL ""
#define PACKAGE "srxcryptoapi"
#define VERSION "0.3.0.6"
#define HAVE_STDIO_H 1
#define HAVE_STDLIB_H 1
#define HAVE_STRING_H 1
#define HAVE_INTTYPES_H 1
#define HAVE_STDINT_H 1
#define HAVE_STRINGS_H 1
#define HAVE_SYS_STAT_H 1
#define HAVE_SYS_TYPES_H 1
#define HAVE_UNISTD_H 1
#define STDC_HEADERS 1
#define HAVE_DLFCN_H 1
#define LT_OBJDIR ".libs/"
#define HAVE__USR_INCLUDE_OPENSSL_CRYPTO_H 1
#define HAVE__USR_INCLUDE_OPENSSL_BIO_H 1
#define HAVE__USR_INCLUDE_OPENSSL_SHA_H 1
#define HAVE__USR_INCLUDE_OPENSSL_EC_H 1
#define HAVE__USR_INCLUDE_OPENSSL_ECDSA_H 1
#define HAVE__USR_INCLUDE_OPENSSL_ERR_H 1
#define HAVE_ASSERT_H 1
#define HAVE_DLFCN_H 1
#define HAVE_LIBCONFIG_H 1
#define HAVE_MALLOC_H 1
#define HAVE_STDARG_H 1
#define HAVE_STDBOOL_H 1
#define HAVE_STDDEF_H 1
#define HAVE_STDIO_H 1
#define HAVE_STDLIB_H 1
#define HAVE_STRING_H 1
#define HAVE_SYSLOG_H 1
#define HAVE_SYS_PARAM_H 1
#define HAVE_SYS_STAT_H 1
#define HAVE_SYS_TYPES_H 1
#define HAVE_MALLOC 1
#define HAVE_MEMSET 1
#define HAVE_UTHASH_H 1
#define HAVE_IPV6 1

configure: caught signal 2
configure: exit 1
