This file contains any messages produced by compilers while
running configure, to aid debugging if configure makes a mistake.

It was created by bgpsecio configure 0.2.2.1, which was
generated by GNU Autoconf 2.71.  Invocation command line was

  $ ./configure --prefix=/home/nils/Dokumente/ASPA+/NIST-BGP-SRx/local-6.3.3 sca_dir=/home/nils/Dokumente/ASPA+/NIST-BGP-SRx/local-6.3.3 'CFLAGS=-O0 -g'

## --------- ##
## Platform. ##
## --------- ##

hostname = nils
uname -m = x86_64
uname -r = 6.8.0-52-generic
uname -s = Linux
uname -v = #53-Ubuntu SMP PREEMPT_DYNAMIC Sat Jan 11 00:06:25 UTC 2025

/usr/bin/uname -p = x86_64
/bin/uname -X     = unknown

/bin/arch              = x86_64
/usr/bin/arch -k       = unknown
/usr/convex/getsysinfo = unknown
/usr/bin/hostinfo      = unknown
/bin/machine           = unknown
/usr/bin/oslevel       = unknown
/bin/universe          = unknown

PATH: /usr/local/sbin/
PATH: /usr/local/bin/
PATH: /usr/sbin/
PATH: /usr/bin/
PATH: /sbin/
PATH: /bin/
PATH: /snap/bin/


## ----------- ##
## Core tests. ##
## ----------- ##

configure:2551: looking for aux files: config.guess config.sub ltmain.sh compile missing install-sh
configure:2564:  trying ./
configure:2593:   ./config.guess found
configure:2593:   ./config.sub found
configure:2593:   ./ltmain.sh found
configure:2593:   ./compile found
configure:2593:   ./missing found
configure:2575:   ./install-sh found
configure:2722: checking for a BSD-compatible install
configure:2795: result: /usr/bin/install -c
configure:2806: checking whether build environment is sane
configure:2861: result: yes
configure:3020: checking for a race-free mkdir -p
configure:3064: result: /usr/bin/mkdir -p
configure:3071: checking for gawk
configure:3106: result: no
configure:3071: checking for mawk
configure:3092: found /usr/bin/mawk
configure:3103: result: mawk
configure:3114: checking whether make sets $(MAKE)
configure:3137: result: yes
configure:3167: checking whether make supports nested variables
configure:3185: result: yes
configure:3329: checking Configure for 
configure:3345: result: ubuntu 24 
configure:3434: checking for gcc
configure:3455: found /usr/bin/gcc
configure:3466: result: gcc
configure:3819: checking for C compiler version
configure:3828: gcc --version >&5
gcc (Ubuntu 13.3.0-6ubuntu2~24.04) 13.3.0
Copyright (C) 2023 Free Software Foundation, Inc.
This is free software; see the source for copying conditions.  There is NO
warranty; not even for MERCHANTABILITY or FITNESS FOR A PARTICULAR PURPOSE.

configure:3839: $? = 0
configure:3828: gcc -v >&5
Using built-in specs.
COLLECT_GCC=gcc
COLLECT_LTO_WRAPPER=/usr/libexec/gcc/x86_64-linux-gnu/13/lto-wrapper
OFFLOAD_TARGET_NAMES=nvptx-none:amdgcn-amdhsa
OFFLOAD_TARGET_DEFAULT=1
Target: x86_64-linux-gnu
Configured with: ../src/configure -v --with-pkgversion='Ubuntu 13.3.0-6ubuntu2~24.04' --with-bugurl=file:///usr/share/doc/gcc-13/README.Bugs --enable-languages=c,ada,c++,go,d,fortran,objc,obj-c++,m2 --prefix=/usr --with-gcc-major-version-only --program-suffix=-13 --program-prefix=x86_64-linux-gnu- --enable-shared --enable-linker-build-id --libexecdir=/usr/libexec --without-included-gettext --enable-threads=posix --libdir=/usr/lib --enable-nls --enable-bootstrap --enable-clocale=gnu --enable-libstdcxx-debug --enable-libstdcxx-time=yes --with-default-libstdcxx-abi=new --enable-libstdcxx-backtrace --enable-gnu-unique-object --disable-vtable-verify --enable-plugin --enable-default-pie --with-system-zlib --enable-libphobos-checking=release --with-target-system-zlib=auto --enable-objc-gc=auto --enable-multiarch --disable-werror --enable-cet --with-arch-32=i686 --with-abi=m64 --with-multilib-list=m32,m64,mx32 --enable-multilib --with-tune=generic --enable-offload-targets=nvptx-none=/build/gcc-13-fG75Ri/gcc-13-13.3.0/debian/tmp-nvptx/usr,amdgcn-amdhsa=/build/gcc-13-fG75Ri/gcc-13-13.3.0/debian/tmp-gcn/usr --enable-offload-defaulted --without-cuda-driver --enable-checking=release --build=x86_64-linux-gnu --host=x86_64-linux-gnu --target=x86_64-linux-gnu --with-build-config=bootstrap-lto-lean --enable-link-serialization=2
Thread model: posix
Supported LTO compression algorithms: zlib zstd
gcc version 13.3.0 (Ubuntu 13.3.0-6ubuntu2~24.04) 
... rest of stderr output deleted ...
configure:3839: $? = 0
configure:3828: gcc -V >&5
gcc: error: unrecognized command-line option '-V'
gcc: fatal error: no input files
compilation terminated.
configure:3839: $? = 1
configure:3828: gcc -qversion >&5
gcc: error: unrecognized command-line option '-qversion'; did you mean '--version'?
gcc: fatal error: no input files
compilation terminated.
configure:3839: $? = 1
configure:3828: gcc -version >&5
gcc: error: unrecognized command-line option '-version'
gcc: fatal error: no input files
compilation terminated.
configure:3839: $? = 1
configure:3859: checking whether the C compiler works
configure:3881: gcc -O0 -g   conftest.c  >&5
configure:3885: $? = 0
configure:3935: result: yes
configure:3938: checking for C compiler default output file name
configure:3940: result: a.out
configure:3946: checking for suffix of executables
configure:3953: gcc -o conftest -O0 -g   conftest.c  >&5
configure:3957: $? = 0
configure:3980: result: 
configure:4002: checking whether we are cross compiling
configure:4010: gcc -o conftest -O0 -g   conftest.c  >&5
configure:4014: $? = 0
configure:4021: ./conftest
configure:4025: $? = 0
configure:4040: result: no
configure:4045: checking for suffix of object files
configure:4068: gcc -c -O0 -g  conftest.c >&5
configure:4072: $? = 0
configure:4094: result: o
configure:4098: checking whether the compiler supports GNU C
configure:4118: gcc -c -O0 -g  conftest.c >&5
configure:4118: $? = 0
configure:4128: result: yes
configure:4139: checking whether gcc accepts -g
configure:4160: gcc -c -g  conftest.c >&5
configure:4160: $? = 0
configure:4204: result: yes
configure:4224: checking for gcc option to enable C11 features
configure:4239: gcc  -c -O0 -g  conftest.c >&5
configure:4239: $? = 0
configure:4257: result: none needed
configure:4373: checking whether gcc understands -c and -o together
configure:4396: gcc -c conftest.c -o conftest2.o
configure:4399: $? = 0
configure:4396: gcc -c conftest.c -o conftest2.o
configure:4399: $? = 0
configure:4411: result: yes
configure:4431: checking whether make supports the include directive
configure:4446: make -f confmf.GNU && cat confinc.out
this is the am__doit target
configure:4449: $? = 0
configure:4468: result: yes (GNU style)
configure:4494: checking dependency style of gcc
configure:4606: result: gcc3
configure:4653: checking build system type
configure:4668: result: x86_64-pc-linux-gnu
configure:4688: checking host system type
configure:4702: result: x86_64-pc-linux-gnu
configure:4743: checking how to print strings
configure:4770: result: printf
configure:4791: checking for a sed that does not truncate output
configure:4861: result: /usr/bin/sed
configure:4879: checking for grep that handles long lines and -e
configure:4943: result: /usr/bin/grep
configure:4948: checking for egrep
configure:5016: result: /usr/bin/grep -E
configure:5021: checking for fgrep
configure:5089: result: /usr/bin/grep -F
configure:5125: checking for ld used by gcc
configure:5193: result: /usr/bin/ld
configure:5200: checking if the linker (/usr/bin/ld) is GNU ld
configure:5216: result: yes
configure:5228: checking for BSD- or MS-compatible name lister (nm)
configure:5283: result: /usr/bin/nm -B
configure:5423: checking the name lister (/usr/bin/nm -B) interface
configure:5431: gcc -c -O0 -g  conftest.c >&5
configure:5434: /usr/bin/nm -B "conftest.o"
configure:5437: output
0000000000000000 B some_variable
configure:5444: result: BSD nm
configure:5447: checking whether ln -s works
configure:5451: result: yes
configure:5459: checking the maximum length of command line arguments
configure:5591: result: 1572864
configure:5639: checking how to convert x86_64-pc-linux-gnu file names to x86_64-pc-linux-gnu format
configure:5680: result: func_convert_file_noop
configure:5687: checking how to convert x86_64-pc-linux-gnu file names to toolchain format
configure:5708: result: func_convert_file_noop
configure:5715: checking for /usr/bin/ld option to reload object files
configure:5723: result: -r
configure:5802: checking for objdump
configure:5823: found /usr/bin/objdump
configure:5834: result: objdump
configure:5866: checking how to recognize dependent libraries
configure:6067: result: pass_all
configure:6157: checking for dlltool
configure:6192: result: no
configure:6222: checking how to associate runtime and link libraries
configure:6250: result: printf %s\n
configure:6316: checking for ar
configure:6337: found /usr/bin/ar
configure:6348: result: ar
configure:6385: checking for archiver @FILE support
configure:6403: gcc -c -O0 -g  conftest.c >&5
configure:6403: $? = 0
configure:6407: ar cru libconftest.a @conftest.lst >&5
ar: `u' modifier ignored since `D' is the default (see `U')
configure:6410: $? = 0
configure:6415: ar cru libconftest.a @conftest.lst >&5
ar: `u' modifier ignored since `D' is the default (see `U')
ar: conftest.o: No such file or directory
configure:6418: $? = 1
configure:6430: result: @
configure:6493: checking for strip
configure:6514: found /usr/bin/strip
configure:6525: result: strip
configure:6602: checking for ranlib
configure:6623: found /usr/bin/ranlib
configure:6634: result: ranlib
configure:6736: checking command to parse /usr/bin/nm -B output from gcc object
configure:6890: gcc -c -O0 -g  conftest.c >&5
configure:6893: $? = 0
configure:6897: /usr/bin/nm -B conftest.o \| sed -n -e 's/^.*[ ]\([ABCDGIRSTW][ABCDGIRSTW]*\)[ ][ ]*\([_A-Za-z][_A-Za-z0-9]*\)$/\1 \2 \2/p' | sed '/ __gnu_lto/d' \> conftest.nm
configure:6900: $? = 0
configure:6966: gcc -o conftest -O0 -g   conftest.c conftstm.o >&5
configure:6969: $? = 0
configure:7007: result: ok
configure:7054: checking for sysroot
configure:7085: result: no
configure:7092: checking for a working dd
configure:7136: result: /usr/bin/dd
configure:7140: checking how to truncate binary pipes
configure:7156: result: /usr/bin/dd bs=4096 count=1
configure:7293: gcc -c -O0 -g  conftest.c >&5
configure:7296: $? = 0
configure:7493: checking for mt
configure:7514: found /usr/bin/mt
configure:7525: result: mt
configure:7548: checking if mt is a manifest tool
configure:7555: mt '-?'
configure:7563: result: no
configure:8293: checking for stdio.h
configure:8293: gcc -c -O0 -g  conftest.c >&5
configure:8293: $? = 0
configure:8293: result: yes
configure:8293: checking for stdlib.h
configure:8293: gcc -c -O0 -g  conftest.c >&5
configure:8293: $? = 0
configure:8293: result: yes
configure:8293: checking for string.h
configure:8293: gcc -c -O0 -g  conftest.c >&5
configure:8293: $? = 0
configure:8293: result: yes
configure:8293: checking for inttypes.h
configure:8293: gcc -c -O0 -g  conftest.c >&5
configure:8293: $? = 0
configure:8293: result: yes
configure:8293: checking for stdint.h
configure:8293: gcc -c -O0 -g  conftest.c >&5
configure:8293: $? = 0
configure:8293: result: yes
configure:8293: checking for strings.h
configure:8293: gcc -c -O0 -g  conftest.c >&5
configure:8293: $? = 0
configure:8293: result: yes
configure:8293: checking for sys/stat.h
configure:8293: gcc -c -O0 -g  conftest.c >&5
configure:8293: $? = 0
configure:8293: result: yes
configure:8293: checking for sys/types.h
configure:8293: gcc -c -O0 -g  conftest.c >&5
configure:8293: $? = 0
configure:8293: result: yes
configure:8293: checking for unistd.h
configure:8293: gcc -c -O0 -g  conftest.c >&5
configure:8293: $? = 0
configure:8293: result: yes
configure:8318: checking for dlfcn.h
configure:8318: gcc -c -O0 -g  conftest.c >&5
configure:8318: $? = 0
configure:8318: result: yes
configure:8577: checking for objdir
configure:8593: result: .libs
configure:8857: checking if gcc supports -fno-rtti -fno-exceptions
configure:8876: gcc -c -O0 -g  -fno-rtti -fno-exceptions conftest.c >&5
cc1: warning: command-line option '-fno-rtti' is valid for C++/D/ObjC++ but not for C
configure:8880: $? = 0
configure:8893: result: no
configure:9251: checking for gcc option to produce PIC
configure:9259: result: -fPIC -DPIC
configure:9267: checking if gcc PIC flag -fPIC -DPIC works
configure:9286: gcc -c -O0 -g  -fPIC -DPIC -DPIC conftest.c >&5
configure:9290: $? = 0
configure:9303: result: yes
configure:9332: checking if gcc static flag -static works
configure:9361: result: yes
configure:9376: checking if gcc supports -c -o file.o
configure:9398: gcc -c -O0 -g  -o out/conftest2.o conftest.c >&5
configure:9402: $? = 0
configure:9424: result: yes
configure:9432: checking if gcc supports -c -o file.o
configure:9480: result: yes
configure:9513: checking whether the gcc linker (/usr/bin/ld -m elf_x86_64) supports shared libraries
configure:10779: result: yes
configure:10816: checking whether -lc should be explicitly linked in
configure:10825: gcc -c -O0 -g  conftest.c >&5
configure:10828: $? = 0
configure:10843: gcc -shared  -fPIC -DPIC conftest.o  -v -Wl,-soname -Wl,conftest -o conftest 2\>\&1 \| /usr/bin/grep  -lc  \>/dev/null 2\>\&1
configure:10846: $? = 0
configure:10860: result: no
configure:11020: checking dynamic linker characteristics
configure:11602: gcc -o conftest -O0 -g   -Wl,-rpath -Wl,/foo conftest.c  >&5
configure:11602: $? = 0
configure:11844: result: GNU/Linux ld.so
configure:11966: checking how to hardcode library paths into programs
configure:11991: result: immediate
configure:12543: checking whether stripping libraries is possible
configure:12548: result: yes
configure:12583: checking if libtool supports shared libraries
configure:12585: result: yes
configure:12588: checking whether to build shared libraries
configure:12613: result: yes
configure:12616: checking whether to build static libraries
configure:12620: result: yes
configure:12667: checking host architecture information
configure:12675: result: 64 bit
configure:12706: Configure libdir parameter for 64 bit architecture
configure:12714: checking weather to enable mcheck
configure:12725: result: no
configure:12735: checking weather to enable testvector
configure:12746: result: no
configure:12756: checking weather to enable printcrypto
configure:12767: result: no
configure:12781: checking for library containing pthread_create
configure:12811: gcc -o conftest -O0 -g   conftest.c  >&5
configure:12811: $? = 0
configure:12831: result: none required
configure:12849: checking for pthread.h
configure:12849: gcc -c -O0 -g  conftest.c >&5
configure:12849: $? = 0
configure:12849: result: yes
configure:12875: checking for library containing clock_gettime
configure:12905: gcc -o conftest -O0 -g   conftest.c  >&5
configure:12905: $? = 0
configure:12925: result: none required
configure:12946: checking for library containing config_init
configure:12976: gcc -o conftest -O0 -g   conftest.c  >&5
/usr/bin/ld: /tmp/ccRhOX9B.o: in function `main':
/home/nils/Dokumente/ASPA+/NIST-BGP-SRx/bgpsec-io/conftest.c:32:(.text+0xe): undefined reference to `config_init'
collect2: error: ld returned 1 exit status
configure:12976: $? = 1
configure: failed program was:
| /* confdefs.h */
| #define PACKAGE_NAME "bgpsecio"
| #define PACKAGE_TARNAME "bgpsecio"
| #define PACKAGE_VERSION "0.2.2.1"
| #define PACKAGE_STRING "bgpsecio 0.2.2.1"
| #define PACKAGE_BUGREPORT "itrg-contact@list.nist.gov"
| #define PACKAGE_URL ""
| #define PACKAGE "bgpsecio"
| #define VERSION "0.2.2.1"
| #define HAVE_STDIO_H 1
| #define HAVE_STDLIB_H 1
| #define HAVE_STRING_H 1
| #define HAVE_INTTYPES_H 1
| #define HAVE_STDINT_H 1
| #define HAVE_STRINGS_H 1
| #define HAVE_SYS_STAT_H 1
| #define HAVE_SYS_TYPES_H 1
| #define HAVE_UNISTD_H 1
| #define STDC_HEADERS 1
| #define HAVE_DLFCN_H 1
| #define LT_OBJDIR ".libs/"
| #define HAVE_PTHREAD_H 1
| /* end confdefs.h.  */
| 
| /* Override any GCC internal prototype to avoid an error.
|    Use char because int might match the return type of a GCC
|    builtin and then its argument prototype would still apply.  */
| char config_init ();
| int
| main (void)
| {
| return config_init ();
|   ;
|   return 0;
| }
configure:12976: gcc -o conftest -O0 -g   conftest.c -lconfig   >&5
configure:12976: $? = 0
configure:12996: result: -lconfig
configure:13017: checking for libconfig int type
configure:13027: result: int
configure:13086: checking for custom SRxCryptoAPI location
configure:13093: result: available
configure:13102: checking for library SRxCryptoAPI V3
configure:13111: result: -lSRxCryptoAPI
configure:13158: checking for /home/nils/Dokumente/ASPA+/NIST-BGP-SRx/local-6.3.3/include/srx/srxcryptoapi.h
configure:13158: gcc -c -O0 -g -DLCONFIG_INT=int  conftest.c >&5
configure:13158: $? = 0
configure:13158: result: yes
configure:13256: checking type of openssl installation to be used
configure:13259: result: default
configure:13292: checking for library crypto
configure:13310: result: -lcrypto
configure:13292: checking for library ssl
configure:13310: result: -lssl
configure:13350: checking for openssl curve prime256v1
configure:13354: result: yes
configure:13371: checking for /usr/include/openssl/crypto.h
configure:13371: gcc -c -O0 -g -DLCONFIG_INT=int  conftest.c >&5
configure:13371: $? = 0
configure:13371: result: yes
configure:13371: checking for /usr/include/openssl/bio.h
configure:13371: gcc -c -O0 -g -DLCONFIG_INT=int  conftest.c >&5
configure:13371: $? = 0
configure:13371: result: yes
configure:13371: checking for /usr/include/openssl/sha.h
configure:13371: gcc -c -O0 -g -DLCONFIG_INT=int  conftest.c >&5
configure:13371: $? = 0
configure:13371: result: yes
configure:13371: checking for /usr/include/openssl/ec.h
configure:13371: gcc -c -O0 -g -DLCONFIG_INT=int  conftest.c >&5
configure:13371: $? = 0
configure:13371: result: yes
configure:13371: checking for /usr/include/openssl/ecdsa.h
configure:13371: gcc -c -O0 -g -DLCONFIG_INT=int  conftest.c >&5
configure:13371: $? = 0
configure:13371: result: yes
configure:13371: checking for /usr/include/openssl/err.h
configure:13371: gcc -c -O0 -g -DLCONFIG_INT=int  conftest.c >&5
configure:13371: $? = 0
configure:13371: result: yes
configure:13422: checking for malloc.h
configure:13422: gcc -c -O0 -g -DLCONFIG_INT=int  conftest.c >&5
configure:13422: $? = 0
configure:13422: result: yes
configure:13422: checking for netdb.h
configure:13422: gcc -c -O0 -g -DLCONFIG_INT=int  conftest.c >&5
configure:13422: $? = 0
configure:13422: result: yes
configure:13422: checking for stddef.h
configure:13422: gcc -c -O0 -g -DLCONFIG_INT=int  conftest.c >&5
configure:13422: $? = 0
configure:13422: result: yes
configure:13422: checking for stdint.h
configure:13422: result: yes
configure:13422: checking for stdlib.h
configure:13422: result: yes
configure:13422: checking for string.h
configure:13422: result: yes
configure:13422: checking for stdio.h
configure:13422: result: yes
configure:13422: checking for pthread.h
configure:13422: result: yes
configure:13422: checking for time.h
configure:13422: gcc -c -O0 -g -DLCONFIG_INT=int  conftest.c >&5
configure:13422: $? = 0
configure:13422: result: yes
configure:13422: checking for math.h
configure:13422: gcc -c -O0 -g -DLCONFIG_INT=int  conftest.c >&5
configure:13422: $? = 0
configure:13422: result: yes
configure:13422: checking for syslog.h
configure:13422: gcc -c -O0 -g -DLCONFIG_INT=int  conftest.c >&5
configure:13422: $? = 0
configure:13422: result: yes
configure:13422: checking for unistd.h
configure:13422: result: yes
configure:13422: checking for errno.h
configure:13422: gcc -c -O0 -g -DLCONFIG_INT=int  conftest.c >&5
configure:13422: $? = 0
configure:13422: result: yes
configure:13422: checking for netinet/in.h
configure:13422: gcc -c -O0 -g -DLCONFIG_INT=int  conftest.c >&5
configure:13422: $? = 0
configure:13422: result: yes
configure:13422: checking for arpa/inet.h
configure:13422: gcc -c -O0 -g -DLCONFIG_INT=int  conftest.c >&5
configure:13422: $? = 0
configure:13422: result: yes
configure:13422: checking for sys/socket.h
configure:13422: gcc -c -O0 -g -DLCONFIG_INT=int  conftest.c >&5
configure:13422: $? = 0
configure:13422: result: yes
configure:13422: checking for sys/types.h
configure:13422: result: yes
configure:13422: checking for readline/chardefs.h
configure:13422: gcc -c -O0 -g -DLCONFIG_INT=int  conftest.c >&5
configure:13422: $? = 0
configure:13422: result: yes
configure:13447: checking for _Bool
configure:13447: gcc -c -O0 -g -DLCONFIG_INT=int  conftest.c >&5
configure:13447: $? = 0
configure:13447: gcc -c -O0 -g -DLCONFIG_INT=int  conftest.c >&5
conftest.c: In function 'main':
conftest.c:80:20: error: expected expression before ')' token
   80 | if (sizeof ((_Bool)))
      |                    ^
configure:13447: $? = 1
configure: failed program was:
| /* confdefs.h */
| #define PACKAGE_NAME "bgpsecio"
| #define PACKAGE_TARNAME "bgpsecio"
| #define PACKAGE_VERSION "0.2.2.1"
| #define PACKAGE_STRING "bgpsecio 0.2.2.1"
| #define PACKAGE_BUGREPORT "itrg-contact@list.nist.gov"
| #define PACKAGE_URL ""
| #define PACKAGE "bgpsecio"
| #define VERSION "0.2.2.1"
| #define HAVE_STDIO_H 1
| #define HAVE_STDLIB_H 1
| #define HAVE_STRING_H 1
| #define HAVE_INTTYPES_H 1
| #define HAVE_STDINT_H 1
| #define HAVE_STRINGS_H 1
| #define HAVE_SYS_STAT_H 1
| #define HAVE_SYS_TYPES_H 1
| #define HAVE_UNISTD_H 1
| #define STDC_HEADERS 1
| #define HAVE_DLFCN_H 1
| #define LT_OBJDIR ".libs/"
| #define HAVE_PTHREAD_H 1
| #define HAVE__HOME_NILS_DOKUMENTE_ASPA__NIST_BGP_SRX_LOCAL_6_3_3_INCLUDE_SRX_SRXCRYPTOAPI_H 1
| #define HAVE__USR_INCLUDE_OPENSSL_CRYPTO_H 1
| #define HAVE__USR_INCLUDE_OPENSSL_BIO_H 1
| #define HAVE__USR_INCLUDE_OPENSSL_SHA_H 1
| #define HAVE__USR_INCLUDE_OPENSSL_EC_H 1
| #define HAVE__USR_INCLUDE_OPENSSL_ECDSA_H 1
| #define HAVE__USR_INCLUDE_OPENSSL_ERR_H 1
| #define HAVE_MALLOC_H 1
| #define HAVE_NETDB_H 1
| #define HAVE_STDDEF_H 1
| #define HAVE_STDINT_H 1
| #define HAVE_STDLIB_H 1
| #define HAVE_STRING_H 1
| #define HAVE_STDIO_H 1
| #define HAVE_PTHREAD_H 1
| #define HAVE_TIME_H 1
| #define HAVE_MATH_H 1
| #define HAVE_SYSLOG_H 1
| #define HAVE_UNISTD_H 1
| #define HAVE_ERRNO_H 1
| #define HAVE_NETINET_IN_H 1
| #define HAVE_ARPA_INET_H 1
| #define HAVE_SYS_SOCKET_H 1
| #define HAVE_SYS_TYPES_H 1
| #define HAVE_READLINE_CHARDEFS_H 1
| /* end confdefs.h.  */
| #include <stddef.h>
| #ifdef HAVE_STDIO_H
| # include <stdio.h>
| #endif
| #ifdef HAVE_STDLIB_H
| # include <stdlib.h>
| #endif
| #ifdef HAVE_STRING_H
| # include <string.h>
| #endif
| #ifdef HAVE_INTTYPES_H
| # include <inttypes.h>
| #endif
| #ifdef HAVE_STDINT_H
| # include <stdint.h>
| #endif
| #ifdef HAVE_STRINGS_H
| # include <strings.h>
| #endif
| #ifdef HAVE_SYS_TYPES_H
| # include <sys/types.h>
| #endif
| #ifdef HAVE_SYS_STAT_H
| # include <sys/stat.h>
| #endif
| #ifdef HAVE_UNISTD_H
| # include <unistd.h>
| #endif
| int
| main (void)
| {
| if (sizeof ((_Bool)))
| 	    return 0;
|   ;
|   return 0;
| }
configure:13447: result: yes
configure:13456: checking for stdbool.h that conforms to C99
configure:13572: gcc -c -O0 -g -DLCONFIG_INT=int  conftest.c >&5
configure:13572: $? = 0
configure:13580: result: yes
configure:13589: checking for size_t
configure:13589: gcc -c -O0 -g -DLCONFIG_INT=int  conftest.c >&5
configure:13589: $? = 0
configure:13589: gcc -c -O0 -g -DLCONFIG_INT=int  conftest.c >&5
conftest.c: In function 'main':
conftest.c:82:21: error: expected expression before ')' token
   82 | if (sizeof ((size_t)))
      |                     ^
configure:13589: $? = 1
configure: failed program was:
| /* confdefs.h */
| #define PACKAGE_NAME "bgpsecio"
| #define PACKAGE_TARNAME "bgpsecio"
| #define PACKAGE_VERSION "0.2.2.1"
| #define PACKAGE_STRING "bgpsecio 0.2.2.1"
| #define PACKAGE_BUGREPORT "itrg-contact@list.nist.gov"
| #define PACKAGE_URL ""
| #define PACKAGE "bgpsecio"
| #define VERSION "0.2.2.1"
| #define HAVE_STDIO_H 1
| #define HAVE_STDLIB_H 1
| #define HAVE_STRING_H 1
| #define HAVE_INTTYPES_H 1
| #define HAVE_STDINT_H 1
| #define HAVE_STRINGS_H 1
| #define HAVE_SYS_STAT_H 1
| #define HAVE_SYS_TYPES_H 1
| #define HAVE_UNISTD_H 1
| #define STDC_HEADERS 1
| #define HAVE_DLFCN_H 1
| #define LT_OBJDIR ".libs/"
| #define HAVE_PTHREAD_H 1
| #define HAVE__HOME_NILS_DOKUMENTE_ASPA__NIST_BGP_SRX_LOCAL_6_3_3_INCLUDE_SRX_SRXCRYPTOAPI_H 1
| #define HAVE__USR_INCLUDE_OPENSSL_CRYPTO_H 1
| #define HAVE__USR_INCLUDE_OPENSSL_BIO_H 1
| #define HAVE__USR_INCLUDE_OPENSSL_SHA_H 1
| #define HAVE__USR_INCLUDE_OPENSSL_EC_H 1
| #define HAVE__USR_INCLUDE_OPENSSL_ECDSA_H 1
| #define HAVE__USR_INCLUDE_OPENSSL_ERR_H 1
| #define HAVE_MALLOC_H 1
| #define HAVE_NETDB_H 1
| #define HAVE_STDDEF_H 1
| #define HAVE_STDINT_H 1
| #define HAVE_STDLIB_H 1
| #define HAVE_STRING_H 1
| #define HAVE_STDIO_H 1
| #define HAVE_PTHREAD_H 1
| #define HAVE_TIME_H 1
| #define HAVE_MATH_H 1
| #define HAVE_SYSLOG_H 1
| #define HAVE_UNISTD_H 1
| #define HAVE_ERRNO_H 1
| #define HAVE_NETINET_IN_H 1
| #define HAVE_ARPA_INET_H 1
| #define HAVE_SYS_SOCKET_H 1
| #define HAVE_SYS_TYPES_H 1
| #define HAVE_READLINE_CHARDEFS_H 1
| #define HAVE__BOOL 1
| #define HAVE_STDBOOL_H 1
| /* end confdefs.h.  */
| #include <stddef.h>
| #ifdef HAVE_STDIO_H
| # include <stdio.h>
| #endif
| #ifdef HAVE_STDLIB_H
| # include <stdlib.h>
| #endif
| #ifdef HAVE_STRING_H
| # include <string.h>
| #endif
| #ifdef HAVE_INTTYPES_H
| # include <inttypes.h>
| #endif
| #ifdef HAVE_STDINT_H
| # include <stdint.h>
| #endif
| #ifdef HAVE_STRINGS_H
| # include <strings.h>
| #endif
| #ifdef HAVE_SYS_TYPES_H
| # include <sys/types.h>
| #endif
| #ifdef HAVE_SYS_STAT_H
| # include <sys/stat.h>
| #endif
| #ifdef HAVE_UNISTD_H
| # include <unistd.h>
| #endif
| int
| main (void)
| {
| if (sizeof ((size_t)))
| 	    return 0;
|   ;
|   return 0;
| }
configure:13589: result: yes
configure:13599: checking for uint32_t
configure:13599: gcc -c -O0 -g -DLCONFIG_INT=int  conftest.c >&5
configure:13599: $? = 0
configure:13599: result: yes
configure:13611: checking for uint16_t
configure:13611: gcc -c -O0 -g -DLCONFIG_INT=int  conftest.c >&5
configure:13611: $? = 0
configure:13611: result: yes
configure:13621: checking for uint8_t
configure:13621: gcc -c -O0 -g -DLCONFIG_INT=int  conftest.c >&5
configure:13621: $? = 0
configure:13621: result: yes
configure:13635: checking for GNU libc compatible malloc
configure:13667: gcc -o conftest -O0 -g -DLCONFIG_INT=int   conftest.c -lconfig  >&5
configure:13667: $? = 0
configure:13667: ./conftest
configure:13667: $? = 0
configure:13678: result: yes
configure:13700: checking for GNU libc compatible realloc
configure:13732: gcc -o conftest -O0 -g -DLCONFIG_INT=int   conftest.c -lconfig  >&5
configure:13732: $? = 0
configure:13732: ./conftest
configure:13732: $? = 0
configure:13743: result: yes
configure:13765: checking for localtime_r
configure:13765: gcc -o conftest -O0 -g -DLCONFIG_INT=int   conftest.c -lconfig  >&5
configure:13765: $? = 0
configure:13765: result: yes
configure:13771: checking for memset
configure:13771: gcc -o conftest -O0 -g -DLCONFIG_INT=int   conftest.c -lconfig  >&5
conftest.c:70:6: warning: conflicting types for built-in function 'memset'; expected 'void *(void *, int,  long unsigned int)' [-Wbuiltin-declaration-mismatch]
   70 | char memset ();
      |      ^~~~~~
conftest.c:62:1: note: 'memset' is declared in header '<string.h>'
   61 | #include <limits.h>
   62 | #undef memset
configure:13771: $? = 0
configure:13771: result: yes
configure:13777: checking for socket
configure:13777: gcc -o conftest -O0 -g -DLCONFIG_INT=int   conftest.c -lconfig  >&5
configure:13777: $? = 0
configure:13777: result: yes
configure:13783: checking for strchr
configure:13783: gcc -o conftest -O0 -g -DLCONFIG_INT=int   conftest.c -lconfig  >&5
conftest.c:72:6: warning: conflicting types for built-in function 'strchr'; expected 'char *(const char *, int)' [-Wbuiltin-declaration-mismatch]
   72 | char strchr ();
      |      ^~~~~~
conftest.c:64:1: note: 'strchr' is declared in header '<string.h>'
   63 | #include <limits.h>
   64 | #undef strchr
configure:13783: $? = 0
configure:13783: result: yes
configure:13789: checking for strerror
configure:13789: gcc -o conftest -O0 -g -DLCONFIG_INT=int   conftest.c -lconfig  >&5
configure:13789: $? = 0
configure:13789: result: yes
configure:13852: result: Linux IPv6
configure:13857: checking whether libc has IPv6 support
configure:13870: gcc -o conftest -O0 -g -DLCONFIG_INT=int -DCPU_64   conftest.c -lconfig  >&5
configure:13870: $? = 0
configure:13872: result: yes
configure:13885: checking for GNU libc >= 2.1
configure:14025: checking that generated files are newer than configure
configure:14031: result: done
configure:14058: creating ./config.status

## ---------------------- ##
## Running config.status. ##
## ---------------------- ##

This file was extended by bgpsecio config.status 0.2.2.1, which was
generated by GNU Autoconf 2.71.  Invocation command line was

  CONFIG_FILES    = 
  CONFIG_HEADERS  = 
  CONFIG_LINKS    = 
  CONFIG_COMMANDS = 
  $ ./config.status 

on nils

config.status:1144: creating Makefile
config.status:1144: creating antd-util/Makefile
config.status:1144: creating bgpsecio-0.2.2.1.spec
config.status:1144: creating config.h
config.status:1325: config.h is unchanged
config.status:1373: executing depfiles commands
config.status:1450: cd .       && sed -e '/# am--include-marker/d' Makefile         | make -f - am--depfiles
make: Nothing to be done for 'am--depfiles'.
config.status:1455: $? = 0
config.status:1450: cd antd-util       && sed -e '/# am--include-marker/d' Makefile         | make -f - am--depfiles
make: Nothing to be done for 'am--depfiles'.
config.status:1455: $? = 0
config.status:1373: executing libtool commands

## ---------------- ##
## Cache variables. ##
## ---------------- ##

ac_cv_build=x86_64-pc-linux-gnu
ac_cv_c_compiler_gnu=yes
ac_cv_c_uint16_t=yes
ac_cv_c_uint32_t=yes
ac_cv_c_uint8_t=yes
ac_cv_env_CC_set=
ac_cv_env_CC_value=
ac_cv_env_CFLAGS_set=set
ac_cv_env_CFLAGS_value='-O0 -g'
ac_cv_env_CPPFLAGS_set=
ac_cv_env_CPPFLAGS_value=
ac_cv_env_LDFLAGS_set=
ac_cv_env_LDFLAGS_value=
ac_cv_env_LIBS_set=
ac_cv_env_LIBS_value=
ac_cv_env_LT_SYS_LIBRARY_PATH_set=
ac_cv_env_LT_SYS_LIBRARY_PATH_value=
ac_cv_env_build_alias_set=
ac_cv_env_build_alias_value=
ac_cv_env_host_alias_set=
ac_cv_env_host_alias_value=
ac_cv_env_openssl_dir_set=
ac_cv_env_openssl_dir_value=
ac_cv_env_sca_dir_set=set
ac_cv_env_sca_dir_value=/home/nils/Dokumente/ASPA+/NIST-BGP-SRx/local-6.3.3
ac_cv_env_target_alias_set=
ac_cv_env_target_alias_value=
ac_cv_func_localtime_r=yes
ac_cv_func_malloc_0_nonnull=yes
ac_cv_func_memset=yes
ac_cv_func_realloc_0_nonnull=yes
ac_cv_func_socket=yes
ac_cv_func_strchr=yes
ac_cv_func_strerror=yes
ac_cv_header__home_nils_Dokumente_ASPAp_NIST_BGP_SRx_local_6_3_3_include_srx_srxcryptoapi_h=yes
ac_cv_header__usr_include_openssl_bio_h=yes
ac_cv_header__usr_include_openssl_crypto_h=yes
ac_cv_header__usr_include_openssl_ec_h=yes
ac_cv_header__usr_include_openssl_ecdsa_h=yes
ac_cv_header__usr_include_openssl_err_h=yes
ac_cv_header__usr_include_openssl_sha_h=yes
ac_cv_header_arpa_inet_h=yes
ac_cv_header_dlfcn_h=yes
ac_cv_header_errno_h=yes
ac_cv_header_inttypes_h=yes
ac_cv_header_malloc_h=yes
ac_cv_header_math_h=yes
ac_cv_header_netdb_h=yes
ac_cv_header_netinet_in_h=yes
ac_cv_header_pthread_h=yes
ac_cv_header_readline_chardefs_h=yes
ac_cv_header_stdbool_h=yes
ac_cv_header_stddef_h=yes
ac_cv_header_stdint_h=yes
ac_cv_header_stdio_h=yes
ac_cv_header_stdlib_h=yes
ac_cv_header_string_h=yes
ac_cv_header_strings_h=yes
ac_cv_header_sys_socket_h=yes
ac_cv_header_sys_stat_h=yes
ac_cv_header_sys_types_h=yes
ac_cv_header_syslog_h=yes
ac_cv_header_time_h=yes
ac_cv_header_unistd_h=yes
ac_cv_host=x86_64-pc-linux-gnu
ac_cv_objext=o
ac_cv_path_EGREP='/usr/bin/grep -E'
ac_cv_path_FGREP='/usr/bin/grep -F'
ac_cv_path_GREP=/usr/bin/grep
ac_cv_path_SED=/usr/bin/sed
ac_cv_path_install='/usr/bin/install -c'
ac_cv_path_lt_DD=/usr/bin/dd
ac_cv_path_mkdir=/usr/bin/mkdir
ac_cv_prog_AWK=mawk
ac_cv_prog_ac_ct_AR=ar
ac_cv_prog_ac_ct_CC=gcc
ac_cv_prog_ac_ct_MANIFEST_TOOL=mt
ac_cv_prog_ac_ct_OBJDUMP=objdump
ac_cv_prog_ac_ct_RANLIB=ranlib
ac_cv_prog_ac_ct_STRIP=strip
ac_cv_prog_cc_c11=
ac_cv_prog_cc_g=yes
ac_cv_prog_cc_stdc=
ac_cv_prog_make_make_set=yes
ac_cv_search_clock_gettime='none required'
ac_cv_search_config_init=-lconfig
ac_cv_search_pthread_create='none required'
ac_cv_type__Bool=yes
ac_cv_type_size_t=yes
am_cv_CC_dependencies_compiler_type=gcc3
am_cv_make_support_nested_variables=yes
am_cv_prog_cc_c_o=yes
lt_cv_ar_at_file=@
lt_cv_archive_cmds_need_lc=no
lt_cv_deplibs_check_method=pass_all
lt_cv_file_magic_cmd='$MAGIC_CMD'
lt_cv_file_magic_test_file=
lt_cv_ld_reload_flag=-r
lt_cv_nm_interface='BSD nm'
lt_cv_objdir=.libs
lt_cv_path_LD=/usr/bin/ld
lt_cv_path_NM='/usr/bin/nm -B'
lt_cv_path_mainfest_tool=no
lt_cv_prog_compiler_c_o=yes
lt_cv_prog_compiler_pic='-fPIC -DPIC'
lt_cv_prog_compiler_pic_works=yes
lt_cv_prog_compiler_rtti_exceptions=no
lt_cv_prog_compiler_static_works=yes
lt_cv_prog_gnu_ld=yes
lt_cv_sharedlib_from_linklib_cmd='printf %s\n'
lt_cv_shlibpath_overrides_runpath=yes
lt_cv_sys_global_symbol_pipe='sed -n -e '\''s/^.*[	 ]\([ABCDGIRSTW][ABCDGIRSTW]*\)[	 ][	 ]*\([_A-Za-z][_A-Za-z0-9]*\)$/\1 \2 \2/p'\'' | sed '\''/ __gnu_lto/d'\'''
lt_cv_sys_global_symbol_to_c_name_address='sed -n -e '\''s/^: \(.*\) .*$/  {"\1", (void *) 0},/p'\'' -e '\''s/^[ABCDGIRSTW][ABCDGIRSTW]* .* \(.*\)$/  {"\1", (void *) \&\1},/p'\'''
lt_cv_sys_global_symbol_to_c_name_address_lib_prefix='sed -n -e '\''s/^: \(.*\) .*$/  {"\1", (void *) 0},/p'\'' -e '\''s/^[ABCDGIRSTW][ABCDGIRSTW]* .* \(lib.*\)$/  {"\1", (void *) \&\1},/p'\'' -e '\''s/^[ABCDGIRSTW][ABCDGIRSTW]* .* \(.*\)$/  {"lib\1", (void *) \&\1},/p'\'''
lt_cv_sys_global_symbol_to_cdecl='sed -n -e '\''s/^T .* \(.*\)$/extern int \1();/p'\'' -e '\''s/^[ABCDGIRSTW][ABCDGIRSTW]* .* \(.*\)$/extern char \1;/p'\'''
lt_cv_sys_global_symbol_to_import=
lt_cv_sys_max_cmd_len=1572864
lt_cv_to_host_file_cmd=func_convert_file_noop
lt_cv_to_tool_file_cmd=func_convert_file_noop
lt_cv_truncate_bin='/usr/bin/dd bs=4096 count=1'

## ----------------- ##
## Output variables. ##
## ----------------- ##

ACLOCAL='${SHELL} '\''/home/nils/Dokumente/ASPA+/NIST-BGP-SRx/bgpsec-io/missing'\'' aclocal-1.16'
AMDEPBACKSLASH='\'
AMDEP_FALSE='#'
AMDEP_TRUE=''
AMTAR='$${TAR-tar}'
AM_BACKSLASH='\'
AM_DEFAULT_V='$(AM_DEFAULT_VERBOSITY)'
AM_DEFAULT_VERBOSITY='1'
AM_V='$(V)'
AR='ar'
AUTOCONF='${SHELL} '\''/home/nils/Dokumente/ASPA+/NIST-BGP-SRx/bgpsec-io/missing'\'' autoconf'
AUTOHEADER='${SHELL} '\''/home/nils/Dokumente/ASPA+/NIST-BGP-SRx/bgpsec-io/missing'\'' autoheader'
AUTOMAKE='${SHELL} '\''/home/nils/Dokumente/ASPA+/NIST-BGP-SRx/bgpsec-io/missing'\'' automake-1.16'
AWK='mawk'
CC='gcc'
CCDEPMODE='depmode=gcc3'
CFLAGS='-O0 -g -DLCONFIG_INT=int -DCPU_64'
CPPFLAGS=''
CPU_ARCH='64'
CPU_ARCH_FLAG='-DCPU_64'
CREATE_TESTVECTOR=''
CSCOPE='cscope'
CTAGS='ctags'
CYGPATH_W='echo'
DEFS='-DHAVE_CONFIG_H'
DEPDIR='.deps'
DLLTOOL='false'
DSYMUTIL=''
DUMPBIN=''
ECHO_C=''
ECHO_N='-n'
ECHO_T=''
EGREP='/usr/bin/grep -E'
ETAGS='etags'
EXEEXT=''
FGREP='/usr/bin/grep -F'
GREP='/usr/bin/grep'
HAVE_LIBCONFIG='1'
HAVE_LIBSRxCryptoAPI='1'
INSTALL_DATA='${INSTALL} -m 644'
INSTALL_PROGRAM='${INSTALL}'
INSTALL_SCRIPT='${INSTALL}'
INSTALL_STRIP_PROGRAM='$(install_sh) -c -s'
LCONFIG_INT='int'
LD='/usr/bin/ld -m elf_x86_64'
LDFLAGS=''
LIBOBJS=''
LIBS='-lconfig '
LIBTOOL='$(SHELL) $(top_builddir)/libtool'
LIB_VER_INFO='2:2:0'
LIB_VER_INFO_COND_FALSE='#'
LIB_VER_INFO_COND_TRUE=''
LIPO=''
LN_S='ln -s'
LTLIBOBJS=''
LT_SYS_LIBRARY_PATH=''
MAJOR_VER='2'
MAKEINFO='${SHELL} '\''/home/nils/Dokumente/ASPA+/NIST-BGP-SRx/bgpsec-io/missing'\'' makeinfo'
MANIFEST_TOOL=':'
MCHECK=''
MINOR_VER='2'
MKDIR_P='/usr/bin/mkdir -p'
NM='/usr/bin/nm -B'
NMEDIT=''
OBJDUMP='objdump'
OBJEXT='o'
OPENSSL_CFLAGS=''
OPENSSL_LDFLAGS=''
OPENSSL_LIBS='-lcrypto -lssl '
OS_CFLAGS='-DOS_UBUNTU'
OTOOL64=''
OTOOL=''
PACKAGE='bgpsecio'
PACKAGE_BUGREPORT='itrg-contact@list.nist.gov'
PACKAGE_NAME='bgpsecio'
PACKAGE_STRING='bgpsecio 0.2.2.1'
PACKAGE_TARNAME='bgpsecio'
PACKAGE_URL=''
PACKAGE_VERSION='0.2.2.1'
PATH_SEPARATOR=':'
PKG_VER='0'
PRINT_CRYPTO=''
RANLIB='ranlib'
SCA_CFLAGS='-I/home/nils/Dokumente/ASPA+/NIST-BGP-SRx/local-6.3.3/include'
SCA_LDFLAGS='-L/home/nils/Dokumente/ASPA+/NIST-BGP-SRx/local-6.3.3/lib64/srx'
SCA_LIBS='-lSRxCryptoAPI'
SED='/usr/bin/sed'
SET_MAKE=''
SHELL='/bin/bash'
STRIP='strip'
TESTMAKE=''
UPD_VER='1'
VERSION='0.2.2.1'
VER_INFO='2.0.2'
ac_ct_AR='ar'
ac_ct_CC='gcc'
ac_ct_DUMPBIN=''
am__EXEEXT_FALSE=''
am__EXEEXT_TRUE='#'
am__fastdepCC_FALSE='#'
am__fastdepCC_TRUE=''
am__include='include'
am__isrc=''
am__leading_dot='.'
am__nodep='_no'
am__quote=''
am__tar='$${TAR-tar} chof - "$$tardir"'
am__untar='$${TAR-tar} xf -'
bindir='${exec_prefix}/bin'
build='x86_64-pc-linux-gnu'
build_alias=''
build_cpu='x86_64'
build_os='linux-gnu'
build_vendor='pc'
datadir='${datarootdir}'
datarootdir='${prefix}/share'
docdir='${datarootdir}/doc/${PACKAGE_TARNAME}'
dvidir='${docdir}'
exec_prefix='${prefix}'
host='x86_64-pc-linux-gnu'
host_alias=''
host_cpu='x86_64'
host_os='linux-gnu'
host_vendor='pc'
htmldir='${docdir}'
includedir='${prefix}/include'
infodir='${datarootdir}/info'
install_sh='${SHELL} /home/nils/Dokumente/ASPA+/NIST-BGP-SRx/bgpsec-io/install-sh'
libdir='${exec_prefix}/lib64'
libexecdir='${exec_prefix}/libexec'
localedir='${datarootdir}/locale'
localstatedir='${prefix}/var'
mandir='${datarootdir}/man'
mkdir_p='$(MKDIR_P)'
oldincludedir='/usr/include'
openssl_dir=''
pdfdir='${docdir}'
prefix='/home/nils/Dokumente/ASPA+/NIST-BGP-SRx/local-6.3.3'
program_transform_name='s,x,x,'
psdir='${docdir}'
runstatedir='${localstatedir}/run'
sbindir='${exec_prefix}/sbin'
sca_dir='/home/nils/Dokumente/ASPA+/NIST-BGP-SRx/local-6.3.3'
sharedstatedir='${prefix}/com'
sysconfdir='${prefix}/etc'
target_alias=''

## ----------- ##
## confdefs.h. ##
## ----------- ##

/* confdefs.h */
#define PACKAGE_NAME "bgpsecio"
#define PACKAGE_TARNAME "bgpsecio"
#define PACKAGE_VERSION "0.2.2.1"
#define PACKAGE_STRING "bgpsecio 0.2.2.1"
#define PACKAGE_BUGREPORT "itrg-contact@list.nist.gov"
#define PACKAGE_URL ""
#define PACKAGE "bgpsecio"
#define VERSION "0.2.2.1"
#define HAVE_STDIO_H 1
#define HAVE_STDLIB_H 1
#define HAVE_STRING_H 1
#define HAVE_INTTYPES_H 1
#define HAVE_STDINT_H 1
#define HAVE_STRINGS_H 1
#define HAVE_SYS_STAT_H 1
#define HAVE_SYS_TYPES_H 1
#define HAVE_UNISTD_H 1
#define STDC_HEADERS 1
#define HAVE_DLFCN_H 1
#define LT_OBJDIR ".libs/"
#define HAVE_PTHREAD_H 1
#define HAVE__HOME_NILS_DOKUMENTE_ASPA__NIST_BGP_SRX_LOCAL_6_3_3_INCLUDE_SRX_SRXCRYPTOAPI_H 1
#define HAVE__USR_INCLUDE_OPENSSL_CRYPTO_H 1
#define HAVE__USR_INCLUDE_OPENSSL_BIO_H 1
#define HAVE__USR_INCLUDE_OPENSSL_SHA_H 1
#define HAVE__USR_INCLUDE_OPENSSL_EC_H 1
#define HAVE__USR_INCLUDE_OPENSSL_ECDSA_H 1
#define HAVE__USR_INCLUDE_OPENSSL_ERR_H 1
#define HAVE_MALLOC_H 1
#define HAVE_NETDB_H 1
#define HAVE_STDDEF_H 1
#define HAVE_STDINT_H 1
#define HAVE_STDLIB_H 1
#define HAVE_STRING_H 1
#define HAVE_STDIO_H 1
#define HAVE_PTHREAD_H 1
#define HAVE_TIME_H 1
#define HAVE_MATH_H 1
#define HAVE_SYSLOG_H 1
#define HAVE_UNISTD_H 1
#define HAVE_ERRNO_H 1
#define HAVE_NETINET_IN_H 1
#define HAVE_ARPA_INET_H 1
#define HAVE_SYS_SOCKET_H 1
#define HAVE_SYS_TYPES_H 1
#define HAVE_READLINE_CHARDEFS_H 1
#define HAVE__BOOL 1
#define HAVE_STDBOOL_H 1
#define HAVE_MALLOC 1
#define HAVE_REALLOC 1
#define HAVE_LOCALTIME_R 1
#define HAVE_MEMSET 1
#define HAVE_SOCKET 1
#define HAVE_STRCHR 1
#define HAVE_STRERROR 1
#define HAVE_IPV6 1

configure: exit 0
