This file contains any messages produced by compilers while
running configure, to aid debugging if configure makes a mistake.

It was created by SRx configure 0.6.2.1, which was
generated by GNU Autoconf 2.71.  Invocation command line was

  $ ./configure --disable-option-checking --prefix=/home/nils/Dokumente/ASPA+/NIST-BGP-SRx/local-6.3.3 sca_dir=/home/nils/Dokumente/ASPA+/NIST-BGP-SRx/local-6.3.3 'CFLAGS=-O0 -g' --cache-file=/dev/null --srcdir=. --no-create --no-recursion

## --------- ##
## Platform. ##
## --------- ##

hostname = nils
uname -m = x86_64
uname -r = 6.11.0-26-generic
uname -s = Linux
uname -v = #26~24.04.1-Ubuntu SMP PREEMPT_DYNAMIC Thu Apr 17 19:20:47 UTC 2

/usr/bin/uname -p = x86_64
/bin/uname -X     = unknown

/bin/arch              = x86_64
/usr/bin/arch -k       = unknown
/usr/convex/getsysinfo = unknown
/usr/bin/hostinfo      = unknown
/bin/machine           = unknown
/usr/bin/oslevel       = unknown
/bin/universe          = unknown

PATH: /usr/local/sbin/
PATH: /usr/local/bin/
PATH: /usr/sbin/
PATH: /usr/bin/
PATH: /sbin/
PATH: /bin/
PATH: /snap/bin/


## ----------- ##
## Core tests. ##
## ----------- ##

configure:2517: looking for aux files: compile config.guess config.sub ltmain.sh missing install-sh
configure:2530:  trying ./
configure:2559:   ./compile found
configure:2559:   ./config.guess found
configure:2559:   ./config.sub found
configure:2559:   ./ltmain.sh found
configure:2559:   ./missing found
configure:2541:   ./install-sh found
configure:2690: checking for a BSD-compatible install
configure:2763: result: /usr/bin/install -c
configure:2774: checking whether build environment is sane
configure:2829: result: yes
configure:2988: checking for a race-free mkdir -p
configure:3032: result: /usr/bin/mkdir -p
configure:3039: checking for gawk
configure:3074: result: no
configure:3039: checking for mawk
configure:3060: found /usr/bin/mawk
configure:3071: result: mawk
configure:3082: checking whether make sets $(MAKE)
configure:3105: result: yes
configure:3135: checking whether make supports nested variables
configure:3153: result: yes
configure:3322: checking build system type
configure:3337: result: x86_64-pc-linux-gnu
configure:3357: checking host system type
configure:3371: result: x86_64-pc-linux-gnu
configure:3412: checking how to print strings
configure:3439: result: printf
configure:3473: checking whether make supports the include directive
configure:3488: make -f confmf.GNU && cat confinc.out
make[3]: Entering directory '/home/nils/Dokumente/ASPA+/NIST-BGP-SRx/srx-server/src'
make[3]: Leaving directory '/home/nils/Dokumente/ASPA+/NIST-BGP-SRx/srx-server/src'
this is the am__doit target
configure:3491: $? = 0
configure:3510: result: yes (GNU style)
configure:3586: checking for gcc
configure:3607: found /usr/bin/gcc
configure:3618: result: gcc
configure:3971: checking for C compiler version
configure:3980: gcc --version >&5
gcc (Ubuntu 13.3.0-6ubuntu2~24.04) 13.3.0
Copyright (C) 2023 Free Software Foundation, Inc.
This is free software; see the source for copying conditions.  There is NO
warranty; not even for MERCHANTABILITY or FITNESS FOR A PARTICULAR PURPOSE.

configure:3991: $? = 0
configure:3980: gcc -v >&5
Using built-in specs.
COLLECT_GCC=gcc
COLLECT_LTO_WRAPPER=/usr/libexec/gcc/x86_64-linux-gnu/13/lto-wrapper
OFFLOAD_TARGET_NAMES=nvptx-none:amdgcn-amdhsa
OFFLOAD_TARGET_DEFAULT=1
Target: x86_64-linux-gnu
Configured with: ../src/configure -v --with-pkgversion='Ubuntu 13.3.0-6ubuntu2~24.04' --with-bugurl=file:///usr/share/doc/gcc-13/README.Bugs --enable-languages=c,ada,c++,go,d,fortran,objc,obj-c++,m2 --prefix=/usr --with-gcc-major-version-only --program-suffix=-13 --program-prefix=x86_64-linux-gnu- --enable-shared --enable-linker-build-id --libexecdir=/usr/libexec --without-included-gettext --enable-threads=posix --libdir=/usr/lib --enable-nls --enable-bootstrap --enable-clocale=gnu --enable-libstdcxx-debug --enable-libstdcxx-time=yes --with-default-libstdcxx-abi=new --enable-libstdcxx-backtrace --enable-gnu-unique-object --disable-vtable-verify --enable-plugin --enable-default-pie --with-system-zlib --enable-libphobos-checking=release --with-target-system-zlib=auto --enable-objc-gc=auto --enable-multiarch --disable-werror --enable-cet --with-arch-32=i686 --with-abi=m64 --with-multilib-list=m32,m64,mx32 --enable-multilib --with-tune=generic --enable-offload-targets=nvptx-none=/build/gcc-13-fG75Ri/gcc-13-13.3.0/debian/tmp-nvptx/usr,amdgcn-amdhsa=/build/gcc-13-fG75Ri/gcc-13-13.3.0/debian/tmp-gcn/usr --enable-offload-defaulted --without-cuda-driver --enable-checking=release --build=x86_64-linux-gnu --host=x86_64-linux-gnu --target=x86_64-linux-gnu --with-build-config=bootstrap-lto-lean --enable-link-serialization=2
Thread model: posix
Supported LTO compression algorithms: zlib zstd
gcc version 13.3.0 (Ubuntu 13.3.0-6ubuntu2~24.04) 
... rest of stderr output deleted ...
configure:3991: $? = 0
configure:3980: gcc -V >&5
gcc: error: unrecognized command-line option '-V'
gcc: fatal error: no input files
compilation terminated.
configure:3991: $? = 1
configure:3980: gcc -qversion >&5
gcc: error: unrecognized command-line option '-qversion'; did you mean '--version'?
gcc: fatal error: no input files
compilation terminated.
configure:3991: $? = 1
configure:3980: gcc -version >&5
gcc: error: unrecognized command-line option '-version'
gcc: fatal error: no input files
compilation terminated.
configure:3991: $? = 1
configure:4011: checking whether the C compiler works
configure:4033: gcc -O0 -g   conftest.c  >&5
configure:4037: $? = 0
configure:4087: result: yes
configure:4090: checking for C compiler default output file name
configure:4092: result: a.out
configure:4098: checking for suffix of executables
configure:4105: gcc -o conftest -O0 -g   conftest.c  >&5
configure:4109: $? = 0
configure:4132: result: 
configure:4154: checking whether we are cross compiling
configure:4162: gcc -o conftest -O0 -g   conftest.c  >&5
configure:4166: $? = 0
configure:4173: ./conftest
configure:4177: $? = 0
configure:4192: result: no
configure:4197: checking for suffix of object files
configure:4220: gcc -c -O0 -g  conftest.c >&5
configure:4224: $? = 0
configure:4246: result: o
configure:4250: checking whether the compiler supports GNU C
configure:4270: gcc -c -O0 -g  conftest.c >&5
configure:4270: $? = 0
configure:4280: result: yes
configure:4291: checking whether gcc accepts -g
configure:4312: gcc -c -g  conftest.c >&5
configure:4312: $? = 0
configure:4356: result: yes
configure:4376: checking for gcc option to enable C11 features
configure:4391: gcc  -c -O0 -g  conftest.c >&5
configure:4391: $? = 0
configure:4409: result: none needed
configure:4525: checking whether gcc understands -c and -o together
configure:4548: gcc -c conftest.c -o conftest2.o
configure:4551: $? = 0
configure:4548: gcc -c conftest.c -o conftest2.o
configure:4551: $? = 0
configure:4563: result: yes
configure:4582: checking dependency style of gcc
configure:4694: result: gcc3
configure:4709: checking for a sed that does not truncate output
configure:4779: result: /usr/bin/sed
configure:4797: checking for grep that handles long lines and -e
configure:4861: result: /usr/bin/grep
configure:4866: checking for egrep
configure:4934: result: /usr/bin/grep -E
configure:4939: checking for fgrep
configure:5007: result: /usr/bin/grep -F
configure:5043: checking for ld used by gcc
configure:5111: result: /usr/bin/ld
configure:5118: checking if the linker (/usr/bin/ld) is GNU ld
configure:5134: result: yes
configure:5146: checking for BSD- or MS-compatible name lister (nm)
configure:5201: result: /usr/bin/nm -B
configure:5341: checking the name lister (/usr/bin/nm -B) interface
configure:5349: gcc -c -O0 -g  conftest.c >&5
configure:5352: /usr/bin/nm -B "conftest.o"
configure:5355: output
0000000000000000 B some_variable
configure:5362: result: BSD nm
configure:5365: checking whether ln -s works
configure:5369: result: yes
configure:5377: checking the maximum length of command line arguments
configure:5509: result: 1572864
configure:5557: checking how to convert x86_64-pc-linux-gnu file names to x86_64-pc-linux-gnu format
configure:5598: result: func_convert_file_noop
configure:5605: checking how to convert x86_64-pc-linux-gnu file names to toolchain format
configure:5626: result: func_convert_file_noop
configure:5633: checking for /usr/bin/ld option to reload object files
configure:5641: result: -r
configure:5720: checking for file
configure:5741: found /usr/bin/file
configure:5752: result: file
configure:5828: checking for objdump
configure:5849: found /usr/bin/objdump
configure:5860: result: objdump
configure:5892: checking how to recognize dependent libraries
configure:6093: result: pass_all
configure:6183: checking for dlltool
configure:6218: result: no
configure:6248: checking how to associate runtime and link libraries
configure:6276: result: printf %s\n
configure:6342: checking for ar
configure:6363: found /usr/bin/ar
configure:6374: result: ar
configure:6427: checking for archiver @FILE support
configure:6445: gcc -c -O0 -g  conftest.c >&5
configure:6445: $? = 0
configure:6449: ar cr libconftest.a @conftest.lst >&5
configure:6452: $? = 0
configure:6457: ar cr libconftest.a @conftest.lst >&5
ar: conftest.o: No such file or directory
configure:6460: $? = 1
configure:6472: result: @
configure:6535: checking for strip
configure:6556: found /usr/bin/strip
configure:6567: result: strip
configure:6644: checking for ranlib
configure:6665: found /usr/bin/ranlib
configure:6676: result: ranlib
configure:6778: checking command to parse /usr/bin/nm -B output from gcc object
configure:6932: gcc -c -O0 -g  conftest.c >&5
configure:6935: $? = 0
configure:6939: /usr/bin/nm -B conftest.o | /usr/bin/sed -n -e 's/^.*[	 ]\([ABCDGIRSTW][ABCDGIRSTW]*\)[	 ][	 ]*\([_A-Za-z][_A-Za-z0-9]*\)$/\1 \2 \2/p' | /usr/bin/sed '/ __gnu_lto/d' > conftest.nm
configure:7005: gcc -o conftest -O0 -g   conftest.c conftstm.o >&5
configure:7008: $? = 0
configure:7046: result: ok
configure:7093: checking for sysroot
configure:7124: result: no
configure:7131: checking for a working dd
configure:7175: result: /usr/bin/dd
configure:7179: checking how to truncate binary pipes
configure:7195: result: /usr/bin/dd bs=4096 count=1
configure:7332: gcc -c -O0 -g  conftest.c >&5
configure:7335: $? = 0
configure:7532: checking for mt
configure:7553: found /usr/bin/mt
configure:7564: result: mt
configure:7587: checking if mt is a manifest tool
configure:7594: mt '-?'
configure:7602: result: no
configure:8327: checking for stdio.h
configure:8327: gcc -c -O0 -g  conftest.c >&5
configure:8327: $? = 0
configure:8327: result: yes
configure:8327: checking for stdlib.h
configure:8327: gcc -c -O0 -g  conftest.c >&5
configure:8327: $? = 0
configure:8327: result: yes
configure:8327: checking for string.h
configure:8327: gcc -c -O0 -g  conftest.c >&5
configure:8327: $? = 0
configure:8327: result: yes
configure:8327: checking for inttypes.h
configure:8327: gcc -c -O0 -g  conftest.c >&5
configure:8327: $? = 0
configure:8327: result: yes
configure:8327: checking for stdint.h
configure:8327: gcc -c -O0 -g  conftest.c >&5
configure:8327: $? = 0
configure:8327: result: yes
configure:8327: checking for strings.h
configure:8327: gcc -c -O0 -g  conftest.c >&5
configure:8327: $? = 0
configure:8327: result: yes
configure:8327: checking for sys/stat.h
configure:8327: gcc -c -O0 -g  conftest.c >&5
configure:8327: $? = 0
configure:8327: result: yes
configure:8327: checking for sys/types.h
configure:8327: gcc -c -O0 -g  conftest.c >&5
configure:8327: $? = 0
configure:8327: result: yes
configure:8327: checking for unistd.h
configure:8327: gcc -c -O0 -g  conftest.c >&5
configure:8327: $? = 0
configure:8327: result: yes
configure:8352: checking for dlfcn.h
configure:8352: gcc -c -O0 -g  conftest.c >&5
configure:8352: $? = 0
configure:8352: result: yes
configure:8610: checking for objdir
configure:8626: result: .libs
configure:8890: checking if gcc supports -fno-rtti -fno-exceptions
configure:8909: gcc -c -O0 -g  -fno-rtti -fno-exceptions conftest.c >&5
cc1: warning: command-line option '-fno-rtti' is valid for C++/D/ObjC++ but not for C
configure:8913: $? = 0
configure:8926: result: no
configure:9290: checking for gcc option to produce PIC
configure:9298: result: -fPIC -DPIC
configure:9306: checking if gcc PIC flag -fPIC -DPIC works
configure:9325: gcc -c -O0 -g  -fPIC -DPIC -DPIC conftest.c >&5
configure:9329: $? = 0
configure:9342: result: yes
configure:9371: checking if gcc static flag -static works
configure:9400: result: yes
configure:9415: checking if gcc supports -c -o file.o
configure:9437: gcc -c -O0 -g  -o out/conftest2.o conftest.c >&5
configure:9441: $? = 0
configure:9463: result: yes
configure:9471: checking if gcc supports -c -o file.o
configure:9519: result: yes
configure:9552: checking whether the gcc linker (/usr/bin/ld -m elf_x86_64) supports shared libraries
configure:10826: result: yes
configure:10863: checking whether -lc should be explicitly linked in
configure:10872: gcc -c -O0 -g  conftest.c >&5
configure:10875: $? = 0
configure:10890: gcc -shared  -fPIC -DPIC conftest.o  -v -Wl,-soname -Wl,conftest -o conftest 2\>\&1 \| /usr/bin/grep  -lc  \>/dev/null 2\>\&1
configure:10893: $? = 0
configure:10907: result: no
configure:11067: checking dynamic linker characteristics
configure:11649: gcc -o conftest -O0 -g   -Wl,-rpath -Wl,/foo conftest.c  >&5
configure:11649: $? = 0
configure:11900: result: GNU/Linux ld.so
configure:12022: checking how to hardcode library paths into programs
configure:12047: result: immediate
configure:12149: checking for shl_load
configure:12149: gcc -o conftest -O0 -g   conftest.c  >&5
/usr/bin/ld: /tmp/ccVfwBCf.o: in function `main':
/home/nils/Dokumente/ASPA+/NIST-BGP-SRx/srx-server/src/conftest.c:50:(.text+0xe): undefined reference to `shl_load'
collect2: error: ld returned 1 exit status
configure:12149: $? = 1
configure: failed program was:
| /* confdefs.h */
| #define PACKAGE_NAME "SRx"
| #define PACKAGE_TARNAME "srx"
| #define PACKAGE_VERSION "0.6.2.1"
| #define PACKAGE_STRING "SRx 0.6.2.1"
| #define PACKAGE_BUGREPORT "itrg-contact@list.nist.gov"
| #define PACKAGE_URL "https://www.nist.gov/services-resources/software/bgp-secure-routing-extension-bgp-srx-prototype"
| #define PACKAGE "srx"
| #define VERSION "0.6.2.1"
| #define HAVE_STDIO_H 1
| #define HAVE_STDLIB_H 1
| #define HAVE_STRING_H 1
| #define HAVE_INTTYPES_H 1
| #define HAVE_STDINT_H 1
| #define HAVE_STRINGS_H 1
| #define HAVE_SYS_STAT_H 1
| #define HAVE_SYS_TYPES_H 1
| #define HAVE_UNISTD_H 1
| #define STDC_HEADERS 1
| #define HAVE_DLFCN_H 1
| #define LT_OBJDIR ".libs/"
| /* end confdefs.h.  */
| /* Define shl_load to an innocuous variant, in case <limits.h> declares shl_load.
|    For example, HP-UX 11i <limits.h> declares gettimeofday.  */
| #define shl_load innocuous_shl_load
| 
| /* System header to define __stub macros and hopefully few prototypes,
|    which can conflict with char shl_load (); below.  */
| 
| #include <limits.h>
| #undef shl_load
| 
| /* Override any GCC internal prototype to avoid an error.
|    Use char because int might match the return type of a GCC
|    builtin and then its argument prototype would still apply.  */
| #ifdef __cplusplus
| extern "C"
| #endif
| char shl_load ();
| /* The GNU C library defines this for functions which it implements
|     to always fail with ENOSYS.  Some functions are actually named
|     something starting with __ and the normal name is an alias.  */
| #if defined __stub_shl_load || defined __stub___shl_load
| choke me
| #endif
| 
| int
| main (void)
| {
| return shl_load ();
|   ;
|   return 0;
| }
configure:12149: result: no
configure:12154: checking for shl_load in -ldld
configure:12177: gcc -o conftest -O0 -g   conftest.c -ldld   >&5
/usr/bin/ld: cannot find -ldld: No such file or directory
collect2: error: ld returned 1 exit status
configure:12177: $? = 1
configure: failed program was:
| /* confdefs.h */
| #define PACKAGE_NAME "SRx"
| #define PACKAGE_TARNAME "srx"
| #define PACKAGE_VERSION "0.6.2.1"
| #define PACKAGE_STRING "SRx 0.6.2.1"
| #define PACKAGE_BUGREPORT "itrg-contact@list.nist.gov"
| #define PACKAGE_URL "https://www.nist.gov/services-resources/software/bgp-secure-routing-extension-bgp-srx-prototype"
| #define PACKAGE "srx"
| #define VERSION "0.6.2.1"
| #define HAVE_STDIO_H 1
| #define HAVE_STDLIB_H 1
| #define HAVE_STRING_H 1
| #define HAVE_INTTYPES_H 1
| #define HAVE_STDINT_H 1
| #define HAVE_STRINGS_H 1
| #define HAVE_SYS_STAT_H 1
| #define HAVE_SYS_TYPES_H 1
| #define HAVE_UNISTD_H 1
| #define STDC_HEADERS 1
| #define HAVE_DLFCN_H 1
| #define LT_OBJDIR ".libs/"
| /* end confdefs.h.  */
| 
| /* Override any GCC internal prototype to avoid an error.
|    Use char because int might match the return type of a GCC
|    builtin and then its argument prototype would still apply.  */
| char shl_load ();
| int
| main (void)
| {
| return shl_load ();
|   ;
|   return 0;
| }
configure:12187: result: no
configure:12193: checking for dlopen
configure:12193: gcc -o conftest -O0 -g   conftest.c  >&5
configure:12193: $? = 0
configure:12193: result: yes
configure:12351: checking whether a program can dlopen itself
configure:12432: gcc -o conftest -O0 -g  -DHAVE_DLFCN_H  -Wl,--export-dynamic conftest.c   >&5
configure:12435: $? = 0
configure:12453: result: yes
configure:12458: checking whether a statically linked program can dlopen itself
configure:12539: gcc -o conftest -O0 -g  -DHAVE_DLFCN_H  -Wl,--export-dynamic -static conftest.c   >&5
/usr/bin/ld: /tmp/ccdJv4aO.o: in function `main':
/home/nils/Dokumente/ASPA+/NIST-BGP-SRx/srx-server/src/conftest.c:12518:(.text+0x26): warning: Using 'dlopen' in statically linked applications requires at runtime the shared libraries from the glibc version used for linking
configure:12542: $? = 0
conftest: undefined symbol: _fnord
configure:12560: result: no
configure:12599: checking whether stripping libraries is possible
configure:12608: result: yes
configure:12650: checking if libtool supports shared libraries
configure:12652: result: yes
configure:12655: checking whether to build shared libraries
configure:12680: result: yes
configure:12683: checking whether to build static libraries
configure:12687: result: yes
configure:12813: checking for gcc
configure:12845: result: gcc
configure:13198: checking for C compiler version
configure:13207: gcc --version >&5
gcc (Ubuntu 13.3.0-6ubuntu2~24.04) 13.3.0
Copyright (C) 2023 Free Software Foundation, Inc.
This is free software; see the source for copying conditions.  There is NO
warranty; not even for MERCHANTABILITY or FITNESS FOR A PARTICULAR PURPOSE.

configure:13218: $? = 0
configure:13207: gcc -v >&5
Using built-in specs.
COLLECT_GCC=gcc
COLLECT_LTO_WRAPPER=/usr/libexec/gcc/x86_64-linux-gnu/13/lto-wrapper
OFFLOAD_TARGET_NAMES=nvptx-none:amdgcn-amdhsa
OFFLOAD_TARGET_DEFAULT=1
Target: x86_64-linux-gnu
Configured with: ../src/configure -v --with-pkgversion='Ubuntu 13.3.0-6ubuntu2~24.04' --with-bugurl=file:///usr/share/doc/gcc-13/README.Bugs --enable-languages=c,ada,c++,go,d,fortran,objc,obj-c++,m2 --prefix=/usr --with-gcc-major-version-only --program-suffix=-13 --program-prefix=x86_64-linux-gnu- --enable-shared --enable-linker-build-id --libexecdir=/usr/libexec --without-included-gettext --enable-threads=posix --libdir=/usr/lib --enable-nls --enable-bootstrap --enable-clocale=gnu --enable-libstdcxx-debug --enable-libstdcxx-time=yes --with-default-libstdcxx-abi=new --enable-libstdcxx-backtrace --enable-gnu-unique-object --disable-vtable-verify --enable-plugin --enable-default-pie --with-system-zlib --enable-libphobos-checking=release --with-target-system-zlib=auto --enable-objc-gc=auto --enable-multiarch --disable-werror --enable-cet --with-arch-32=i686 --with-abi=m64 --with-multilib-list=m32,m64,mx32 --enable-multilib --with-tune=generic --enable-offload-targets=nvptx-none=/build/gcc-13-fG75Ri/gcc-13-13.3.0/debian/tmp-nvptx/usr,amdgcn-amdhsa=/build/gcc-13-fG75Ri/gcc-13-13.3.0/debian/tmp-gcn/usr --enable-offload-defaulted --without-cuda-driver --enable-checking=release --build=x86_64-linux-gnu --host=x86_64-linux-gnu --target=x86_64-linux-gnu --with-build-config=bootstrap-lto-lean --enable-link-serialization=2
Thread model: posix
Supported LTO compression algorithms: zlib zstd
gcc version 13.3.0 (Ubuntu 13.3.0-6ubuntu2~24.04) 
... rest of stderr output deleted ...
configure:13218: $? = 0
configure:13207: gcc -V >&5
gcc: error: unrecognized command-line option '-V'
gcc: fatal error: no input files
compilation terminated.
configure:13218: $? = 1
configure:13207: gcc -qversion >&5
gcc: error: unrecognized command-line option '-qversion'; did you mean '--version'?
gcc: fatal error: no input files
compilation terminated.
configure:13218: $? = 1
configure:13207: gcc -version >&5
gcc: error: unrecognized command-line option '-version'
gcc: fatal error: no input files
compilation terminated.
configure:13218: $? = 1
configure:13222: checking whether the compiler supports GNU C
configure:13252: result: yes
configure:13263: checking whether gcc accepts -g
configure:13328: result: yes
configure:13348: checking for gcc option to enable C11 features
configure:13381: result: none needed
configure:13497: checking whether gcc understands -c and -o together
configure:13535: result: yes
configure:13554: checking dependency style of gcc
configure:13666: result: gcc3
configure:13682: checking whether make sets $(MAKE)
configure:13705: result: yes
configure:13723: checking host architecture information
configure:13731: result: 64 bit
configure:13771: checking whether .a and .la libraries will be added to rpm distribution
configure:13782: result: no
configure:13796: checking whether argument 'patricia_dir' is provided
configure:13800: result: no
configure:13821: checking whether argument 'sca_dir' is provided
configure:13828: result: yes
configure:13876: checking for custom SRxCryptoAPI location
configure:13883: result: available
configure:13892: checking for library SRxCryptoAPI V3
configure:13901: result: -lSRxCryptoAPI
configure:13948: checking for /home/nils/Dokumente/ASPA+/NIST-BGP-SRx/local-6.3.3/include/srx/srxcryptoapi.h
configure:13948: gcc -c -O0 -g  conftest.c >&5
configure:13948: $? = 0
configure:13948: result: yes
configure:14033: checking for library containing config_init
configure:14063: gcc -o conftest -O0 -g   conftest.c  >&5
/usr/bin/ld: /tmp/ccYuiARW.o: in function `main':
/home/nils/Dokumente/ASPA+/NIST-BGP-SRx/srx-server/src/conftest.c:32:(.text+0xe): undefined reference to `config_init'
collect2: error: ld returned 1 exit status
configure:14063: $? = 1
configure: failed program was:
| /* confdefs.h */
| #define PACKAGE_NAME "SRx"
| #define PACKAGE_TARNAME "srx"
| #define PACKAGE_VERSION "0.6.2.1"
| #define PACKAGE_STRING "SRx 0.6.2.1"
| #define PACKAGE_BUGREPORT "itrg-contact@list.nist.gov"
| #define PACKAGE_URL "https://www.nist.gov/services-resources/software/bgp-secure-routing-extension-bgp-srx-prototype"
| #define PACKAGE "srx"
| #define VERSION "0.6.2.1"
| #define HAVE_STDIO_H 1
| #define HAVE_STDLIB_H 1
| #define HAVE_STRING_H 1
| #define HAVE_INTTYPES_H 1
| #define HAVE_STDINT_H 1
| #define HAVE_STRINGS_H 1
| #define HAVE_SYS_STAT_H 1
| #define HAVE_SYS_TYPES_H 1
| #define HAVE_UNISTD_H 1
| #define STDC_HEADERS 1
| #define HAVE_DLFCN_H 1
| #define LT_OBJDIR ".libs/"
| #define HAVE__HOME_NILS_DOKUMENTE_ASPA__NIST_BGP_SRX_LOCAL_6_3_3_INCLUDE_SRX_SRXCRYPTOAPI_H 1
| /* end confdefs.h.  */
| 
| /* Override any GCC internal prototype to avoid an error.
|    Use char because int might match the return type of a GCC
|    builtin and then its argument prototype would still apply.  */
| char config_init ();
| int
| main (void)
| {
| return config_init ();
|   ;
|   return 0;
| }
configure:14063: gcc -o conftest -O0 -g   conftest.c -lconfig   >&5
configure:14063: $? = 0
configure:14083: result: -lconfig
configure:14104: checking for libconfig int type
configure:14114: result: int
configure:14125: checking for library containing dlerror
configure:14155: gcc -o conftest -O0 -g -DLCONFIG_INT=int   conftest.c -lconfig  >&5
configure:14155: $? = 0
configure:14175: result: none required
configure:14194: checking for library containing clock_gettime
configure:14224: gcc -o conftest -O0 -g -DLCONFIG_INT=int   conftest.c -lconfig  >&5
configure:14224: $? = 0
configure:14244: result: none required
configure:14262: checking for library containing write_history
configure:14292: gcc -o conftest -O0 -g -DLCONFIG_INT=int   conftest.c -lconfig  >&5
/usr/bin/ld: /tmp/ccf41RUJ.o: in function `main':
/home/nils/Dokumente/ASPA+/NIST-BGP-SRx/srx-server/src/conftest.c:32:(.text+0xe): undefined reference to `write_history'
collect2: error: ld returned 1 exit status
configure:14292: $? = 1
configure: failed program was:
| /* confdefs.h */
| #define PACKAGE_NAME "SRx"
| #define PACKAGE_TARNAME "srx"
| #define PACKAGE_VERSION "0.6.2.1"
| #define PACKAGE_STRING "SRx 0.6.2.1"
| #define PACKAGE_BUGREPORT "itrg-contact@list.nist.gov"
| #define PACKAGE_URL "https://www.nist.gov/services-resources/software/bgp-secure-routing-extension-bgp-srx-prototype"
| #define PACKAGE "srx"
| #define VERSION "0.6.2.1"
| #define HAVE_STDIO_H 1
| #define HAVE_STDLIB_H 1
| #define HAVE_STRING_H 1
| #define HAVE_INTTYPES_H 1
| #define HAVE_STDINT_H 1
| #define HAVE_STRINGS_H 1
| #define HAVE_SYS_STAT_H 1
| #define HAVE_SYS_TYPES_H 1
| #define HAVE_UNISTD_H 1
| #define STDC_HEADERS 1
| #define HAVE_DLFCN_H 1
| #define LT_OBJDIR ".libs/"
| #define HAVE__HOME_NILS_DOKUMENTE_ASPA__NIST_BGP_SRX_LOCAL_6_3_3_INCLUDE_SRX_SRXCRYPTOAPI_H 1
| /* end confdefs.h.  */
| 
| /* Override any GCC internal prototype to avoid an error.
|    Use char because int might match the return type of a GCC
|    builtin and then its argument prototype would still apply.  */
| char write_history ();
| int
| main (void)
| {
| return write_history ();
|   ;
|   return 0;
| }
configure:14292: gcc -o conftest -O0 -g -DLCONFIG_INT=int   conftest.c -lreadline  -lconfig  >&5
configure:14292: $? = 0
configure:14312: result: -lreadline
configure:14331: checking for library containing pthread_create
configure:14361: gcc -o conftest -O0 -g -DLCONFIG_INT=int   conftest.c -lreadline -lconfig  >&5
configure:14361: $? = 0
configure:14381: result: none required
configure:14442: checking whether file '/home/nils/Dokumente/ASPA+/NIST-BGP-SRx/srx-server/src/../extras/files/Net-Patricia-1.15.tar.gz' exists
configure:14445: result: yes
configure:14448: checking whether file '/home/nils/Dokumente/ASPA+/NIST-BGP-SRx/srx-server/src/../extras/files/Net-Patricia-1.15-fixes-20100513.patch' exists
configure:14451: result: yes
configure:14454: checking whether file '/home/nils/Dokumente/ASPA+/NIST-BGP-SRx/srx-server/src/../extras/make-lp.sh' exists
configure:14457: result: yes
configure:14461: building libpatricia
configure:14465: checking whether library 'libpatricia.a' is created
configure:14471: result: yes
configure:14520: checking whether test tools have to be generated
configure:14536: result: 
configure:14564: checking checking to see if grpc is enabled
configure:14574: result: no
configure:14590: checking for assert.h
configure:14590: gcc -c -I/home/nils/Dokumente/ASPA+/NIST-BGP-SRx/srx-server/src/../extras/local/include -O0 -g -DLCONFIG_INT=int  conftest.c >&5
configure:14590: $? = 0
configure:14590: result: yes
configure:14590: checking for ctype.h
configure:14590: gcc -c -I/home/nils/Dokumente/ASPA+/NIST-BGP-SRx/srx-server/src/../extras/local/include -O0 -g -DLCONFIG_INT=int  conftest.c >&5
configure:14590: $? = 0
configure:14590: result: yes
configure:14590: checking for dlfcn.h
configure:14590: result: yes
configure:14590: checking for errno.h
configure:14590: gcc -c -I/home/nils/Dokumente/ASPA+/NIST-BGP-SRx/srx-server/src/../extras/local/include -O0 -g -DLCONFIG_INT=int  conftest.c >&5
configure:14590: $? = 0
configure:14590: result: yes
configure:14590: checking for fcntl.h
configure:14590: gcc -c -I/home/nils/Dokumente/ASPA+/NIST-BGP-SRx/srx-server/src/../extras/local/include -O0 -g -DLCONFIG_INT=int  conftest.c >&5
configure:14590: $? = 0
configure:14590: result: yes
configure:14590: checking for getopt.h
configure:14590: gcc -c -I/home/nils/Dokumente/ASPA+/NIST-BGP-SRx/srx-server/src/../extras/local/include -O0 -g -DLCONFIG_INT=int  conftest.c >&5
configure:14590: $? = 0
configure:14590: result: yes
configure:14590: checking for malloc.h
configure:14590: gcc -c -I/home/nils/Dokumente/ASPA+/NIST-BGP-SRx/srx-server/src/../extras/local/include -O0 -g -DLCONFIG_INT=int  conftest.c >&5
configure:14590: $? = 0
configure:14590: result: yes
configure:14590: checking for netdb.h
configure:14590: gcc -c -I/home/nils/Dokumente/ASPA+/NIST-BGP-SRx/srx-server/src/../extras/local/include -O0 -g -DLCONFIG_INT=int  conftest.c >&5
configure:14590: $? = 0
configure:14590: result: yes
configure:14590: checking for patricia.h
configure:14590: gcc -c -I/home/nils/Dokumente/ASPA+/NIST-BGP-SRx/srx-server/src/../extras/local/include -O0 -g -DLCONFIG_INT=int  conftest.c >&5
configure:14590: $? = 0
configure:14590: result: yes
configure:14590: checking for pthread.h
configure:14590: gcc -c -I/home/nils/Dokumente/ASPA+/NIST-BGP-SRx/srx-server/src/../extras/local/include -O0 -g -DLCONFIG_INT=int  conftest.c >&5
configure:14590: $? = 0
configure:14590: result: yes
configure:14590: checking for semaphore.h
configure:14590: gcc -c -I/home/nils/Dokumente/ASPA+/NIST-BGP-SRx/srx-server/src/../extras/local/include -O0 -g -DLCONFIG_INT=int  conftest.c >&5
configure:14590: $? = 0
configure:14590: result: yes
configure:14590: checking for signal.h
configure:14590: gcc -c -I/home/nils/Dokumente/ASPA+/NIST-BGP-SRx/srx-server/src/../extras/local/include -O0 -g -DLCONFIG_INT=int  conftest.c >&5
configure:14590: $? = 0
configure:14590: result: yes
configure:14590: checking for stdarg.h
configure:14590: gcc -c -I/home/nils/Dokumente/ASPA+/NIST-BGP-SRx/srx-server/src/../extras/local/include -O0 -g -DLCONFIG_INT=int  conftest.c >&5
configure:14590: $? = 0
configure:14590: result: yes
configure:14590: checking for stdbool.h
configure:14590: gcc -c -I/home/nils/Dokumente/ASPA+/NIST-BGP-SRx/srx-server/src/../extras/local/include -O0 -g -DLCONFIG_INT=int  conftest.c >&5
configure:14590: $? = 0
configure:14590: result: yes
configure:14590: checking for stdint.h
configure:14590: result: yes
configure:14590: checking for stdio.h
configure:14590: result: yes
configure:14590: checking for stdlib.h
configure:14590: result: yes
configure:14590: checking for string.h
configure:14590: result: yes
configure:14590: checking for syslog.h
configure:14590: gcc -c -I/home/nils/Dokumente/ASPA+/NIST-BGP-SRx/srx-server/src/../extras/local/include -O0 -g -DLCONFIG_INT=int  conftest.c >&5
configure:14590: $? = 0
configure:14590: result: yes
configure:14590: checking for time.h
configure:14590: gcc -c -I/home/nils/Dokumente/ASPA+/NIST-BGP-SRx/srx-server/src/../extras/local/include -O0 -g -DLCONFIG_INT=int  conftest.c >&5
configure:14590: $? = 0
configure:14590: result: yes
configure:14590: checking for unistd.h
configure:14590: result: yes
configure:14590: checking for uthash.h
configure:14590: gcc -c -I/home/nils/Dokumente/ASPA+/NIST-BGP-SRx/srx-server/src/../extras/local/include -O0 -g -DLCONFIG_INT=int  conftest.c >&5
configure:14590: $? = 0
configure:14590: result: yes
configure:14590: checking for arpa/inet.h
configure:14590: gcc -c -I/home/nils/Dokumente/ASPA+/NIST-BGP-SRx/srx-server/src/../extras/local/include -O0 -g -DLCONFIG_INT=int  conftest.c >&5
configure:14590: $? = 0
configure:14590: result: yes
configure:14590: checking for netinet/in.h
configure:14590: gcc -c -I/home/nils/Dokumente/ASPA+/NIST-BGP-SRx/srx-server/src/../extras/local/include -O0 -g -DLCONFIG_INT=int  conftest.c >&5
configure:14590: $? = 0
configure:14590: result: yes
configure:14590: checking for netinet/tcp.h
configure:14590: gcc -c -I/home/nils/Dokumente/ASPA+/NIST-BGP-SRx/srx-server/src/../extras/local/include -O0 -g -DLCONFIG_INT=int  conftest.c >&5
configure:14590: $? = 0
configure:14590: result: yes
configure:14590: checking for readline/history.h
configure:14590: gcc -c -I/home/nils/Dokumente/ASPA+/NIST-BGP-SRx/srx-server/src/../extras/local/include -O0 -g -DLCONFIG_INT=int  conftest.c >&5
configure:14590: $? = 0
configure:14590: result: yes
configure:14590: checking for readline/readline.h
configure:14590: gcc -c -I/home/nils/Dokumente/ASPA+/NIST-BGP-SRx/srx-server/src/../extras/local/include -O0 -g -DLCONFIG_INT=int  conftest.c >&5
configure:14590: $? = 0
configure:14590: result: yes
configure:14590: checking for sys/socket.h
configure:14590: gcc -c -I/home/nils/Dokumente/ASPA+/NIST-BGP-SRx/srx-server/src/../extras/local/include -O0 -g -DLCONFIG_INT=int  conftest.c >&5
configure:14590: $? = 0
configure:14590: result: yes
configure:14590: checking for sys/time.h
configure:14590: gcc -c -I/home/nils/Dokumente/ASPA+/NIST-BGP-SRx/srx-server/src/../extras/local/include -O0 -g -DLCONFIG_INT=int  conftest.c >&5
configure:14590: $? = 0
configure:14590: result: yes
configure:14590: checking for sys/types.h
configure:14590: result: yes
configure:14590: checking for sys/un.h
configure:14590: gcc -c -I/home/nils/Dokumente/ASPA+/NIST-BGP-SRx/srx-server/src/../extras/local/include -O0 -g -DLCONFIG_INT=int  conftest.c >&5
configure:14590: $? = 0
configure:14590: result: yes
configure:14610: checking for _Bool
configure:14610: gcc -c -I/home/nils/Dokumente/ASPA+/NIST-BGP-SRx/srx-server/src/../extras/local/include -O0 -g -DLCONFIG_INT=int  conftest.c >&5
configure:14610: $? = 0
configure:14610: gcc -c -I/home/nils/Dokumente/ASPA+/NIST-BGP-SRx/srx-server/src/../extras/local/include -O0 -g -DLCONFIG_INT=int  conftest.c >&5
conftest.c: In function 'main':
conftest.c:87:20: error: expected expression before ')' token
   87 | if (sizeof ((_Bool)))
      |                    ^
configure:14610: $? = 1
configure: failed program was:
| /* confdefs.h */
| #define PACKAGE_NAME "SRx"
| #define PACKAGE_TARNAME "srx"
| #define PACKAGE_VERSION "0.6.2.1"
| #define PACKAGE_STRING "SRx 0.6.2.1"
| #define PACKAGE_BUGREPORT "itrg-contact@list.nist.gov"
| #define PACKAGE_URL "https://www.nist.gov/services-resources/software/bgp-secure-routing-extension-bgp-srx-prototype"
| #define PACKAGE "srx"
| #define VERSION "0.6.2.1"
| #define HAVE_STDIO_H 1
| #define HAVE_STDLIB_H 1
| #define HAVE_STRING_H 1
| #define HAVE_INTTYPES_H 1
| #define HAVE_STDINT_H 1
| #define HAVE_STRINGS_H 1
| #define HAVE_SYS_STAT_H 1
| #define HAVE_SYS_TYPES_H 1
| #define HAVE_UNISTD_H 1
| #define STDC_HEADERS 1
| #define HAVE_DLFCN_H 1
| #define LT_OBJDIR ".libs/"
| #define HAVE__HOME_NILS_DOKUMENTE_ASPA__NIST_BGP_SRX_LOCAL_6_3_3_INCLUDE_SRX_SRXCRYPTOAPI_H 1
| #define _REENTRANT /**/
| #define HAVE_ASSERT_H 1
| #define HAVE_CTYPE_H 1
| #define HAVE_DLFCN_H 1
| #define HAVE_ERRNO_H 1
| #define HAVE_FCNTL_H 1
| #define HAVE_GETOPT_H 1
| #define HAVE_MALLOC_H 1
| #define HAVE_NETDB_H 1
| #define HAVE_PATRICIA_H 1
| #define HAVE_PTHREAD_H 1
| #define HAVE_SEMAPHORE_H 1
| #define HAVE_SIGNAL_H 1
| #define HAVE_STDARG_H 1
| #define HAVE_STDBOOL_H 1
| #define HAVE_STDINT_H 1
| #define HAVE_STDIO_H 1
| #define HAVE_STDLIB_H 1
| #define HAVE_STRING_H 1
| #define HAVE_SYSLOG_H 1
| #define HAVE_TIME_H 1
| #define HAVE_UNISTD_H 1
| #define HAVE_UTHASH_H 1
| #define HAVE_ARPA_INET_H 1
| #define HAVE_NETINET_IN_H 1
| #define HAVE_NETINET_TCP_H 1
| #define HAVE_READLINE_HISTORY_H 1
| #define HAVE_READLINE_READLINE_H 1
| #define HAVE_SYS_SOCKET_H 1
| #define HAVE_SYS_TIME_H 1
| #define HAVE_SYS_TYPES_H 1
| #define HAVE_SYS_UN_H 1
| /* end confdefs.h.  */
| #include <stddef.h>
| #ifdef HAVE_STDIO_H
| # include <stdio.h>
| #endif
| #ifdef HAVE_STDLIB_H
| # include <stdlib.h>
| #endif
| #ifdef HAVE_STRING_H
| # include <string.h>
| #endif
| #ifdef HAVE_INTTYPES_H
| # include <inttypes.h>
| #endif
| #ifdef HAVE_STDINT_H
| # include <stdint.h>
| #endif
| #ifdef HAVE_STRINGS_H
| # include <strings.h>
| #endif
| #ifdef HAVE_SYS_TYPES_H
| # include <sys/types.h>
| #endif
| #ifdef HAVE_SYS_STAT_H
| # include <sys/stat.h>
| #endif
| #ifdef HAVE_UNISTD_H
| # include <unistd.h>
| #endif
| int
| main (void)
| {
| if (sizeof ((_Bool)))
| 	    return 0;
|   ;
|   return 0;
| }
configure:14610: result: yes
configure:14619: checking for stdbool.h that conforms to C99
configure:14743: result: yes
configure:14752: checking for inline
configure:14769: gcc -c -I/home/nils/Dokumente/ASPA+/NIST-BGP-SRx/srx-server/src/../extras/local/include -O0 -g -DLCONFIG_INT=int  conftest.c >&5
configure:14769: $? = 0
configure:14778: result: inline
configure:14796: checking for size_t
configure:14796: gcc -c -I/home/nils/Dokumente/ASPA+/NIST-BGP-SRx/srx-server/src/../extras/local/include -O0 -g -DLCONFIG_INT=int  conftest.c >&5
configure:14796: $? = 0
configure:14796: gcc -c -I/home/nils/Dokumente/ASPA+/NIST-BGP-SRx/srx-server/src/../extras/local/include -O0 -g -DLCONFIG_INT=int  conftest.c >&5
conftest.c: In function 'main':
conftest.c:89:21: error: expected expression before ')' token
   89 | if (sizeof ((size_t)))
      |                     ^
configure:14796: $? = 1
configure: failed program was:
| /* confdefs.h */
| #define PACKAGE_NAME "SRx"
| #define PACKAGE_TARNAME "srx"
| #define PACKAGE_VERSION "0.6.2.1"
| #define PACKAGE_STRING "SRx 0.6.2.1"
| #define PACKAGE_BUGREPORT "itrg-contact@list.nist.gov"
| #define PACKAGE_URL "https://www.nist.gov/services-resources/software/bgp-secure-routing-extension-bgp-srx-prototype"
| #define PACKAGE "srx"
| #define VERSION "0.6.2.1"
| #define HAVE_STDIO_H 1
| #define HAVE_STDLIB_H 1
| #define HAVE_STRING_H 1
| #define HAVE_INTTYPES_H 1
| #define HAVE_STDINT_H 1
| #define HAVE_STRINGS_H 1
| #define HAVE_SYS_STAT_H 1
| #define HAVE_SYS_TYPES_H 1
| #define HAVE_UNISTD_H 1
| #define STDC_HEADERS 1
| #define HAVE_DLFCN_H 1
| #define LT_OBJDIR ".libs/"
| #define HAVE__HOME_NILS_DOKUMENTE_ASPA__NIST_BGP_SRX_LOCAL_6_3_3_INCLUDE_SRX_SRXCRYPTOAPI_H 1
| #define _REENTRANT /**/
| #define HAVE_ASSERT_H 1
| #define HAVE_CTYPE_H 1
| #define HAVE_DLFCN_H 1
| #define HAVE_ERRNO_H 1
| #define HAVE_FCNTL_H 1
| #define HAVE_GETOPT_H 1
| #define HAVE_MALLOC_H 1
| #define HAVE_NETDB_H 1
| #define HAVE_PATRICIA_H 1
| #define HAVE_PTHREAD_H 1
| #define HAVE_SEMAPHORE_H 1
| #define HAVE_SIGNAL_H 1
| #define HAVE_STDARG_H 1
| #define HAVE_STDBOOL_H 1
| #define HAVE_STDINT_H 1
| #define HAVE_STDIO_H 1
| #define HAVE_STDLIB_H 1
| #define HAVE_STRING_H 1
| #define HAVE_SYSLOG_H 1
| #define HAVE_TIME_H 1
| #define HAVE_UNISTD_H 1
| #define HAVE_UTHASH_H 1
| #define HAVE_ARPA_INET_H 1
| #define HAVE_NETINET_IN_H 1
| #define HAVE_NETINET_TCP_H 1
| #define HAVE_READLINE_HISTORY_H 1
| #define HAVE_READLINE_READLINE_H 1
| #define HAVE_SYS_SOCKET_H 1
| #define HAVE_SYS_TIME_H 1
| #define HAVE_SYS_TYPES_H 1
| #define HAVE_SYS_UN_H 1
| #define HAVE__BOOL 1
| #define HAVE_STDBOOL_H 1
| /* end confdefs.h.  */
| #include <stddef.h>
| #ifdef HAVE_STDIO_H
| # include <stdio.h>
| #endif
| #ifdef HAVE_STDLIB_H
| # include <stdlib.h>
| #endif
| #ifdef HAVE_STRING_H
| # include <string.h>
| #endif
| #ifdef HAVE_INTTYPES_H
| # include <inttypes.h>
| #endif
| #ifdef HAVE_STDINT_H
| # include <stdint.h>
| #endif
| #ifdef HAVE_STRINGS_H
| # include <strings.h>
| #endif
| #ifdef HAVE_SYS_TYPES_H
| # include <sys/types.h>
| #endif
| #ifdef HAVE_SYS_STAT_H
| # include <sys/stat.h>
| #endif
| #ifdef HAVE_UNISTD_H
| # include <unistd.h>
| #endif
| int
| main (void)
| {
| if (sizeof ((size_t)))
| 	    return 0;
|   ;
|   return 0;
| }
configure:14796: result: yes
configure:14806: checking for ssize_t
configure:14806: gcc -c -I/home/nils/Dokumente/ASPA+/NIST-BGP-SRx/srx-server/src/../extras/local/include -O0 -g -DLCONFIG_INT=int  conftest.c >&5
configure:14806: $? = 0
configure:14806: gcc -c -I/home/nils/Dokumente/ASPA+/NIST-BGP-SRx/srx-server/src/../extras/local/include -O0 -g -DLCONFIG_INT=int  conftest.c >&5
conftest.c: In function 'main':
conftest.c:89:22: error: expected expression before ')' token
   89 | if (sizeof ((ssize_t)))
      |                      ^
configure:14806: $? = 1
configure: failed program was:
| /* confdefs.h */
| #define PACKAGE_NAME "SRx"
| #define PACKAGE_TARNAME "srx"
| #define PACKAGE_VERSION "0.6.2.1"
| #define PACKAGE_STRING "SRx 0.6.2.1"
| #define PACKAGE_BUGREPORT "itrg-contact@list.nist.gov"
| #define PACKAGE_URL "https://www.nist.gov/services-resources/software/bgp-secure-routing-extension-bgp-srx-prototype"
| #define PACKAGE "srx"
| #define VERSION "0.6.2.1"
| #define HAVE_STDIO_H 1
| #define HAVE_STDLIB_H 1
| #define HAVE_STRING_H 1
| #define HAVE_INTTYPES_H 1
| #define HAVE_STDINT_H 1
| #define HAVE_STRINGS_H 1
| #define HAVE_SYS_STAT_H 1
| #define HAVE_SYS_TYPES_H 1
| #define HAVE_UNISTD_H 1
| #define STDC_HEADERS 1
| #define HAVE_DLFCN_H 1
| #define LT_OBJDIR ".libs/"
| #define HAVE__HOME_NILS_DOKUMENTE_ASPA__NIST_BGP_SRX_LOCAL_6_3_3_INCLUDE_SRX_SRXCRYPTOAPI_H 1
| #define _REENTRANT /**/
| #define HAVE_ASSERT_H 1
| #define HAVE_CTYPE_H 1
| #define HAVE_DLFCN_H 1
| #define HAVE_ERRNO_H 1
| #define HAVE_FCNTL_H 1
| #define HAVE_GETOPT_H 1
| #define HAVE_MALLOC_H 1
| #define HAVE_NETDB_H 1
| #define HAVE_PATRICIA_H 1
| #define HAVE_PTHREAD_H 1
| #define HAVE_SEMAPHORE_H 1
| #define HAVE_SIGNAL_H 1
| #define HAVE_STDARG_H 1
| #define HAVE_STDBOOL_H 1
| #define HAVE_STDINT_H 1
| #define HAVE_STDIO_H 1
| #define HAVE_STDLIB_H 1
| #define HAVE_STRING_H 1
| #define HAVE_SYSLOG_H 1
| #define HAVE_TIME_H 1
| #define HAVE_UNISTD_H 1
| #define HAVE_UTHASH_H 1
| #define HAVE_ARPA_INET_H 1
| #define HAVE_NETINET_IN_H 1
| #define HAVE_NETINET_TCP_H 1
| #define HAVE_READLINE_HISTORY_H 1
| #define HAVE_READLINE_READLINE_H 1
| #define HAVE_SYS_SOCKET_H 1
| #define HAVE_SYS_TIME_H 1
| #define HAVE_SYS_TYPES_H 1
| #define HAVE_SYS_UN_H 1
| #define HAVE__BOOL 1
| #define HAVE_STDBOOL_H 1
| /* end confdefs.h.  */
| #include <stddef.h>
| #ifdef HAVE_STDIO_H
| # include <stdio.h>
| #endif
| #ifdef HAVE_STDLIB_H
| # include <stdlib.h>
| #endif
| #ifdef HAVE_STRING_H
| # include <string.h>
| #endif
| #ifdef HAVE_INTTYPES_H
| # include <inttypes.h>
| #endif
| #ifdef HAVE_STDINT_H
| # include <stdint.h>
| #endif
| #ifdef HAVE_STRINGS_H
| # include <strings.h>
| #endif
| #ifdef HAVE_SYS_TYPES_H
| # include <sys/types.h>
| #endif
| #ifdef HAVE_SYS_STAT_H
| # include <sys/stat.h>
| #endif
| #ifdef HAVE_UNISTD_H
| # include <unistd.h>
| #endif
| int
| main (void)
| {
| if (sizeof ((ssize_t)))
| 	    return 0;
|   ;
|   return 0;
| }
configure:14806: result: yes
configure:14816: checking for uint16_t
configure:14816: gcc -c -I/home/nils/Dokumente/ASPA+/NIST-BGP-SRx/srx-server/src/../extras/local/include -O0 -g -DLCONFIG_INT=int  conftest.c >&5
configure:14816: $? = 0
configure:14816: result: yes
configure:14826: checking for uint32_t
configure:14826: gcc -c -I/home/nils/Dokumente/ASPA+/NIST-BGP-SRx/srx-server/src/../extras/local/include -O0 -g -DLCONFIG_INT=int  conftest.c >&5
configure:14826: $? = 0
configure:14826: result: yes
configure:14838: checking for uint8_t
configure:14838: gcc -c -I/home/nils/Dokumente/ASPA+/NIST-BGP-SRx/srx-server/src/../extras/local/include -O0 -g -DLCONFIG_INT=int  conftest.c >&5
configure:14838: $? = 0
configure:14838: result: yes
configure:15013: checking that generated files are newer than configure
configure:15019: result: done
configure:15058: creating ./config.status

## ---------------- ##
## Cache variables. ##
## ---------------- ##

ac_cv_build=x86_64-pc-linux-gnu
ac_cv_c_compiler_gnu=yes
ac_cv_c_inline=inline
ac_cv_c_uint16_t=yes
ac_cv_c_uint32_t=yes
ac_cv_c_uint8_t=yes
ac_cv_env_CC_set=
ac_cv_env_CC_value=
ac_cv_env_CFLAGS_set=set
ac_cv_env_CFLAGS_value='-O0 -g'
ac_cv_env_CPPFLAGS_set=
ac_cv_env_CPPFLAGS_value=
ac_cv_env_LDFLAGS_set=
ac_cv_env_LDFLAGS_value=
ac_cv_env_LIBS_set=
ac_cv_env_LIBS_value=
ac_cv_env_LT_SYS_LIBRARY_PATH_set=
ac_cv_env_LT_SYS_LIBRARY_PATH_value=
ac_cv_env_build_alias_set=
ac_cv_env_build_alias_value=
ac_cv_env_grpc_dir_set=
ac_cv_env_grpc_dir_value=
ac_cv_env_host_alias_set=
ac_cv_env_host_alias_value=
ac_cv_env_patricia_dir_set=
ac_cv_env_patricia_dir_value=
ac_cv_env_sca_dir_set=set
ac_cv_env_sca_dir_value=/home/nils/Dokumente/ASPA+/NIST-BGP-SRx/local-6.3.3
ac_cv_env_target_alias_set=
ac_cv_env_target_alias_value=
ac_cv_func_dlopen=yes
ac_cv_func_shl_load=no
ac_cv_header__home_nils_Dokumente_ASPAp_NIST_BGP_SRx_local_6_3_3_include_srx_srxcryptoapi_h=yes
ac_cv_header_arpa_inet_h=yes
ac_cv_header_assert_h=yes
ac_cv_header_ctype_h=yes
ac_cv_header_dlfcn_h=yes
ac_cv_header_errno_h=yes
ac_cv_header_fcntl_h=yes
ac_cv_header_getopt_h=yes
ac_cv_header_inttypes_h=yes
ac_cv_header_malloc_h=yes
ac_cv_header_netdb_h=yes
ac_cv_header_netinet_in_h=yes
ac_cv_header_netinet_tcp_h=yes
ac_cv_header_patricia_h=yes
ac_cv_header_pthread_h=yes
ac_cv_header_readline_history_h=yes
ac_cv_header_readline_readline_h=yes
ac_cv_header_semaphore_h=yes
ac_cv_header_signal_h=yes
ac_cv_header_stdarg_h=yes
ac_cv_header_stdbool_h=yes
ac_cv_header_stdint_h=yes
ac_cv_header_stdio_h=yes
ac_cv_header_stdlib_h=yes
ac_cv_header_string_h=yes
ac_cv_header_strings_h=yes
ac_cv_header_sys_socket_h=yes
ac_cv_header_sys_stat_h=yes
ac_cv_header_sys_time_h=yes
ac_cv_header_sys_types_h=yes
ac_cv_header_sys_un_h=yes
ac_cv_header_syslog_h=yes
ac_cv_header_time_h=yes
ac_cv_header_unistd_h=yes
ac_cv_header_uthash_h=yes
ac_cv_host=x86_64-pc-linux-gnu
ac_cv_lib_dld_shl_load=no
ac_cv_objext=o
ac_cv_path_EGREP='/usr/bin/grep -E'
ac_cv_path_FGREP='/usr/bin/grep -F'
ac_cv_path_GREP=/usr/bin/grep
ac_cv_path_SED=/usr/bin/sed
ac_cv_path_install='/usr/bin/install -c'
ac_cv_path_lt_DD=/usr/bin/dd
ac_cv_path_mkdir=/usr/bin/mkdir
ac_cv_prog_AWK=mawk
ac_cv_prog_ac_ct_AR=ar
ac_cv_prog_ac_ct_CC=gcc
ac_cv_prog_ac_ct_FILECMD=file
ac_cv_prog_ac_ct_MANIFEST_TOOL=mt
ac_cv_prog_ac_ct_OBJDUMP=objdump
ac_cv_prog_ac_ct_RANLIB=ranlib
ac_cv_prog_ac_ct_STRIP=strip
ac_cv_prog_cc_c11=
ac_cv_prog_cc_g=yes
ac_cv_prog_cc_stdc=
ac_cv_prog_make_make_set=yes
ac_cv_search_clock_gettime='none required'
ac_cv_search_config_init=-lconfig
ac_cv_search_dlerror='none required'
ac_cv_search_pthread_create='none required'
ac_cv_search_write_history=-lreadline
ac_cv_type__Bool=yes
ac_cv_type_size_t=yes
ac_cv_type_ssize_t=yes
am_cv_CC_dependencies_compiler_type=gcc3
am_cv_make_support_nested_variables=yes
am_cv_prog_cc_c_o=yes
lt_cv_ar_at_file=@
lt_cv_archive_cmds_need_lc=no
lt_cv_deplibs_check_method=pass_all
lt_cv_dlopen=dlopen
lt_cv_dlopen_libs=
lt_cv_dlopen_self=yes
lt_cv_dlopen_self_static=no
lt_cv_file_magic_cmd='$MAGIC_CMD'
lt_cv_file_magic_test_file=
lt_cv_ld_reload_flag=-r
lt_cv_nm_interface='BSD nm'
lt_cv_objdir=.libs
lt_cv_path_LD=/usr/bin/ld
lt_cv_path_NM='/usr/bin/nm -B'
lt_cv_path_mainfest_tool=no
lt_cv_prog_compiler_c_o=yes
lt_cv_prog_compiler_pic='-fPIC -DPIC'
lt_cv_prog_compiler_pic_works=yes
lt_cv_prog_compiler_rtti_exceptions=no
lt_cv_prog_compiler_static_works=yes
lt_cv_prog_gnu_ld=yes
lt_cv_sharedlib_from_linklib_cmd='printf %s\n'
lt_cv_shlibpath_overrides_runpath=yes
lt_cv_sys_global_symbol_pipe='/usr/bin/sed -n -e '\''s/^.*[	 ]\([ABCDGIRSTW][ABCDGIRSTW]*\)[	 ][	 ]*\([_A-Za-z][_A-Za-z0-9]*\)$/\1 \2 \2/p'\'' | /usr/bin/sed '\''/ __gnu_lto/d'\'''
lt_cv_sys_global_symbol_to_c_name_address='/usr/bin/sed -n -e '\''s/^: \(.*\) .*$/  {"\1", (void *) 0},/p'\'' -e '\''s/^[ABCDGIRSTW][ABCDGIRSTW]* .* \(.*\)$/  {"\1", (void *) \&\1},/p'\'''
lt_cv_sys_global_symbol_to_c_name_address_lib_prefix='/usr/bin/sed -n -e '\''s/^: \(.*\) .*$/  {"\1", (void *) 0},/p'\'' -e '\''s/^[ABCDGIRSTW][ABCDGIRSTW]* .* \(lib.*\)$/  {"\1", (void *) \&\1},/p'\'' -e '\''s/^[ABCDGIRSTW][ABCDGIRSTW]* .* \(.*\)$/  {"lib\1", (void *) \&\1},/p'\'''
lt_cv_sys_global_symbol_to_cdecl='/usr/bin/sed -n -e '\''s/^T .* \(.*\)$/extern int \1();/p'\'' -e '\''s/^[ABCDGIRSTW][ABCDGIRSTW]* .* \(.*\)$/extern char \1;/p'\'''
lt_cv_sys_global_symbol_to_import=
lt_cv_sys_max_cmd_len=1572864
lt_cv_to_host_file_cmd=func_convert_file_noop
lt_cv_to_tool_file_cmd=func_convert_file_noop
lt_cv_truncate_bin='/usr/bin/dd bs=4096 count=1'

## ----------------- ##
## Output variables. ##
## ----------------- ##

ACLOCAL='${SHELL} '\''/home/nils/Dokumente/ASPA+/NIST-BGP-SRx/srx-server/src/missing'\'' aclocal-1.16'
AMDEPBACKSLASH='\'
AMDEP_FALSE='#'
AMDEP_TRUE=''
AMTAR='$${TAR-tar}'
AM_BACKSLASH='\'
AM_DEFAULT_V='$(AM_DEFAULT_VERBOSITY)'
AM_DEFAULT_VERBOSITY='1'
AM_V='$(V)'
AR='ar'
AUTOCONF='${SHELL} '\''/home/nils/Dokumente/ASPA+/NIST-BGP-SRx/srx-server/src/missing'\'' autoconf'
AUTOHEADER='${SHELL} '\''/home/nils/Dokumente/ASPA+/NIST-BGP-SRx/srx-server/src/missing'\'' autoheader'
AUTOMAKE='${SHELL} '\''/home/nils/Dokumente/ASPA+/NIST-BGP-SRx/srx-server/src/missing'\'' automake-1.16'
AWK='mawk'
BUILD_TEST_FALSE=''
BUILD_TEST_TRUE='#'
CC='gcc'
CCDEPMODE='depmode=gcc3'
CFG_PREFIX='/home/nils/Dokumente/ASPA+/NIST-BGP-SRx/local-6.3.3'
CFG_SYSCONFIG='/home/nils/Dokumente/ASPA+/NIST-BGP-SRx/local-6.3.3/etc'
CFLAGS='-I/home/nils/Dokumente/ASPA+/NIST-BGP-SRx/srx-server/src/../extras/local/include -O0 -g -DLCONFIG_INT=int'
CPPFLAGS=''
CPU_ARCH='64'
CPU_ARCH_FLAGS='-DCPU_64'
CSCOPE='cscope'
CTAGS='ctags'
CYGPATH_W='echo'
DEFS='-DHAVE_CONFIG_H'
DEPDIR='.deps'
DLLTOOL='false'
DSYMUTIL=''
DUMPBIN=''
ECHO_C=''
ECHO_N='-n'
ECHO_T=''
EGREP='/usr/bin/grep -E'
ENABLE_GRPC_COND_FALSE=''
ENABLE_GRPC_COND_TRUE='#'
ETAGS='etags'
EXEEXT=''
FGREP='/usr/bin/grep -F'
FILECMD='file'
GREP='/usr/bin/grep'
HAVE_LIBCONFIG='1'
HAVE_LIBSRxCryptoAPI='1'
HOME_DIR=''
INSTALL_DATA='${INSTALL} -m 644'
INSTALL_PROGRAM='${INSTALL}'
INSTALL_SCRIPT='${INSTALL}'
INSTALL_STRIP_PROGRAM='$(install_sh) -c -s'
LCONFIG_INT='int'
LD='/usr/bin/ld -m elf_x86_64'
LDFLAGS=''
LIBOBJS=''
LIBS='-lreadline -lconfig '
LIBTOOL='$(SHELL) $(top_builddir)/libtool'
LIB_PATRICIA='/home/nils/Dokumente/ASPA+/NIST-BGP-SRx/srx-server/src/../extras/local/lib64/libpatricia.a'
LIB_VER_INFO='6:2:0'
LIB_VER_INFO_COND_FALSE='#'
LIB_VER_INFO_COND_TRUE=''
LICENSE='https://www.nist.gov/director/copyright-fair-use-and-licensing-statements-srd-data-and-software'
LIPO=''
LN_S='ln -s'
LTLIBOBJS=''
LT_SYS_LIBRARY_PATH=''
MAJOR_VER='6'
MAKEINFO='${SHELL} '\''/home/nils/Dokumente/ASPA+/NIST-BGP-SRx/srx-server/src/missing'\'' makeinfo'
MANIFEST_TOOL=':'
MINOR_VER='2'
MKDIR_P='/usr/bin/mkdir -p'
NM='/usr/bin/nm -B'
NMEDIT=''
OBJDUMP='objdump'
OBJEXT='o'
OTOOL64=''
OTOOL=''
PACKAGE='srx'
PACKAGE_BUGREPORT='itrg-contact@list.nist.gov'
PACKAGE_NAME='SRx'
PACKAGE_STRING='SRx 0.6.2.1'
PACKAGE_TARNAME='srx'
PACKAGE_URL='https://www.nist.gov/services-resources/software/bgp-secure-routing-extension-bgp-srx-prototype'
PACKAGE_VERSION='0.6.2.1'
PATH_SEPARATOR=':'
PATRICIA_DIR=''
PKG_VER='0'
RANLIB='ranlib'
SCA_CFLAGS='-I/home/nils/Dokumente/ASPA+/NIST-BGP-SRx/local-6.3.3/include'
SCA_DIR='/home/nils/Dokumente/ASPA+/NIST-BGP-SRx/local-6.3.3'
SCA_LDFLAGS='-L/home/nils/Dokumente/ASPA+/NIST-BGP-SRx/local-6.3.3/lib64/srx'
SCA_LIBS='-lSRxCryptoAPI'
SED='/usr/bin/sed'
SET_MAKE=''
SHELL='/bin/bash'
SRX_DIR='srx'
STRIP='strip'
UPD_VER='1'
URL='https://www.nist.gov/services-resources/software/bgp-secure-routing-extension-bgp-srx-prototype'
VERSION='0.6.2.1'
VER_INFO='6.0.2'
ac_ct_AR='ar'
ac_ct_CC='gcc'
ac_ct_DUMPBIN=''
am__EXEEXT_FALSE=''
am__EXEEXT_TRUE='#'
am__fastdepCC_FALSE='#'
am__fastdepCC_TRUE=''
am__include='include'
am__isrc=''
am__leading_dot='.'
am__nodep='_no'
am__quote=''
am__tar='$${TAR-tar} chof - "$$tardir"'
am__untar='$${TAR-tar} xf -'
bindir='${exec_prefix}/bin'
build='x86_64-pc-linux-gnu'
build_alias=''
build_cpu='x86_64'
build_os='linux-gnu'
build_vendor='pc'
datadir='${datarootdir}'
datarootdir='${prefix}/share'
docdir='${datarootdir}/doc/${PACKAGE_TARNAME}'
dvidir='${docdir}'
exec_prefix='${prefix}'
grpc_dir=''
host='x86_64-pc-linux-gnu'
host_alias=''
host_cpu='x86_64'
host_os='linux-gnu'
host_vendor='pc'
htmldir='${docdir}'
incl_la_lib='no'
includedir='${prefix}/include'
infodir='${datarootdir}/info'
install_sh='${SHELL} /home/nils/Dokumente/ASPA+/NIST-BGP-SRx/srx-server/src/install-sh'
libdir='${exec_prefix}/lib64'
libexecdir='${exec_prefix}/libexec'
localedir='${datarootdir}/locale'
localstatedir='${prefix}/var'
mandir='${datarootdir}/man'
mkdir_p='$(MKDIR_P)'
oldincludedir='/usr/include'
patricia_dir=''
pdfdir='${docdir}'
prefix='/home/nils/Dokumente/ASPA+/NIST-BGP-SRx/local-6.3.3'
program_transform_name='s,x,x,'
psdir='${docdir}'
runstatedir='${localstatedir}/run'
sbindir='${exec_prefix}/sbin'
sca_dir='/home/nils/Dokumente/ASPA+/NIST-BGP-SRx/local-6.3.3'
sharedstatedir='${prefix}/com'
sysconfdir='${prefix}/etc'
target_alias=''

## ----------- ##
## confdefs.h. ##
## ----------- ##

/* confdefs.h */
#define PACKAGE_NAME "SRx"
#define PACKAGE_TARNAME "srx"
#define PACKAGE_VERSION "0.6.2.1"
#define PACKAGE_STRING "SRx 0.6.2.1"
#define PACKAGE_BUGREPORT "itrg-contact@list.nist.gov"
#define PACKAGE_URL "https://www.nist.gov/services-resources/software/bgp-secure-routing-extension-bgp-srx-prototype"
#define PACKAGE "srx"
#define VERSION "0.6.2.1"
#define HAVE_STDIO_H 1
#define HAVE_STDLIB_H 1
#define HAVE_STRING_H 1
#define HAVE_INTTYPES_H 1
#define HAVE_STDINT_H 1
#define HAVE_STRINGS_H 1
#define HAVE_SYS_STAT_H 1
#define HAVE_SYS_TYPES_H 1
#define HAVE_UNISTD_H 1
#define STDC_HEADERS 1
#define HAVE_DLFCN_H 1
#define LT_OBJDIR ".libs/"
#define HAVE__HOME_NILS_DOKUMENTE_ASPA__NIST_BGP_SRX_LOCAL_6_3_3_INCLUDE_SRX_SRXCRYPTOAPI_H 1
#define _REENTRANT /**/
#define HAVE_ASSERT_H 1
#define HAVE_CTYPE_H 1
#define HAVE_DLFCN_H 1
#define HAVE_ERRNO_H 1
#define HAVE_FCNTL_H 1
#define HAVE_GETOPT_H 1
#define HAVE_MALLOC_H 1
#define HAVE_NETDB_H 1
#define HAVE_PATRICIA_H 1
#define HAVE_PTHREAD_H 1
#define HAVE_SEMAPHORE_H 1
#define HAVE_SIGNAL_H 1
#define HAVE_STDARG_H 1
#define HAVE_STDBOOL_H 1
#define HAVE_STDINT_H 1
#define HAVE_STDIO_H 1
#define HAVE_STDLIB_H 1
#define HAVE_STRING_H 1
#define HAVE_SYSLOG_H 1
#define HAVE_TIME_H 1
#define HAVE_UNISTD_H 1
#define HAVE_UTHASH_H 1
#define HAVE_ARPA_INET_H 1
#define HAVE_NETINET_IN_H 1
#define HAVE_NETINET_TCP_H 1
#define HAVE_READLINE_HISTORY_H 1
#define HAVE_READLINE_READLINE_H 1
#define HAVE_SYS_SOCKET_H 1
#define HAVE_SYS_TIME_H 1
#define HAVE_SYS_TYPES_H 1
#define HAVE_SYS_UN_H 1
#define HAVE__BOOL 1
#define HAVE_STDBOOL_H 1

configure: exit 0

## ---------------------- ##
## Running config.status. ##
## ---------------------- ##

This file was extended by SRx config.status 0.6.2.1, which was
generated by GNU Autoconf 2.71.  Invocation command line was

  CONFIG_FILES    = 
  CONFIG_HEADERS  = 
  CONFIG_LINKS    = 
  CONFIG_COMMANDS = 
  $ ./config.status 

on nils

config.status:1157: creating Makefile
config.status:1157: creating client/srxproxy64.conf
config.status:1157: creating srx-0.6.2.1.spec
config.status:1157: creating srx-proxy-0.6.2.1.spec
config.status:1157: creating srx-proxy-devel-0.6.2.1.spec
config.status:1157: creating server/srx_serverd
config.status:1157: creating config.h
config.status:1338: config.h is unchanged
config.status:1386: executing depfiles commands
config.status:1463: cd .       && sed -e '/# am--include-marker/d' Makefile         | make -f - am--depfiles
make[3]: Entering directory '/home/nils/Dokumente/ASPA+/NIST-BGP-SRx/srx-server/src'
make[3]: Leaving directory '/home/nils/Dokumente/ASPA+/NIST-BGP-SRx/srx-server/src'
config.status:1468: $? = 0
config.status:1386: executing libtool commands

## ---------------------- ##
## Running config.status. ##
## ---------------------- ##

This file was extended by SRx config.status 0.6.2.1, which was
generated by GNU Autoconf 2.71.  Invocation command line was

  CONFIG_FILES    = 
  CONFIG_HEADERS  = 
  CONFIG_LINKS    = 
  CONFIG_COMMANDS = 
  $ ./config.status server/srx_serverd

on nils

config.status:1157: creating server/srx_serverd
