This file contains any messages produced by compilers while
running configure, to aid debugging if configure makes a mistake.

It was created by SRx configure 0.6.2.1, which was
generated by GNU Autoconf 2.71.  Invocation command line was

  $ ./configure 'CFLAGS=-fsanitize=address -g' --no-create --no-recursion

## --------- ##
## Platform. ##
## --------- ##

hostname = nils
uname -m = x86_64
uname -r = 6.11.0-26-generic
uname -s = Linux
uname -v = #26~24.04.1-Ubuntu SMP PREEMPT_DYNAMIC Thu Apr 17 19:20:47 UTC 2

/usr/bin/uname -p = x86_64
/bin/uname -X     = unknown

/bin/arch              = x86_64
/usr/bin/arch -k       = unknown
/usr/convex/getsysinfo = unknown
/usr/bin/hostinfo      = unknown
/bin/machine           = unknown
/usr/bin/oslevel       = unknown
/bin/universe          = unknown

PATH: /usr/local/sbin/
PATH: /usr/local/bin/
PATH: /usr/sbin/
PATH: /usr/bin/
PATH: /sbin/
PATH: /bin/
PATH: /snap/bin/


## ----------- ##
## Core tests. ##
## ----------- ##

configure:2358: looking for aux files: compile config.guess config.sub ltmain.sh missing install-sh
configure:2371:  trying ./
configure:2400:   ./compile found
configure:2400:   ./config.guess found
configure:2400:   ./config.sub found
configure:2400:   ./ltmain.sh found
configure:2400:   ./missing found
configure:2382:   ./install-sh found
configure:2529: checking for a BSD-compatible install
configure:2602: result: /usr/bin/install -c
configure:2613: checking whether build environment is sane
configure:2668: result: yes
configure:2827: checking for a race-free mkdir -p
configure:2871: result: /usr/bin/mkdir -p
configure:2878: checking for gawk
configure:2913: result: no
configure:2878: checking for mawk
configure:2899: found /usr/bin/mawk
configure:2910: result: mawk
configure:2921: checking whether make sets $(MAKE)
configure:2944: result: yes
configure:2974: checking whether make supports nested variables
configure:2992: result: yes
configure:3128: checking whether make sets $(MAKE)
configure:3151: result: yes
configure:3162: checking for patch
configure:3183: found /usr/bin/patch
configure:3195: result: yes
configure:3244: checking build system type
configure:3259: result: x86_64-pc-linux-gnu
configure:3279: checking host system type
configure:3293: result: x86_64-pc-linux-gnu
configure:3334: checking how to print strings
configure:3361: result: printf
configure:3395: checking whether make supports the include directive
configure:3410: make -f confmf.GNU && cat confinc.out
make[3]: Entering directory '/home/nils/Dokumente/ASPA+/NIST-BGP-SRx/srx-server'
make[3]: Leaving directory '/home/nils/Dokumente/ASPA+/NIST-BGP-SRx/srx-server'
this is the am__doit target
configure:3413: $? = 0
configure:3432: result: yes (GNU style)
configure:3508: checking for gcc
configure:3529: found /usr/bin/gcc
configure:3540: result: gcc
configure:3893: checking for C compiler version
configure:3902: gcc --version >&5
gcc (Ubuntu 13.3.0-6ubuntu2~24.04) 13.3.0
Copyright (C) 2023 Free Software Foundation, Inc.
This is free software; see the source for copying conditions.  There is NO
warranty; not even for MERCHANTABILITY or FITNESS FOR A PARTICULAR PURPOSE.

configure:3913: $? = 0
configure:3902: gcc -v >&5
Using built-in specs.
COLLECT_GCC=gcc
COLLECT_LTO_WRAPPER=/usr/libexec/gcc/x86_64-linux-gnu/13/lto-wrapper
OFFLOAD_TARGET_NAMES=nvptx-none:amdgcn-amdhsa
OFFLOAD_TARGET_DEFAULT=1
Target: x86_64-linux-gnu
Configured with: ../src/configure -v --with-pkgversion='Ubuntu 13.3.0-6ubuntu2~24.04' --with-bugurl=file:///usr/share/doc/gcc-13/README.Bugs --enable-languages=c,ada,c++,go,d,fortran,objc,obj-c++,m2 --prefix=/usr --with-gcc-major-version-only --program-suffix=-13 --program-prefix=x86_64-linux-gnu- --enable-shared --enable-linker-build-id --libexecdir=/usr/libexec --without-included-gettext --enable-threads=posix --libdir=/usr/lib --enable-nls --enable-bootstrap --enable-clocale=gnu --enable-libstdcxx-debug --enable-libstdcxx-time=yes --with-default-libstdcxx-abi=new --enable-libstdcxx-backtrace --enable-gnu-unique-object --disable-vtable-verify --enable-plugin --enable-default-pie --with-system-zlib --enable-libphobos-checking=release --with-target-system-zlib=auto --enable-objc-gc=auto --enable-multiarch --disable-werror --enable-cet --with-arch-32=i686 --with-abi=m64 --with-multilib-list=m32,m64,mx32 --enable-multilib --with-tune=generic --enable-offload-targets=nvptx-none=/build/gcc-13-fG75Ri/gcc-13-13.3.0/debian/tmp-nvptx/usr,amdgcn-amdhsa=/build/gcc-13-fG75Ri/gcc-13-13.3.0/debian/tmp-gcn/usr --enable-offload-defaulted --without-cuda-driver --enable-checking=release --build=x86_64-linux-gnu --host=x86_64-linux-gnu --target=x86_64-linux-gnu --with-build-config=bootstrap-lto-lean --enable-link-serialization=2
Thread model: posix
Supported LTO compression algorithms: zlib zstd
gcc version 13.3.0 (Ubuntu 13.3.0-6ubuntu2~24.04) 
... rest of stderr output deleted ...
configure:3913: $? = 0
configure:3902: gcc -V >&5
gcc: error: unrecognized command-line option '-V'
gcc: fatal error: no input files
compilation terminated.
configure:3913: $? = 1
configure:3902: gcc -qversion >&5
gcc: error: unrecognized command-line option '-qversion'; did you mean '--version'?
gcc: fatal error: no input files
compilation terminated.
configure:3913: $? = 1
configure:3902: gcc -version >&5
gcc: error: unrecognized command-line option '-version'
gcc: fatal error: no input files
compilation terminated.
configure:3913: $? = 1
configure:3933: checking whether the C compiler works
configure:3955: gcc -fsanitize=address -g   conftest.c  >&5
configure:3959: $? = 0
configure:4009: result: yes
configure:4012: checking for C compiler default output file name
configure:4014: result: a.out
configure:4020: checking for suffix of executables
configure:4027: gcc -o conftest -fsanitize=address -g   conftest.c  >&5
configure:4031: $? = 0
configure:4054: result: 
configure:4076: checking whether we are cross compiling
configure:4084: gcc -o conftest -fsanitize=address -g   conftest.c  >&5
configure:4088: $? = 0
configure:4095: ./conftest
configure:4099: $? = 0
configure:4114: result: no
configure:4119: checking for suffix of object files
configure:4142: gcc -c -fsanitize=address -g  conftest.c >&5
configure:4146: $? = 0
configure:4168: result: o
configure:4172: checking whether the compiler supports GNU C
configure:4192: gcc -c -fsanitize=address -g  conftest.c >&5
configure:4192: $? = 0
configure:4202: result: yes
configure:4213: checking whether gcc accepts -g
configure:4234: gcc -c -g  conftest.c >&5
configure:4234: $? = 0
configure:4278: result: yes
configure:4298: checking for gcc option to enable C11 features
configure:4313: gcc  -c -fsanitize=address -g  conftest.c >&5
configure:4313: $? = 0
configure:4331: result: none needed
configure:4447: checking whether gcc understands -c and -o together
configure:4470: gcc -c conftest.c -o conftest2.o
configure:4473: $? = 0
configure:4470: gcc -c conftest.c -o conftest2.o
configure:4473: $? = 0
configure:4485: result: yes
configure:4504: checking dependency style of gcc
configure:4616: result: none
configure:4631: checking for a sed that does not truncate output
configure:4701: result: /usr/bin/sed
configure:4719: checking for grep that handles long lines and -e
configure:4783: result: /usr/bin/grep
configure:4788: checking for egrep
configure:4856: result: /usr/bin/grep -E
configure:4861: checking for fgrep
configure:4929: result: /usr/bin/grep -F
configure:4965: checking for ld used by gcc
configure:5033: result: /usr/bin/ld
configure:5040: checking if the linker (/usr/bin/ld) is GNU ld
configure:5056: result: yes
configure:5068: checking for BSD- or MS-compatible name lister (nm)
configure:5123: result: /usr/bin/nm -B
configure:5263: checking the name lister (/usr/bin/nm -B) interface
configure:5271: gcc -c -fsanitize=address -g  conftest.c >&5
configure:5274: /usr/bin/nm -B "conftest.o"
configure:5277: output
                 U __asan_init
                 U __asan_register_globals
                 U __asan_unregister_globals
                 U __asan_version_mismatch_check_v8
0000000000000040 B __odr_asan.some_variable
0000000000000000 t _sub_D_00099_0
000000000000001e t _sub_I_00099_1
0000000000000000 B some_variable
configure:5284: result: BSD nm
configure:5287: checking whether ln -s works
configure:5291: result: yes
configure:5299: checking the maximum length of command line arguments
configure:5431: result: 1572864
configure:5479: checking how to convert x86_64-pc-linux-gnu file names to x86_64-pc-linux-gnu format
configure:5520: result: func_convert_file_noop
configure:5527: checking how to convert x86_64-pc-linux-gnu file names to toolchain format
configure:5548: result: func_convert_file_noop
configure:5555: checking for /usr/bin/ld option to reload object files
configure:5563: result: -r
configure:5642: checking for file
configure:5663: found /usr/bin/file
configure:5674: result: file
configure:5750: checking for objdump
configure:5771: found /usr/bin/objdump
configure:5782: result: objdump
configure:5814: checking how to recognize dependent libraries
configure:6015: result: pass_all
configure:6105: checking for dlltool
configure:6140: result: no
configure:6170: checking how to associate runtime and link libraries
configure:6198: result: printf %s\n
configure:6264: checking for ar
configure:6285: found /usr/bin/ar
configure:6296: result: ar
configure:6349: checking for archiver @FILE support
configure:6367: gcc -c -fsanitize=address -g  conftest.c >&5
configure:6367: $? = 0
configure:6371: ar cr libconftest.a @conftest.lst >&5
configure:6374: $? = 0
configure:6379: ar cr libconftest.a @conftest.lst >&5
ar: conftest.o: No such file or directory
configure:6382: $? = 1
configure:6394: result: @
configure:6457: checking for strip
configure:6478: found /usr/bin/strip
configure:6489: result: strip
configure:6566: checking for ranlib
configure:6587: found /usr/bin/ranlib
configure:6598: result: ranlib
configure:6700: checking command to parse /usr/bin/nm -B output from gcc object
configure:6854: gcc -c -fsanitize=address -g  conftest.c >&5
configure:6857: $? = 0
configure:6861: /usr/bin/nm -B conftest.o | /usr/bin/sed -n -e 's/^.*[	 ]\([ABCDGIRSTW][ABCDGIRSTW]*\)[	 ][	 ]*\([_A-Za-z][_A-Za-z0-9]*\)$/\1 \2 \2/p' | /usr/bin/sed '/ __gnu_lto/d' > conftest.nm
configure:6927: gcc -o conftest -fsanitize=address -g   conftest.c conftstm.o >&5
configure:6930: $? = 0
configure:6968: result: ok
configure:7015: checking for sysroot
configure:7046: result: no
configure:7053: checking for a working dd
configure:7097: result: /usr/bin/dd
configure:7101: checking how to truncate binary pipes
configure:7117: result: /usr/bin/dd bs=4096 count=1
configure:7254: gcc -c -fsanitize=address -g  conftest.c >&5
configure:7257: $? = 0
configure:7454: checking for mt
configure:7475: found /usr/bin/mt
configure:7486: result: mt
configure:7509: checking if mt is a manifest tool
configure:7516: mt '-?'
configure:7524: result: no
configure:8249: checking for stdio.h
configure:8249: gcc -c -fsanitize=address -g  conftest.c >&5
configure:8249: $? = 0
configure:8249: result: yes
configure:8249: checking for stdlib.h
configure:8249: gcc -c -fsanitize=address -g  conftest.c >&5
configure:8249: $? = 0
configure:8249: result: yes
configure:8249: checking for string.h
configure:8249: gcc -c -fsanitize=address -g  conftest.c >&5
configure:8249: $? = 0
configure:8249: result: yes
configure:8249: checking for inttypes.h
configure:8249: gcc -c -fsanitize=address -g  conftest.c >&5
configure:8249: $? = 0
configure:8249: result: yes
configure:8249: checking for stdint.h
configure:8249: gcc -c -fsanitize=address -g  conftest.c >&5
configure:8249: $? = 0
configure:8249: result: yes
configure:8249: checking for strings.h
configure:8249: gcc -c -fsanitize=address -g  conftest.c >&5
configure:8249: $? = 0
configure:8249: result: yes
configure:8249: checking for sys/stat.h
configure:8249: gcc -c -fsanitize=address -g  conftest.c >&5
configure:8249: $? = 0
configure:8249: result: yes
configure:8249: checking for sys/types.h
configure:8249: gcc -c -fsanitize=address -g  conftest.c >&5
configure:8249: $? = 0
configure:8249: result: yes
configure:8249: checking for unistd.h
configure:8249: gcc -c -fsanitize=address -g  conftest.c >&5
configure:8249: $? = 0
configure:8249: result: yes
configure:8274: checking for dlfcn.h
configure:8274: gcc -c -fsanitize=address -g  conftest.c >&5
configure:8274: $? = 0
configure:8274: result: yes
configure:8532: checking for objdir
configure:8548: result: .libs
configure:8812: checking if gcc supports -fno-rtti -fno-exceptions
configure:8831: gcc -c -fsanitize=address -g  -fno-rtti -fno-exceptions conftest.c >&5
cc1: warning: command-line option '-fno-rtti' is valid for C++/D/ObjC++ but not for C
configure:8835: $? = 0
configure:8848: result: no
configure:9212: checking for gcc option to produce PIC
configure:9220: result: -fPIC -DPIC
configure:9228: checking if gcc PIC flag -fPIC -DPIC works
configure:9247: gcc -c -fsanitize=address -g  -fPIC -DPIC -DPIC conftest.c >&5
configure:9251: $? = 0
configure:9264: result: yes
configure:9293: checking if gcc static flag -static works
configure:9322: result: no
configure:9337: checking if gcc supports -c -o file.o
configure:9359: gcc -c -fsanitize=address -g  -o out/conftest2.o conftest.c >&5
configure:9363: $? = 0
configure:9385: result: yes
configure:9393: checking if gcc supports -c -o file.o
configure:9441: result: yes
configure:9474: checking whether the gcc linker (/usr/bin/ld -m elf_x86_64) supports shared libraries
configure:10748: result: yes
configure:10785: checking whether -lc should be explicitly linked in
configure:10794: gcc -c -fsanitize=address -g  conftest.c >&5
configure:10797: $? = 0
configure:10812: gcc -shared  -fPIC -DPIC conftest.o  -v -Wl,-soname -Wl,conftest -o conftest 2\>\&1 \| /usr/bin/grep  -lc  \>/dev/null 2\>\&1
configure:10815: $? = 0
configure:10829: result: no
configure:10989: checking dynamic linker characteristics
configure:11571: gcc -o conftest -fsanitize=address -g   -Wl,-rpath -Wl,/foo conftest.c  >&5
configure:11571: $? = 0
configure:11822: result: GNU/Linux ld.so
configure:11944: checking how to hardcode library paths into programs
configure:11969: result: immediate
configure:12071: checking for shl_load
configure:12071: gcc -o conftest -fsanitize=address -g   conftest.c  >&5
/usr/bin/ld: /tmp/ccGUu6Zo.o: in function `main':
/home/nils/Dokumente/ASPA+/NIST-BGP-SRx/srx-server/conftest.c:50:(.text+0xe): undefined reference to `shl_load'
collect2: error: ld returned 1 exit status
configure:12071: $? = 1
configure: failed program was:
| /* confdefs.h */
| #define PACKAGE_NAME "SRx"
| #define PACKAGE_TARNAME "srx"
| #define PACKAGE_VERSION "0.6.2.1"
| #define PACKAGE_STRING "SRx 0.6.2.1"
| #define PACKAGE_BUGREPORT "itrg-contact@list.nist.gov"
| #define PACKAGE_URL "https://www.nist.gov/services-resources/software/bgp-secure-routing-extension-bgp-srx-prototype"
| #define PACKAGE "srx"
| #define VERSION "0.6.2.1"
| #define HAVE_STDIO_H 1
| #define HAVE_STDLIB_H 1
| #define HAVE_STRING_H 1
| #define HAVE_INTTYPES_H 1
| #define HAVE_STDINT_H 1
| #define HAVE_STRINGS_H 1
| #define HAVE_SYS_STAT_H 1
| #define HAVE_SYS_TYPES_H 1
| #define HAVE_UNISTD_H 1
| #define STDC_HEADERS 1
| #define HAVE_DLFCN_H 1
| #define LT_OBJDIR ".libs/"
| /* end confdefs.h.  */
| /* Define shl_load to an innocuous variant, in case <limits.h> declares shl_load.
|    For example, HP-UX 11i <limits.h> declares gettimeofday.  */
| #define shl_load innocuous_shl_load
| 
| /* System header to define __stub macros and hopefully few prototypes,
|    which can conflict with char shl_load (); below.  */
| 
| #include <limits.h>
| #undef shl_load
| 
| /* Override any GCC internal prototype to avoid an error.
|    Use char because int might match the return type of a GCC
|    builtin and then its argument prototype would still apply.  */
| #ifdef __cplusplus
| extern "C"
| #endif
| char shl_load ();
| /* The GNU C library defines this for functions which it implements
|     to always fail with ENOSYS.  Some functions are actually named
|     something starting with __ and the normal name is an alias.  */
| #if defined __stub_shl_load || defined __stub___shl_load
| choke me
| #endif
| 
| int
| main (void)
| {
| return shl_load ();
|   ;
|   return 0;
| }
configure:12071: result: no
configure:12076: checking for shl_load in -ldld
configure:12099: gcc -o conftest -fsanitize=address -g   conftest.c -ldld   >&5
/usr/bin/ld: cannot find -ldld: No such file or directory
collect2: error: ld returned 1 exit status
configure:12099: $? = 1
configure: failed program was:
| /* confdefs.h */
| #define PACKAGE_NAME "SRx"
| #define PACKAGE_TARNAME "srx"
| #define PACKAGE_VERSION "0.6.2.1"
| #define PACKAGE_STRING "SRx 0.6.2.1"
| #define PACKAGE_BUGREPORT "itrg-contact@list.nist.gov"
| #define PACKAGE_URL "https://www.nist.gov/services-resources/software/bgp-secure-routing-extension-bgp-srx-prototype"
| #define PACKAGE "srx"
| #define VERSION "0.6.2.1"
| #define HAVE_STDIO_H 1
| #define HAVE_STDLIB_H 1
| #define HAVE_STRING_H 1
| #define HAVE_INTTYPES_H 1
| #define HAVE_STDINT_H 1
| #define HAVE_STRINGS_H 1
| #define HAVE_SYS_STAT_H 1
| #define HAVE_SYS_TYPES_H 1
| #define HAVE_UNISTD_H 1
| #define STDC_HEADERS 1
| #define HAVE_DLFCN_H 1
| #define LT_OBJDIR ".libs/"
| /* end confdefs.h.  */
| 
| /* Override any GCC internal prototype to avoid an error.
|    Use char because int might match the return type of a GCC
|    builtin and then its argument prototype would still apply.  */
| char shl_load ();
| int
| main (void)
| {
| return shl_load ();
|   ;
|   return 0;
| }
configure:12109: result: no
configure:12115: checking for dlopen
configure:12115: gcc -o conftest -fsanitize=address -g   conftest.c  >&5
configure:12115: $? = 0
configure:12115: result: yes
configure:12273: checking whether a program can dlopen itself
configure:12354: gcc -o conftest -fsanitize=address -g  -DHAVE_DLFCN_H  -Wl,--export-dynamic conftest.c   >&5
configure:12357: $? = 0
configure:12375: result: yes
configure:12380: checking whether a statically linked program can dlopen itself
configure:12461: gcc -o conftest -fsanitize=address -g  -DHAVE_DLFCN_H  -Wl,--export-dynamic  conftest.c   >&5
configure:12464: $? = 0
configure:12482: result: yes
configure:12521: checking whether stripping libraries is possible
configure:12530: result: yes
configure:12572: checking if libtool supports shared libraries
configure:12574: result: yes
configure:12577: checking whether to build shared libraries
configure:12602: result: yes
configure:12605: checking whether to build static libraries
configure:12609: result: yes
configure:12791: checking that generated files are newer than configure
configure:12797: result: done
configure:12820: creating ./config.status

## ---------------- ##
## Cache variables. ##
## ---------------- ##

ac_cv_build=x86_64-pc-linux-gnu
ac_cv_c_compiler_gnu=yes
ac_cv_env_CC_set=
ac_cv_env_CC_value=
ac_cv_env_CFLAGS_set=set
ac_cv_env_CFLAGS_value='-fsanitize=address -g'
ac_cv_env_CPPFLAGS_set=
ac_cv_env_CPPFLAGS_value=
ac_cv_env_LDFLAGS_set=
ac_cv_env_LDFLAGS_value=
ac_cv_env_LIBS_set=
ac_cv_env_LIBS_value=
ac_cv_env_LT_SYS_LIBRARY_PATH_set=
ac_cv_env_LT_SYS_LIBRARY_PATH_value=
ac_cv_env_build_alias_set=
ac_cv_env_build_alias_value=
ac_cv_env_host_alias_set=
ac_cv_env_host_alias_value=
ac_cv_env_target_alias_set=
ac_cv_env_target_alias_value=
ac_cv_func_dlopen=yes
ac_cv_func_shl_load=no
ac_cv_header_dlfcn_h=yes
ac_cv_header_inttypes_h=yes
ac_cv_header_stdint_h=yes
ac_cv_header_stdio_h=yes
ac_cv_header_stdlib_h=yes
ac_cv_header_string_h=yes
ac_cv_header_strings_h=yes
ac_cv_header_sys_stat_h=yes
ac_cv_header_sys_types_h=yes
ac_cv_header_unistd_h=yes
ac_cv_host=x86_64-pc-linux-gnu
ac_cv_lib_dld_shl_load=no
ac_cv_objext=o
ac_cv_path_EGREP='/usr/bin/grep -E'
ac_cv_path_FGREP='/usr/bin/grep -F'
ac_cv_path_GREP=/usr/bin/grep
ac_cv_path_SED=/usr/bin/sed
ac_cv_path_install='/usr/bin/install -c'
ac_cv_path_lt_DD=/usr/bin/dd
ac_cv_path_mkdir=/usr/bin/mkdir
ac_cv_prog_AWK=mawk
ac_cv_prog_PATCH=yes
ac_cv_prog_ac_ct_AR=ar
ac_cv_prog_ac_ct_CC=gcc
ac_cv_prog_ac_ct_FILECMD=file
ac_cv_prog_ac_ct_MANIFEST_TOOL=mt
ac_cv_prog_ac_ct_OBJDUMP=objdump
ac_cv_prog_ac_ct_RANLIB=ranlib
ac_cv_prog_ac_ct_STRIP=strip
ac_cv_prog_cc_c11=
ac_cv_prog_cc_g=yes
ac_cv_prog_cc_stdc=
ac_cv_prog_make_make_set=yes
am_cv_CC_dependencies_compiler_type=none
am_cv_make_support_nested_variables=yes
am_cv_prog_cc_c_o=yes
lt_cv_ar_at_file=@
lt_cv_archive_cmds_need_lc=no
lt_cv_deplibs_check_method=pass_all
lt_cv_dlopen=dlopen
lt_cv_dlopen_libs=
lt_cv_dlopen_self=yes
lt_cv_dlopen_self_static=yes
lt_cv_file_magic_cmd='$MAGIC_CMD'
lt_cv_file_magic_test_file=
lt_cv_ld_reload_flag=-r
lt_cv_nm_interface='BSD nm'
lt_cv_objdir=.libs
lt_cv_path_LD=/usr/bin/ld
lt_cv_path_NM='/usr/bin/nm -B'
lt_cv_path_mainfest_tool=no
lt_cv_prog_compiler_c_o=yes
lt_cv_prog_compiler_pic='-fPIC -DPIC'
lt_cv_prog_compiler_pic_works=yes
lt_cv_prog_compiler_rtti_exceptions=no
lt_cv_prog_compiler_static_works=no
lt_cv_prog_gnu_ld=yes
lt_cv_sharedlib_from_linklib_cmd='printf %s\n'
lt_cv_shlibpath_overrides_runpath=yes
lt_cv_sys_global_symbol_pipe='/usr/bin/sed -n -e '\''s/^.*[	 ]\([ABCDGIRSTW][ABCDGIRSTW]*\)[	 ][	 ]*\([_A-Za-z][_A-Za-z0-9]*\)$/\1 \2 \2/p'\'' | /usr/bin/sed '\''/ __gnu_lto/d'\'''
lt_cv_sys_global_symbol_to_c_name_address='/usr/bin/sed -n -e '\''s/^: \(.*\) .*$/  {"\1", (void *) 0},/p'\'' -e '\''s/^[ABCDGIRSTW][ABCDGIRSTW]* .* \(.*\)$/  {"\1", (void *) \&\1},/p'\'''
lt_cv_sys_global_symbol_to_c_name_address_lib_prefix='/usr/bin/sed -n -e '\''s/^: \(.*\) .*$/  {"\1", (void *) 0},/p'\'' -e '\''s/^[ABCDGIRSTW][ABCDGIRSTW]* .* \(lib.*\)$/  {"\1", (void *) \&\1},/p'\'' -e '\''s/^[ABCDGIRSTW][ABCDGIRSTW]* .* \(.*\)$/  {"lib\1", (void *) \&\1},/p'\'''
lt_cv_sys_global_symbol_to_cdecl='/usr/bin/sed -n -e '\''s/^T .* \(.*\)$/extern int \1();/p'\'' -e '\''s/^[ABCDGIRSTW][ABCDGIRSTW]* .* \(.*\)$/extern char \1;/p'\'''
lt_cv_sys_global_symbol_to_import=
lt_cv_sys_max_cmd_len=1572864
lt_cv_to_host_file_cmd=func_convert_file_noop
lt_cv_to_tool_file_cmd=func_convert_file_noop
lt_cv_truncate_bin='/usr/bin/dd bs=4096 count=1'

## ----------------- ##
## Output variables. ##
## ----------------- ##

ACLOCAL='${SHELL} '\''/home/nils/Dokumente/ASPA+/NIST-BGP-SRx/srx-server/missing'\'' aclocal-1.16'
AMDEPBACKSLASH='\'
AMDEP_FALSE='#'
AMDEP_TRUE=''
AMTAR='$${TAR-tar}'
AM_BACKSLASH='\'
AM_DEFAULT_V='$(AM_DEFAULT_VERBOSITY)'
AM_DEFAULT_VERBOSITY='1'
AM_V='$(V)'
AR='ar'
AUTOCONF='${SHELL} '\''/home/nils/Dokumente/ASPA+/NIST-BGP-SRx/srx-server/missing'\'' autoconf'
AUTOHEADER='${SHELL} '\''/home/nils/Dokumente/ASPA+/NIST-BGP-SRx/srx-server/missing'\'' autoheader'
AUTOMAKE='${SHELL} '\''/home/nils/Dokumente/ASPA+/NIST-BGP-SRx/srx-server/missing'\'' automake-1.16'
AWK='mawk'
CC='gcc'
CCDEPMODE='depmode=none'
CFLAGS='-fsanitize=address -g'
CPPFLAGS=''
CSCOPE='cscope'
CTAGS='ctags'
CYGPATH_W='echo'
DEFS='-DPACKAGE_NAME=\"SRx\" -DPACKAGE_TARNAME=\"srx\" -DPACKAGE_VERSION=\"0.6.2.1\" -DPACKAGE_STRING=\"SRx\ 0.6.2.1\" -DPACKAGE_BUGREPORT=\"itrg-contact@list.nist.gov\" -DPACKAGE_URL=\"https://www.nist.gov/services-resources/software/bgp-secure-routing-extension-bgp-srx-prototype\" -DPACKAGE=\"srx\" -DVERSION=\"0.6.2.1\" -DHAVE_STDIO_H=1 -DHAVE_STDLIB_H=1 -DHAVE_STRING_H=1 -DHAVE_INTTYPES_H=1 -DHAVE_STDINT_H=1 -DHAVE_STRINGS_H=1 -DHAVE_SYS_STAT_H=1 -DHAVE_SYS_TYPES_H=1 -DHAVE_UNISTD_H=1 -DSTDC_HEADERS=1 -DHAVE_DLFCN_H=1 -DLT_OBJDIR=\".libs/\"'
DEPDIR='.deps'
DLLTOOL='false'
DSYMUTIL=''
DUMPBIN=''
ECHO_C=''
ECHO_N='-n'
ECHO_T=''
EGREP='/usr/bin/grep -E'
ETAGS='etags'
EXEEXT=''
FGREP='/usr/bin/grep -F'
FILECMD='file'
GREP='/usr/bin/grep'
INSTALL_DATA='${INSTALL} -m 644'
INSTALL_PROGRAM='${INSTALL}'
INSTALL_SCRIPT='${INSTALL}'
INSTALL_STRIP_PROGRAM='$(install_sh) -c -s'
LD='/usr/bin/ld -m elf_x86_64'
LDFLAGS=''
LIBOBJS=''
LIBS=''
LIBTOOL='$(SHELL) $(top_builddir)/libtool'
LIPO=''
LN_S='ln -s'
LTLIBOBJS=''
LT_SYS_LIBRARY_PATH=''
MAKEINFO='${SHELL} '\''/home/nils/Dokumente/ASPA+/NIST-BGP-SRx/srx-server/missing'\'' makeinfo'
MANIFEST_TOOL=':'
MKDIR_P='/usr/bin/mkdir -p'
NM='/usr/bin/nm -B'
NMEDIT=''
OBJDUMP='objdump'
OBJEXT='o'
OTOOL64=''
OTOOL=''
PACKAGE='srx'
PACKAGE_BUGREPORT='itrg-contact@list.nist.gov'
PACKAGE_NAME='SRx'
PACKAGE_STRING='SRx 0.6.2.1'
PACKAGE_TARNAME='srx'
PACKAGE_URL='https://www.nist.gov/services-resources/software/bgp-secure-routing-extension-bgp-srx-prototype'
PACKAGE_VERSION='0.6.2.1'
PATCH='yes'
PATH_SEPARATOR=':'
RANLIB='ranlib'
SED='/usr/bin/sed'
SET_MAKE=''
SHELL='/bin/bash'
STRIP='strip'
VERSION='0.6.2.1'
ac_ct_AR='ar'
ac_ct_CC='gcc'
ac_ct_DUMPBIN=''
am__EXEEXT_FALSE=''
am__EXEEXT_TRUE='#'
am__fastdepCC_FALSE=''
am__fastdepCC_TRUE='#'
am__include='include'
am__isrc=''
am__leading_dot='.'
am__nodep='_no'
am__quote=''
am__tar='$${TAR-tar} chof - "$$tardir"'
am__untar='$${TAR-tar} xf -'
bindir='${exec_prefix}/bin'
build='x86_64-pc-linux-gnu'
build_alias=''
build_cpu='x86_64'
build_os='linux-gnu'
build_vendor='pc'
datadir='${datarootdir}'
datarootdir='${prefix}/share'
docdir='${datarootdir}/doc/${PACKAGE_TARNAME}'
dvidir='${docdir}'
exec_prefix='${prefix}'
host='x86_64-pc-linux-gnu'
host_alias=''
host_cpu='x86_64'
host_os='linux-gnu'
host_vendor='pc'
htmldir='${docdir}'
includedir='${prefix}/include'
infodir='${datarootdir}/info'
install_sh='${SHELL} /home/nils/Dokumente/ASPA+/NIST-BGP-SRx/srx-server/install-sh'
libdir='${exec_prefix}/lib'
libexecdir='${exec_prefix}/libexec'
localedir='${datarootdir}/locale'
localstatedir='${prefix}/var'
mandir='${datarootdir}/man'
mkdir_p='$(MKDIR_P)'
oldincludedir='/usr/include'
pdfdir='${docdir}'
prefix='/usr/local'
program_transform_name='s,x,x,'
psdir='${docdir}'
runstatedir='${localstatedir}/run'
sbindir='${exec_prefix}/sbin'
sharedstatedir='${prefix}/com'
subdirs=' src'
sysconfdir='${prefix}/etc'
target_alias=''

## ----------- ##
## confdefs.h. ##
## ----------- ##

/* confdefs.h */
#define PACKAGE_NAME "SRx"
#define PACKAGE_TARNAME "srx"
#define PACKAGE_VERSION "0.6.2.1"
#define PACKAGE_STRING "SRx 0.6.2.1"
#define PACKAGE_BUGREPORT "itrg-contact@list.nist.gov"
#define PACKAGE_URL "https://www.nist.gov/services-resources/software/bgp-secure-routing-extension-bgp-srx-prototype"
#define PACKAGE "srx"
#define VERSION "0.6.2.1"
#define HAVE_STDIO_H 1
#define HAVE_STDLIB_H 1
#define HAVE_STRING_H 1
#define HAVE_INTTYPES_H 1
#define HAVE_STDINT_H 1
#define HAVE_STRINGS_H 1
#define HAVE_SYS_STAT_H 1
#define HAVE_SYS_TYPES_H 1
#define HAVE_UNISTD_H 1
#define STDC_HEADERS 1
#define HAVE_DLFCN_H 1
#define LT_OBJDIR ".libs/"

configure: exit 0

## ---------------------- ##
## Running config.status. ##
## ---------------------- ##

This file was extended by SRx config.status 0.6.2.1, which was
generated by GNU Autoconf 2.71.  Invocation command line was

  CONFIG_FILES    = 
  CONFIG_HEADERS  = 
  CONFIG_LINKS    = 
  CONFIG_COMMANDS = 
  $ ./config.status 

on nils

config.status:1008: creating Makefile
config.status:1180: executing depfiles commands
config.status:1180: executing libtool commands
